{"level":"info","message":"Server Running on Port : 3001","timestamp":"2024-08-04T03:36:44.643Z"}
{"level":"info","message":"Server Running on Port : 3001","timestamp":"2024-08-04T03:39:51.917Z"}
{"level":"info","message":"Server Running on Port : 3001","timestamp":"2024-08-04T03:39:59.213Z"}
{"level":"info","message":"Server Running on Port : 3001","timestamp":"2024-08-04T03:41:06.684Z"}
{"level":"info","message":"Starting a mysql pool with 13 connections.","target":"quaint::pooled","timestamp":"2024-08-04T03:42:03.637Z"}
{"level":"info","message":{"duration":36,"params":"[\"200103093\",1,0]","query":"SELECT `umri-teknik-industri`.`Mahasiswa`.`id`, `umri-teknik-industri`.`Mahasiswa`.`nama`, `umri-teknik-industri`.`Mahasiswa`.`nim`, `umri-teknik-industri`.`Mahasiswa`.`no_hp`, `umri-teknik-industri`.`Mahasiswa`.`pembimbing_akademik`, `umri-teknik-industri`.`Mahasiswa`.`username`, `umri-teknik-industri`.`Mahasiswa`.`password`, `umri-teknik-industri`.`Mahasiswa`.`email`, `umri-teknik-industri`.`Mahasiswa`.`status`, `umri-teknik-industri`.`Mahasiswa`.`remember_token`, `umri-teknik-industri`.`Mahasiswa`.`created_at`, `umri-teknik-industri`.`Mahasiswa`.`update_at` FROM `umri-teknik-industri`.`Mahasiswa` WHERE `umri-teknik-industri`.`Mahasiswa`.`username` = ? LIMIT ? OFFSET ?","target":"quaint::connector::metrics","timestamp":"2024-08-04T03:42:03.707Z"},"timestamp":"2024-08-04T03:42:03.707Z"}
{"level":"info","message":{"duration":0,"params":"[\"200103093\",1,0]","query":"SELECT `umri-teknik-industri`.`Mahasiswa`.`id`, `umri-teknik-industri`.`Mahasiswa`.`nama`, `umri-teknik-industri`.`Mahasiswa`.`nim`, `umri-teknik-industri`.`Mahasiswa`.`no_hp`, `umri-teknik-industri`.`Mahasiswa`.`pembimbing_akademik`, `umri-teknik-industri`.`Mahasiswa`.`username`, `umri-teknik-industri`.`Mahasiswa`.`password`, `umri-teknik-industri`.`Mahasiswa`.`email`, `umri-teknik-industri`.`Mahasiswa`.`status`, `umri-teknik-industri`.`Mahasiswa`.`remember_token`, `umri-teknik-industri`.`Mahasiswa`.`created_at`, `umri-teknik-industri`.`Mahasiswa`.`update_at` FROM `umri-teknik-industri`.`Mahasiswa` WHERE `umri-teknik-industri`.`Mahasiswa`.`username` = ? LIMIT ? OFFSET ?","target":"quaint::connector::metrics","timestamp":"2024-08-04T03:42:09.773Z"},"timestamp":"2024-08-04T03:42:09.774Z"}
{"level":"info","message":{"duration":0,"params":"[\"200103093\"]","query":"SELECT COUNT(*) FROM (SELECT `umri-teknik-industri`.`Mahasiswa`.`id` FROM `umri-teknik-industri`.`Mahasiswa` WHERE `umri-teknik-industri`.`Mahasiswa`.`username` = ?) AS `sub`","target":"quaint::connector::metrics","timestamp":"2024-08-04T03:42:13.002Z"},"timestamp":"2024-08-04T03:42:13.002Z"}
{"level":"info","message":"Server Running on Port : 3001","timestamp":"2024-08-04T03:42:22.608Z"}
{"level":"info","message":"Server Running on Port : 3001","timestamp":"2024-08-04T03:42:28.066Z"}
{"level":"info","message":"Server Running on Port : 3001","timestamp":"2024-08-04T03:42:54.499Z"}
{"level":"info","message":"Server Running on Port : 3001","timestamp":"2024-08-04T03:43:10.379Z"}
{"level":"info","message":"Server Running on Port : 3001","timestamp":"2024-08-04T03:43:24.762Z"}
{"level":"info","message":"Server Running on Port : 3001","timestamp":"2024-08-04T03:43:38.782Z"}
{"level":"info","message":"Server Running on Port : 3001","timestamp":"2024-08-04T03:44:11.328Z"}
{"level":"info","message":"Server Running on Port : 3001","timestamp":"2024-08-04T03:44:52.643Z"}
{"level":"info","message":"Server Running on Port : 3001","timestamp":"2024-08-04T03:45:24.514Z"}
{"level":"info","message":"Server Running on Port : 3001","timestamp":"2024-08-04T03:45:27.532Z"}
{"level":"info","message":"Server Running on Port : 3001","timestamp":"2024-08-04T03:46:33.622Z"}
{"level":"info","message":"Server Running on Port : 3001","timestamp":"2024-08-04T03:46:46.793Z"}
{"level":"info","message":"Server Running on Port : 3001","timestamp":"2024-08-04T03:47:33.083Z"}
{"level":"info","message":"Server Running on Port : 3001","timestamp":"2024-08-04T03:47:41.989Z"}
{"level":"info","message":"Server Running on Port : 3001","timestamp":"2024-08-04T03:47:44.873Z"}
{"level":"info","message":"Server Running on Port : 3001","timestamp":"2024-08-04T03:47:58.807Z"}
{"level":"info","message":"Server Running on Port : 3001","timestamp":"2024-08-04T03:48:34.678Z"}
{"level":"info","message":"Server Running on Port : 3001","timestamp":"2024-08-04T03:49:00.490Z"}
{"level":"info","message":"Server Running on Port : 3001","timestamp":"2024-08-04T03:49:02.561Z"}
{"level":"info","message":"Server Running on Port : 3001","timestamp":"2024-08-04T03:50:27.362Z"}
{"level":"info","message":"Server Running on Port : 3001","timestamp":"2024-08-04T03:51:00.496Z"}
{"level":"info","message":"Server Running on Port : 3001","timestamp":"2024-08-04T03:51:22.233Z"}
{"level":"info","message":"Server Running on Port : 3001","timestamp":"2024-08-04T03:51:28.049Z"}
{"level":"info","message":"Starting a mysql pool with 13 connections.","target":"quaint::pooled","timestamp":"2024-08-04T03:51:35.514Z"}
{"level":"info","message":{"duration":1,"params":"[\"1234123412345\"]","query":"SELECT COUNT(*) FROM (SELECT `umri-teknik-industri`.`Kordinator`.`id` FROM `umri-teknik-industri`.`Kordinator` WHERE `umri-teknik-industri`.`Kordinator`.`username` = ?) AS `sub`","target":"quaint::connector::metrics","timestamp":"2024-08-04T03:51:35.522Z"},"timestamp":"2024-08-04T03:51:35.522Z"}
{"level":"info","message":"Server Running on Port : 3001","timestamp":"2024-08-04T03:51:44.704Z"}
{"level":"info","message":"Server Running on Port : 3001","timestamp":"2024-08-04T03:52:30.900Z"}
{"level":"info","message":"Server Running on Port : 3001","timestamp":"2024-08-04T03:52:36.234Z"}
{"level":"info","message":"Server Running on Port : 3001","timestamp":"2024-08-04T03:52:46.912Z"}
{"level":"info","message":"Server Running on Port : 3001","timestamp":"2024-08-04T03:53:46.294Z"}
{"level":"info","message":"Server Running on Port : 3001","timestamp":"2024-08-04T03:54:14.516Z"}
{"level":"info","message":"Server Running on Port : 3001","timestamp":"2024-08-04T03:54:21.204Z"}
{"level":"info","message":"Server Running on Port : 3001","timestamp":"2024-08-04T03:54:22.968Z"}
{"level":"info","message":"Server Running on Port : 3001","timestamp":"2024-08-04T03:54:31.575Z"}
{"level":"info","message":"Server Running on Port : 3001","timestamp":"2024-08-04T03:56:24.817Z"}
{"level":"info","message":"Starting a mysql pool with 13 connections.","target":"quaint::pooled","timestamp":"2024-08-04T03:57:29.169Z"}
{"level":"info","message":{"duration":3,"params":"[\"1234123412345\"]","query":"SELECT COUNT(*) FROM (SELECT `umri-teknik-industri`.`Pembimbing`.`id` FROM `umri-teknik-industri`.`Pembimbing` WHERE `umri-teknik-industri`.`Pembimbing`.`username` = ?) AS `sub`","target":"quaint::connector::metrics","timestamp":"2024-08-04T03:57:29.180Z"},"timestamp":"2024-08-04T03:57:29.180Z"}
{"level":"error","message":"\nInvalid `prisma.pembimbing.create()` invocation:\n\n{\n  data: {\n    nama: \"testing\",\n    no_hp: \"123412341234\",\n    nidn: \"1234123412345\",\n    jabatan: \"kaprodi\",\n    password: \"$2b$10$jYBPUIQgjLfJIov9TTCPLeLya3Vm8vCgVTDrzxx/ee7eiPaDgC.3e\",\n    email: \"example@gmail.com\",\n    secret: \"UMRIHEBAT123\",\n    ~~~~~~\n    id: \"ca0dc439-f8f4-453c-b17f-e1554500be3b\",\n    username: \"1234123412345\",\n    status: \"active\",\n    remember_token: \"\",\n?   created_at?: DateTime,\n?   update_at?: DateTime,\n?   tugas_akhir_disetujui_pembimbing_satu?: TugasAkhirDisetujuiCreateNestedManyWithoutPembimbing_satuInput,\n?   tugas_akhir_disetujui_pembimbing_dua?: TugasAkhirDisetujuiCreateNestedManyWithoutPembimbing_duaInput\n  },\n  select: {\n    id: true,\n    username: true,\n    created_at: true\n  }\n}\n\nUnknown argument `secret`. Available options are marked with ?.","target":"pembimbing.create","timestamp":"2024-08-04T03:57:29.243Z"}
{"level":"error","message":"\nInvalid `prisma.pembimbing.create()` invocation:\n\n{\n  data: {\n    nama: \"testing\",\n    no_hp: \"123412341234\",\n    nidn: \"1234123412345\",\n    jabatan: \"kaprodi\",\n    password: \"$2b$10$jYBPUIQgjLfJIov9TTCPLeLya3Vm8vCgVTDrzxx/ee7eiPaDgC.3e\",\n    email: \"example@gmail.com\",\n    secret: \"UMRIHEBAT123\",\n    ~~~~~~\n    id: \"ca0dc439-f8f4-453c-b17f-e1554500be3b\",\n    username: \"1234123412345\",\n    status: \"active\",\n    remember_token: \"\",\n?   created_at?: DateTime,\n?   update_at?: DateTime,\n?   tugas_akhir_disetujui_pembimbing_satu?: TugasAkhirDisetujuiCreateNestedManyWithoutPembimbing_satuInput,\n?   tugas_akhir_disetujui_pembimbing_dua?: TugasAkhirDisetujuiCreateNestedManyWithoutPembimbing_duaInput\n  },\n  select: {\n    id: true,\n    username: true,\n    created_at: true\n  }\n}\n\nUnknown argument `secret`. Available options are marked with ?.","timestamp":"2024-08-04T03:57:29.244Z"}
{"level":"info","message":"Server Running on Port : 3001","timestamp":"2024-08-04T03:58:26.323Z"}
{"level":"info","message":"Server Running on Port : 3001","timestamp":"2024-08-04T03:59:00.842Z"}
{"level":"info","message":"Server Running on Port : 3001","timestamp":"2024-08-04T03:59:02.341Z"}
{"level":"info","message":"Starting a mysql pool with 13 connections.","target":"quaint::pooled","timestamp":"2024-08-04T03:59:07.311Z"}
{"level":"info","message":{"duration":0,"params":"[\"123412341234\",1,0]","query":"SELECT `umri-teknik-industri`.`Kordinator`.`id`, `umri-teknik-industri`.`Kordinator`.`nama`, `umri-teknik-industri`.`Kordinator`.`no_hp`, `umri-teknik-industri`.`Kordinator`.`nidn`, `umri-teknik-industri`.`Kordinator`.`jabatan`, `umri-teknik-industri`.`Kordinator`.`username`, `umri-teknik-industri`.`Kordinator`.`password`, `umri-teknik-industri`.`Kordinator`.`email`, `umri-teknik-industri`.`Kordinator`.`status`, `umri-teknik-industri`.`Kordinator`.`remember_token`, `umri-teknik-industri`.`Kordinator`.`created_at`, `umri-teknik-industri`.`Kordinator`.`update_at` FROM `umri-teknik-industri`.`Kordinator` WHERE `umri-teknik-industri`.`Kordinator`.`username` = ? LIMIT ? OFFSET ?","target":"quaint::connector::metrics","timestamp":"2024-08-04T03:59:07.317Z"},"timestamp":"2024-08-04T03:59:07.317Z"}
{"level":"info","message":{"duration":0,"params":"[]","query":"BEGIN","target":"quaint::connector::metrics","timestamp":"2024-08-04T03:59:07.380Z"},"timestamp":"2024-08-04T03:59:07.380Z"}
{"level":"info","message":{"duration":0,"params":"[\"466f5b35-4ebd-4742-8310-e160e9fe8796\"]","query":"SELECT `umri-teknik-industri`.`Kordinator`.`id` FROM `umri-teknik-industri`.`Kordinator` WHERE (`umri-teknik-industri`.`Kordinator`.`id` = ? AND 1=1)","target":"quaint::connector::metrics","timestamp":"2024-08-04T03:59:07.381Z"},"timestamp":"2024-08-04T03:59:07.381Z"}
{"level":"info","message":{"duration":0,"params":"[\"eyJhbGciOiJIUzI1NiIsInR5cCI6IkpXVCJ9.eyJpZCI6IjQ2NmY1YjM1LTRlYmQtNDc0Mi04MzEwLWUxNjBlOWZlODc5NiIsInJvbGUiOiJrb3JkaW5hdG9yIiwiaWF0IjoxNzIyNzQzOTQ3LCJleHAiOjE3MjMzNDg3NDd9.9eYtBqqcZRtz-V9vdZGGbjTUK6r_ZUAKiL78dLS5-DE\",\"2024-08-04 03:59:07.388 UTC\",\"466f5b35-4ebd-4742-8310-e160e9fe8796\",\"466f5b35-4ebd-4742-8310-e160e9fe8796\"]","query":"UPDATE `umri-teknik-industri`.`Kordinator` SET `remember_token` = ?, `update_at` = ? WHERE (`umri-teknik-industri`.`Kordinator`.`id` IN (?) AND (`umri-teknik-industri`.`Kordinator`.`id` = ? AND 1=1))","target":"quaint::connector::metrics","timestamp":"2024-08-04T03:59:07.382Z"},"timestamp":"2024-08-04T03:59:07.382Z"}
{"level":"info","message":{"duration":0,"params":"[\"466f5b35-4ebd-4742-8310-e160e9fe8796\",1,0]","query":"SELECT `umri-teknik-industri`.`Kordinator`.`id`, `umri-teknik-industri`.`Kordinator`.`nama`, `umri-teknik-industri`.`Kordinator`.`no_hp`, `umri-teknik-industri`.`Kordinator`.`nidn`, `umri-teknik-industri`.`Kordinator`.`jabatan`, `umri-teknik-industri`.`Kordinator`.`username`, `umri-teknik-industri`.`Kordinator`.`password`, `umri-teknik-industri`.`Kordinator`.`email`, `umri-teknik-industri`.`Kordinator`.`status`, `umri-teknik-industri`.`Kordinator`.`remember_token`, `umri-teknik-industri`.`Kordinator`.`created_at`, `umri-teknik-industri`.`Kordinator`.`update_at` FROM `umri-teknik-industri`.`Kordinator` WHERE `umri-teknik-industri`.`Kordinator`.`id` = ? LIMIT ? OFFSET ?","target":"quaint::connector::metrics","timestamp":"2024-08-04T03:59:07.383Z"},"timestamp":"2024-08-04T03:59:07.383Z"}
{"level":"info","message":{"duration":0,"params":"[]","query":"COMMIT","target":"quaint::connector::metrics","timestamp":"2024-08-04T03:59:07.384Z"},"timestamp":"2024-08-04T03:59:07.384Z"}
{"level":"info","message":{"duration":0,"params":"[]","query":"SELECT 1","target":"quaint::connector::metrics","timestamp":"2024-08-04T03:59:28.212Z"},"timestamp":"2024-08-04T03:59:28.212Z"}
{"level":"info","message":{"duration":0,"params":"[\"1234123412345\"]","query":"SELECT COUNT(*) FROM (SELECT `umri-teknik-industri`.`Pembimbing`.`id` FROM `umri-teknik-industri`.`Pembimbing` WHERE `umri-teknik-industri`.`Pembimbing`.`username` = ?) AS `sub`","target":"quaint::connector::metrics","timestamp":"2024-08-04T03:59:28.213Z"},"timestamp":"2024-08-04T03:59:28.213Z"}
{"level":"info","message":{"duration":0,"params":"[]","query":"BEGIN","target":"quaint::connector::metrics","timestamp":"2024-08-04T03:59:28.269Z"},"timestamp":"2024-08-04T03:59:28.269Z"}
{"level":"info","message":{"duration":0,"params":"[\"08ed1d3c-0f09-4666-8099-b0e6ba722f97\",\"testing\",\"123412341234\",\"1234123412345\",\"kaprodi\",\"1234123412345\",\"$2b$10$gNC2.pnvrA.z83jyL7Gea.pLfhO6eCeg5H3xKh3SiHATCLiZ8rfc.\",\"example@gmail.com\",\"active\",\"\",\"2024-08-04 03:59:28.279 UTC\",\"2024-08-04 03:59:28.279 UTC\"]","query":"INSERT INTO `umri-teknik-industri`.`Pembimbing` (`id`,`nama`,`no_hp`,`nidn`,`jabatan`,`username`,`password`,`email`,`status`,`remember_token`,`created_at`,`update_at`) VALUES (?,?,?,?,?,?,?,?,?,?,?,?)","target":"quaint::connector::metrics","timestamp":"2024-08-04T03:59:28.271Z"},"timestamp":"2024-08-04T03:59:28.271Z"}
{"level":"info","message":{"duration":0,"params":"[\"08ed1d3c-0f09-4666-8099-b0e6ba722f97\",1,0]","query":"SELECT `umri-teknik-industri`.`Pembimbing`.`id`, `umri-teknik-industri`.`Pembimbing`.`username`, `umri-teknik-industri`.`Pembimbing`.`created_at` FROM `umri-teknik-industri`.`Pembimbing` WHERE `umri-teknik-industri`.`Pembimbing`.`id` = ? LIMIT ? OFFSET ?","target":"quaint::connector::metrics","timestamp":"2024-08-04T03:59:28.271Z"},"timestamp":"2024-08-04T03:59:28.271Z"}
{"level":"info","message":{"duration":1,"params":"[]","query":"COMMIT","target":"quaint::connector::metrics","timestamp":"2024-08-04T03:59:28.272Z"},"timestamp":"2024-08-04T03:59:28.272Z"}
{"level":"info","message":{"duration":0,"params":"[\"1234123412345\"]","query":"SELECT COUNT(*) FROM (SELECT `umri-teknik-industri`.`Pembimbing`.`id` FROM `umri-teknik-industri`.`Pembimbing` WHERE `umri-teknik-industri`.`Pembimbing`.`username` = ?) AS `sub`","target":"quaint::connector::metrics","timestamp":"2024-08-04T03:59:30.185Z"},"timestamp":"2024-08-04T03:59:30.186Z"}
{"level":"info","message":"Server Running on Port : 3001","timestamp":"2024-08-04T04:53:44.263Z"}
{"level":"info","message":"Server Running on Port : 3001","timestamp":"2024-08-04T04:57:57.079Z"}
{"level":"info","message":"Server Running on Port : 3001","timestamp":"2024-08-04T04:58:48.720Z"}
{"level":"info","message":"Server Running on Port : 3001","timestamp":"2024-08-04T04:58:59.850Z"}
{"level":"info","message":"Server Running on Port : 3001","timestamp":"2024-08-04T04:59:05.028Z"}
{"level":"info","message":"Server Running on Port : 3001","timestamp":"2024-08-04T04:59:50.006Z"}
{"level":"info","message":"Server Running on Port : 3001","timestamp":"2024-08-04T05:00:15.904Z"}
{"level":"info","message":"Server Running on Port : 3001","timestamp":"2024-08-04T05:01:13.137Z"}
{"level":"info","message":"Server Running on Port : 3001","timestamp":"2024-08-04T05:02:35.385Z"}
{"level":"info","message":"Server Running on Port : 3001","timestamp":"2024-08-04T05:03:21.735Z"}
{"level":"info","message":"Server Running on Port : 3001","timestamp":"2024-08-04T05:03:22.430Z"}
{"level":"info","message":"Server Running on Port : 3001","timestamp":"2024-08-04T05:03:27.453Z"}
{"level":"info","message":"Server Running on Port : 3001","timestamp":"2024-08-04T05:03:56.634Z"}
{"level":"info","message":"Server Running on Port : 3001","timestamp":"2024-08-04T05:04:20.410Z"}
{"level":"info","message":"Server Running on Port : 3001","timestamp":"2024-08-04T05:05:01.671Z"}
{"level":"info","message":"Server Running on Port : 3001","timestamp":"2024-08-04T05:05:10.610Z"}
{"level":"info","message":"Server Running on Port : 3001","timestamp":"2024-08-04T05:05:47.886Z"}
{"level":"info","message":"Starting a mysql pool with 13 connections.","target":"quaint::pooled","timestamp":"2024-08-04T05:06:44.176Z"}
{"level":"error","message":"\nInvalid `prisma.pembimbing.findFirst()` invocation:\n\n{\n  username: \"aya\",\n  ~~~~~~~~\n? where?: PembimbingWhereInput,\n? orderBy?: PembimbingOrderByWithRelationInput[] | PembimbingOrderByWithRelationInput,\n? cursor?: PembimbingWhereUniqueInput,\n? take?: Int,\n? skip?: Int,\n? distinct?: PembimbingScalarFieldEnum | PembimbingScalarFieldEnum[]\n}\n\nUnknown argument `username`. Available options are marked with ?.","target":"pembimbing.findFirst","timestamp":"2024-08-04T05:06:44.186Z"}
{"level":"error","message":"\nInvalid `prisma.pembimbing.findFirst()` invocation:\n\n{\n  username: \"aya\",\n  ~~~~~~~~\n? where?: PembimbingWhereInput,\n? orderBy?: PembimbingOrderByWithRelationInput[] | PembimbingOrderByWithRelationInput,\n? cursor?: PembimbingWhereUniqueInput,\n? take?: Int,\n? skip?: Int,\n? distinct?: PembimbingScalarFieldEnum | PembimbingScalarFieldEnum[]\n}\n\nUnknown argument `username`. Available options are marked with ?.","timestamp":"2024-08-04T05:06:44.188Z"}
{"level":"info","message":"Server Running on Port : 3001","timestamp":"2024-08-04T05:07:25.904Z"}
{"level":"info","message":"Starting a mysql pool with 13 connections.","target":"quaint::pooled","timestamp":"2024-08-04T05:07:26.788Z"}
{"level":"info","message":{"duration":0,"params":"[\"aya\",1,0]","query":"SELECT `umri-teknik-industri`.`Pembimbing`.`id`, `umri-teknik-industri`.`Pembimbing`.`nama`, `umri-teknik-industri`.`Pembimbing`.`no_hp`, `umri-teknik-industri`.`Pembimbing`.`nidn`, `umri-teknik-industri`.`Pembimbing`.`jabatan`, `umri-teknik-industri`.`Pembimbing`.`username`, `umri-teknik-industri`.`Pembimbing`.`password`, `umri-teknik-industri`.`Pembimbing`.`email`, `umri-teknik-industri`.`Pembimbing`.`status`, `umri-teknik-industri`.`Pembimbing`.`remember_token`, `umri-teknik-industri`.`Pembimbing`.`created_at`, `umri-teknik-industri`.`Pembimbing`.`update_at` FROM `umri-teknik-industri`.`Pembimbing` WHERE `umri-teknik-industri`.`Pembimbing`.`username` = ? LIMIT ? OFFSET ?","target":"quaint::connector::metrics","timestamp":"2024-08-04T05:07:26.794Z"},"timestamp":"2024-08-04T05:07:26.794Z"}
{"level":"info","message":{"duration":0,"params":"[\"aya\",1,0]","query":"SELECT `umri-teknik-industri`.`Pembimbing`.`id`, `umri-teknik-industri`.`Pembimbing`.`nama`, `umri-teknik-industri`.`Pembimbing`.`no_hp`, `umri-teknik-industri`.`Pembimbing`.`nidn`, `umri-teknik-industri`.`Pembimbing`.`jabatan`, `umri-teknik-industri`.`Pembimbing`.`username`, `umri-teknik-industri`.`Pembimbing`.`password`, `umri-teknik-industri`.`Pembimbing`.`email`, `umri-teknik-industri`.`Pembimbing`.`status`, `umri-teknik-industri`.`Pembimbing`.`remember_token`, `umri-teknik-industri`.`Pembimbing`.`created_at`, `umri-teknik-industri`.`Pembimbing`.`update_at` FROM `umri-teknik-industri`.`Pembimbing` WHERE `umri-teknik-industri`.`Pembimbing`.`username` = ? LIMIT ? OFFSET ?","target":"quaint::connector::metrics","timestamp":"2024-08-04T05:07:27.753Z"},"timestamp":"2024-08-04T05:07:27.753Z"}
{"level":"info","message":{"duration":0,"params":"[\"aya\",1,0]","query":"SELECT `umri-teknik-industri`.`Pembimbing`.`id`, `umri-teknik-industri`.`Pembimbing`.`nama`, `umri-teknik-industri`.`Pembimbing`.`no_hp`, `umri-teknik-industri`.`Pembimbing`.`nidn`, `umri-teknik-industri`.`Pembimbing`.`jabatan`, `umri-teknik-industri`.`Pembimbing`.`username`, `umri-teknik-industri`.`Pembimbing`.`password`, `umri-teknik-industri`.`Pembimbing`.`email`, `umri-teknik-industri`.`Pembimbing`.`status`, `umri-teknik-industri`.`Pembimbing`.`remember_token`, `umri-teknik-industri`.`Pembimbing`.`created_at`, `umri-teknik-industri`.`Pembimbing`.`update_at` FROM `umri-teknik-industri`.`Pembimbing` WHERE `umri-teknik-industri`.`Pembimbing`.`username` = ? LIMIT ? OFFSET ?","target":"quaint::connector::metrics","timestamp":"2024-08-04T05:07:28.375Z"},"timestamp":"2024-08-04T05:07:28.375Z"}
{"level":"info","message":{"duration":0,"params":"[\"aya\",1,0]","query":"SELECT `umri-teknik-industri`.`Pembimbing`.`id`, `umri-teknik-industri`.`Pembimbing`.`nama`, `umri-teknik-industri`.`Pembimbing`.`no_hp`, `umri-teknik-industri`.`Pembimbing`.`nidn`, `umri-teknik-industri`.`Pembimbing`.`jabatan`, `umri-teknik-industri`.`Pembimbing`.`username`, `umri-teknik-industri`.`Pembimbing`.`password`, `umri-teknik-industri`.`Pembimbing`.`email`, `umri-teknik-industri`.`Pembimbing`.`status`, `umri-teknik-industri`.`Pembimbing`.`remember_token`, `umri-teknik-industri`.`Pembimbing`.`created_at`, `umri-teknik-industri`.`Pembimbing`.`update_at` FROM `umri-teknik-industri`.`Pembimbing` WHERE `umri-teknik-industri`.`Pembimbing`.`username` = ? LIMIT ? OFFSET ?","target":"quaint::connector::metrics","timestamp":"2024-08-04T05:07:28.806Z"},"timestamp":"2024-08-04T05:07:28.806Z"}
{"level":"info","message":{"duration":0,"params":"[\"aya\",1,0]","query":"SELECT `umri-teknik-industri`.`Pembimbing`.`id`, `umri-teknik-industri`.`Pembimbing`.`nama`, `umri-teknik-industri`.`Pembimbing`.`no_hp`, `umri-teknik-industri`.`Pembimbing`.`nidn`, `umri-teknik-industri`.`Pembimbing`.`jabatan`, `umri-teknik-industri`.`Pembimbing`.`username`, `umri-teknik-industri`.`Pembimbing`.`password`, `umri-teknik-industri`.`Pembimbing`.`email`, `umri-teknik-industri`.`Pembimbing`.`status`, `umri-teknik-industri`.`Pembimbing`.`remember_token`, `umri-teknik-industri`.`Pembimbing`.`created_at`, `umri-teknik-industri`.`Pembimbing`.`update_at` FROM `umri-teknik-industri`.`Pembimbing` WHERE `umri-teknik-industri`.`Pembimbing`.`username` = ? LIMIT ? OFFSET ?","target":"quaint::connector::metrics","timestamp":"2024-08-04T05:07:29.263Z"},"timestamp":"2024-08-04T05:07:29.263Z"}
{"level":"info","message":{"duration":0,"params":"[\"aya\",1,0]","query":"SELECT `umri-teknik-industri`.`Pembimbing`.`id`, `umri-teknik-industri`.`Pembimbing`.`nama`, `umri-teknik-industri`.`Pembimbing`.`no_hp`, `umri-teknik-industri`.`Pembimbing`.`nidn`, `umri-teknik-industri`.`Pembimbing`.`jabatan`, `umri-teknik-industri`.`Pembimbing`.`username`, `umri-teknik-industri`.`Pembimbing`.`password`, `umri-teknik-industri`.`Pembimbing`.`email`, `umri-teknik-industri`.`Pembimbing`.`status`, `umri-teknik-industri`.`Pembimbing`.`remember_token`, `umri-teknik-industri`.`Pembimbing`.`created_at`, `umri-teknik-industri`.`Pembimbing`.`update_at` FROM `umri-teknik-industri`.`Pembimbing` WHERE `umri-teknik-industri`.`Pembimbing`.`username` = ? LIMIT ? OFFSET ?","target":"quaint::connector::metrics","timestamp":"2024-08-04T05:07:30.071Z"},"timestamp":"2024-08-04T05:07:30.072Z"}
{"level":"info","message":{"duration":0,"params":"[\"aya\",1,0]","query":"SELECT `umri-teknik-industri`.`Pembimbing`.`id`, `umri-teknik-industri`.`Pembimbing`.`nama`, `umri-teknik-industri`.`Pembimbing`.`no_hp`, `umri-teknik-industri`.`Pembimbing`.`nidn`, `umri-teknik-industri`.`Pembimbing`.`jabatan`, `umri-teknik-industri`.`Pembimbing`.`username`, `umri-teknik-industri`.`Pembimbing`.`password`, `umri-teknik-industri`.`Pembimbing`.`email`, `umri-teknik-industri`.`Pembimbing`.`status`, `umri-teknik-industri`.`Pembimbing`.`remember_token`, `umri-teknik-industri`.`Pembimbing`.`created_at`, `umri-teknik-industri`.`Pembimbing`.`update_at` FROM `umri-teknik-industri`.`Pembimbing` WHERE `umri-teknik-industri`.`Pembimbing`.`username` = ? LIMIT ? OFFSET ?","target":"quaint::connector::metrics","timestamp":"2024-08-04T05:07:31.069Z"},"timestamp":"2024-08-04T05:07:31.069Z"}
{"level":"info","message":"Server Running on Port : 3001","timestamp":"2024-08-04T05:10:30.768Z"}
{"level":"info","message":"Starting a mysql pool with 13 connections.","target":"quaint::pooled","timestamp":"2024-08-04T05:10:42.778Z"}
{"level":"info","message":{"duration":0,"params":"[\"123412341234\",1,0]","query":"SELECT `umri-teknik-industri`.`Pembimbing`.`id`, `umri-teknik-industri`.`Pembimbing`.`nama`, `umri-teknik-industri`.`Pembimbing`.`no_hp`, `umri-teknik-industri`.`Pembimbing`.`nidn`, `umri-teknik-industri`.`Pembimbing`.`jabatan`, `umri-teknik-industri`.`Pembimbing`.`username`, `umri-teknik-industri`.`Pembimbing`.`password`, `umri-teknik-industri`.`Pembimbing`.`email`, `umri-teknik-industri`.`Pembimbing`.`status`, `umri-teknik-industri`.`Pembimbing`.`remember_token`, `umri-teknik-industri`.`Pembimbing`.`created_at`, `umri-teknik-industri`.`Pembimbing`.`update_at` FROM `umri-teknik-industri`.`Pembimbing` WHERE `umri-teknik-industri`.`Pembimbing`.`username` = ? LIMIT ? OFFSET ?","target":"quaint::connector::metrics","timestamp":"2024-08-04T05:10:42.783Z"},"timestamp":"2024-08-04T05:10:42.783Z"}
{"level":"info","message":{"duration":0,"params":"[\"123412341234\",1,0]","query":"SELECT `umri-teknik-industri`.`Pembimbing`.`id`, `umri-teknik-industri`.`Pembimbing`.`nama`, `umri-teknik-industri`.`Pembimbing`.`no_hp`, `umri-teknik-industri`.`Pembimbing`.`nidn`, `umri-teknik-industri`.`Pembimbing`.`jabatan`, `umri-teknik-industri`.`Pembimbing`.`username`, `umri-teknik-industri`.`Pembimbing`.`password`, `umri-teknik-industri`.`Pembimbing`.`email`, `umri-teknik-industri`.`Pembimbing`.`status`, `umri-teknik-industri`.`Pembimbing`.`remember_token`, `umri-teknik-industri`.`Pembimbing`.`created_at`, `umri-teknik-industri`.`Pembimbing`.`update_at` FROM `umri-teknik-industri`.`Pembimbing` WHERE `umri-teknik-industri`.`Pembimbing`.`username` = ? LIMIT ? OFFSET ?","target":"quaint::connector::metrics","timestamp":"2024-08-04T05:10:54.002Z"},"timestamp":"2024-08-04T05:10:54.002Z"}
{"level":"info","message":{"duration":0,"params":"[\"123412341234\",1,0]","query":"SELECT `umri-teknik-industri`.`Pembimbing`.`id`, `umri-teknik-industri`.`Pembimbing`.`nama`, `umri-teknik-industri`.`Pembimbing`.`no_hp`, `umri-teknik-industri`.`Pembimbing`.`nidn`, `umri-teknik-industri`.`Pembimbing`.`jabatan`, `umri-teknik-industri`.`Pembimbing`.`username`, `umri-teknik-industri`.`Pembimbing`.`password`, `umri-teknik-industri`.`Pembimbing`.`email`, `umri-teknik-industri`.`Pembimbing`.`status`, `umri-teknik-industri`.`Pembimbing`.`remember_token`, `umri-teknik-industri`.`Pembimbing`.`created_at`, `umri-teknik-industri`.`Pembimbing`.`update_at` FROM `umri-teknik-industri`.`Pembimbing` WHERE `umri-teknik-industri`.`Pembimbing`.`username` = ? LIMIT ? OFFSET ?","target":"quaint::connector::metrics","timestamp":"2024-08-04T05:10:55.302Z"},"timestamp":"2024-08-04T05:10:55.302Z"}
{"level":"info","message":{"duration":0,"params":"[]","query":"SELECT 1","target":"quaint::connector::metrics","timestamp":"2024-08-04T05:11:15.141Z"},"timestamp":"2024-08-04T05:11:15.141Z"}
{"level":"info","message":{"duration":0,"params":"[\"1234123412345\",1,0]","query":"SELECT `umri-teknik-industri`.`Pembimbing`.`id`, `umri-teknik-industri`.`Pembimbing`.`nama`, `umri-teknik-industri`.`Pembimbing`.`no_hp`, `umri-teknik-industri`.`Pembimbing`.`nidn`, `umri-teknik-industri`.`Pembimbing`.`jabatan`, `umri-teknik-industri`.`Pembimbing`.`username`, `umri-teknik-industri`.`Pembimbing`.`password`, `umri-teknik-industri`.`Pembimbing`.`email`, `umri-teknik-industri`.`Pembimbing`.`status`, `umri-teknik-industri`.`Pembimbing`.`remember_token`, `umri-teknik-industri`.`Pembimbing`.`created_at`, `umri-teknik-industri`.`Pembimbing`.`update_at` FROM `umri-teknik-industri`.`Pembimbing` WHERE `umri-teknik-industri`.`Pembimbing`.`username` = ? LIMIT ? OFFSET ?","target":"quaint::connector::metrics","timestamp":"2024-08-04T05:11:15.141Z"},"timestamp":"2024-08-04T05:11:15.141Z"}
{"level":"info","message":{"duration":0,"params":"[\"1234123412345\",1,0]","query":"SELECT `umri-teknik-industri`.`Pembimbing`.`id`, `umri-teknik-industri`.`Pembimbing`.`nama`, `umri-teknik-industri`.`Pembimbing`.`no_hp`, `umri-teknik-industri`.`Pembimbing`.`nidn`, `umri-teknik-industri`.`Pembimbing`.`jabatan`, `umri-teknik-industri`.`Pembimbing`.`username`, `umri-teknik-industri`.`Pembimbing`.`password`, `umri-teknik-industri`.`Pembimbing`.`email`, `umri-teknik-industri`.`Pembimbing`.`status`, `umri-teknik-industri`.`Pembimbing`.`remember_token`, `umri-teknik-industri`.`Pembimbing`.`created_at`, `umri-teknik-industri`.`Pembimbing`.`update_at` FROM `umri-teknik-industri`.`Pembimbing` WHERE `umri-teknik-industri`.`Pembimbing`.`username` = ? LIMIT ? OFFSET ?","target":"quaint::connector::metrics","timestamp":"2024-08-04T05:11:16.470Z"},"timestamp":"2024-08-04T05:11:16.470Z"}
{"level":"info","message":{"duration":0,"params":"[\"1234123412345\",1,0]","query":"SELECT `umri-teknik-industri`.`Pembimbing`.`id`, `umri-teknik-industri`.`Pembimbing`.`nama`, `umri-teknik-industri`.`Pembimbing`.`no_hp`, `umri-teknik-industri`.`Pembimbing`.`nidn`, `umri-teknik-industri`.`Pembimbing`.`jabatan`, `umri-teknik-industri`.`Pembimbing`.`username`, `umri-teknik-industri`.`Pembimbing`.`password`, `umri-teknik-industri`.`Pembimbing`.`email`, `umri-teknik-industri`.`Pembimbing`.`status`, `umri-teknik-industri`.`Pembimbing`.`remember_token`, `umri-teknik-industri`.`Pembimbing`.`created_at`, `umri-teknik-industri`.`Pembimbing`.`update_at` FROM `umri-teknik-industri`.`Pembimbing` WHERE `umri-teknik-industri`.`Pembimbing`.`username` = ? LIMIT ? OFFSET ?","target":"quaint::connector::metrics","timestamp":"2024-08-04T05:11:17.137Z"},"timestamp":"2024-08-04T05:11:17.137Z"}
{"level":"info","message":{"duration":0,"params":"[\"1234123412345\",1,0]","query":"SELECT `umri-teknik-industri`.`Pembimbing`.`id`, `umri-teknik-industri`.`Pembimbing`.`nama`, `umri-teknik-industri`.`Pembimbing`.`no_hp`, `umri-teknik-industri`.`Pembimbing`.`nidn`, `umri-teknik-industri`.`Pembimbing`.`jabatan`, `umri-teknik-industri`.`Pembimbing`.`username`, `umri-teknik-industri`.`Pembimbing`.`password`, `umri-teknik-industri`.`Pembimbing`.`email`, `umri-teknik-industri`.`Pembimbing`.`status`, `umri-teknik-industri`.`Pembimbing`.`remember_token`, `umri-teknik-industri`.`Pembimbing`.`created_at`, `umri-teknik-industri`.`Pembimbing`.`update_at` FROM `umri-teknik-industri`.`Pembimbing` WHERE `umri-teknik-industri`.`Pembimbing`.`username` = ? LIMIT ? OFFSET ?","target":"quaint::connector::metrics","timestamp":"2024-08-04T05:11:21.960Z"},"timestamp":"2024-08-04T05:11:21.960Z"}
{"level":"info","message":"Server Running on Port : 3001","timestamp":"2024-08-04T05:11:42.928Z"}
{"level":"info","message":"Server Running on Port : 3001","timestamp":"2024-08-04T05:12:15.552Z"}
{"level":"info","message":"Server Running on Port : 3001","timestamp":"2024-08-04T05:16:56.107Z"}
{"level":"info","message":"Server Running on Port : 3001","timestamp":"2024-08-04T05:17:02.632Z"}
{"level":"info","message":"Server Running on Port : 3001","timestamp":"2024-08-04T05:19:57.847Z"}
{"level":"info","message":"Server Running on Port : 3001","timestamp":"2024-08-04T05:22:37.916Z"}
{"level":"info","message":"Server Running on Port : 3001","timestamp":"2024-08-04T05:22:41.932Z"}
{"level":"info","message":"Server Running on Port : 3001","timestamp":"2024-08-04T05:23:18.679Z"}
{"level":"info","message":"Server Running on Port : 3001","timestamp":"2024-08-04T05:24:11.106Z"}
{"level":"info","message":"Server Running on Port : 3001","timestamp":"2024-08-04T05:24:13.059Z"}
{"level":"info","message":"Server Running on Port : 3001","timestamp":"2024-08-04T05:24:17.571Z"}
{"level":"info","message":"Server Running on Port : 3001","timestamp":"2024-08-04T05:24:36.910Z"}
{"level":"info","message":"Server Running on Port : 3001","timestamp":"2024-08-04T05:24:52.340Z"}
{"level":"info","message":"Server Running on Port : 3001","timestamp":"2024-08-04T05:25:05.756Z"}
{"level":"info","message":"Server Running on Port : 3001","timestamp":"2024-08-04T05:25:09.668Z"}
{"level":"info","message":"Server Running on Port : 3001","timestamp":"2024-08-04T05:25:19.609Z"}
{"level":"info","message":"Server Running on Port : 3001","timestamp":"2024-08-04T05:25:24.849Z"}
{"level":"info","message":"Server Running on Port : 3001","timestamp":"2024-08-04T05:50:15.698Z"}
{"level":"info","message":"Server Running on Port : 3001","timestamp":"2024-08-04T05:50:27.398Z"}
{"level":"info","message":"Server Running on Port : 3001","timestamp":"2024-08-04T05:52:14.513Z"}
{"level":"info","message":"Server Running on Port : 3001","timestamp":"2024-08-04T07:24:58.835Z"}
{"level":"info","message":"Server Running on Port : 3001","timestamp":"2024-08-04T12:47:52.007Z"}
{"level":"info","message":"Server Running on Port : 3001","timestamp":"2024-08-04T13:08:52.409Z"}
{"level":"info","message":"Server Running on Port : 3001","timestamp":"2024-08-04T13:09:27.485Z"}
{"level":"info","message":"Server Running on Port : 3001","timestamp":"2024-08-04T13:09:33.017Z"}
{"level":"info","message":"Server Running on Port : 3001","timestamp":"2024-08-04T13:09:50.961Z"}
{"level":"info","message":"Server Running on Port : 3001","timestamp":"2024-08-04T13:10:55.742Z"}
{"level":"info","message":"Server Running on Port : 3001","timestamp":"2024-08-04T13:12:23.131Z"}
{"level":"info","message":"Server Running on Port : 3001","timestamp":"2024-08-04T13:12:30.238Z"}
{"level":"info","message":"Server Running on Port : 3001","timestamp":"2024-08-04T13:12:31.312Z"}
{"level":"info","message":"Server Running on Port : 3001","timestamp":"2024-08-04T13:12:32.012Z"}
{"level":"info","message":"Server Running on Port : 3001","timestamp":"2024-08-04T13:12:55.678Z"}
{"level":"info","message":"Server Running on Port : 3001","timestamp":"2024-08-04T13:12:57.507Z"}
{"level":"info","message":"Server Running on Port : 3001","timestamp":"2024-08-04T13:14:45.879Z"}
{"level":"info","message":"Server Running on Port : 3001","timestamp":"2024-08-04T13:16:54.784Z"}
{"level":"info","message":"Server Running on Port : 3001","timestamp":"2024-08-04T13:16:58.807Z"}
{"level":"info","message":"Starting a mysql pool with 13 connections.","target":"quaint::pooled","timestamp":"2024-08-04T13:17:33.177Z"}
{"level":"info","message":{"duration":1,"params":"[\"08ed1d3c-0f09-4666-8099-b0e6ba722f97\",1,0]","query":"SELECT `umri-teknik-industri`.`Pembimbing`.`id`, `umri-teknik-industri`.`Pembimbing`.`nama`, `umri-teknik-industri`.`Pembimbing`.`no_hp`, `umri-teknik-industri`.`Pembimbing`.`nidn`, `umri-teknik-industri`.`Pembimbing`.`jabatan`, `umri-teknik-industri`.`Pembimbing`.`username`, `umri-teknik-industri`.`Pembimbing`.`email`, `umri-teknik-industri`.`Pembimbing`.`status` FROM `umri-teknik-industri`.`Pembimbing` WHERE `umri-teknik-industri`.`Pembimbing`.`id` = ? LIMIT ? OFFSET ?","target":"quaint::connector::metrics","timestamp":"2024-08-04T13:17:33.210Z"},"timestamp":"2024-08-04T13:17:33.210Z"}
{"level":"info","message":"Server Running on Port : 3001","timestamp":"2024-08-04T13:17:45.820Z"}
{"level":"info","message":"Server Running on Port : 3001","timestamp":"2024-08-04T13:18:46.045Z"}
{"level":"info","message":"Server Running on Port : 3001","timestamp":"2024-08-04T13:22:15.815Z"}
{"level":"info","message":"Server Running on Port : 3001","timestamp":"2024-08-04T13:22:41.415Z"}
{"level":"info","message":"Starting a mysql pool with 13 connections.","target":"quaint::pooled","timestamp":"2024-08-04T13:22:42.761Z"}
{"level":"info","message":{"duration":0,"params":"[30,0]","query":"SELECT `umri-teknik-industri`.`Mahasiswa`.`id`, `umri-teknik-industri`.`Mahasiswa`.`nama`, `umri-teknik-industri`.`Mahasiswa`.`nim`, `umri-teknik-industri`.`Mahasiswa`.`no_hp`, `umri-teknik-industri`.`Mahasiswa`.`pembimbing_akademik`, `umri-teknik-industri`.`Mahasiswa`.`username`, `umri-teknik-industri`.`Mahasiswa`.`email`, `umri-teknik-industri`.`Mahasiswa`.`status`, `umri-teknik-industri`.`Mahasiswa`.`created_at` FROM `umri-teknik-industri`.`Mahasiswa` WHERE 1=1 ORDER BY `umri-teknik-industri`.`Mahasiswa`.`created_at` DESC LIMIT ? OFFSET ?","target":"quaint::connector::metrics","timestamp":"2024-08-04T13:22:42.767Z"},"timestamp":"2024-08-04T13:22:42.767Z"}
{"level":"info","message":"Server Running on Port : 3001","timestamp":"2024-08-04T13:23:03.635Z"}
{"level":"info","message":"Server Running on Port : 3001","timestamp":"2024-08-04T13:33:43.102Z"}
{"level":"info","message":"Server Running on Port : 3001","timestamp":"2024-08-04T13:34:07.526Z"}
{"level":"info","message":"Server Running on Port : 3001","timestamp":"2024-08-04T13:34:08.442Z"}
{"level":"info","message":"Server Running on Port : 3001","timestamp":"2024-08-04T13:34:53.379Z"}
{"level":"info","message":"Starting a mysql pool with 13 connections.","target":"quaint::pooled","timestamp":"2024-08-04T13:35:04.249Z"}
{"level":"info","message":{"duration":0,"params":"[30,0]","query":"SELECT `umri-teknik-industri`.`Pembimbing`.`id`, `umri-teknik-industri`.`Pembimbing`.`nama`, `umri-teknik-industri`.`Pembimbing`.`no_hp`, `umri-teknik-industri`.`Pembimbing`.`nidn`, `umri-teknik-industri`.`Pembimbing`.`jabatan`, `umri-teknik-industri`.`Pembimbing`.`username`, `umri-teknik-industri`.`Pembimbing`.`password`, `umri-teknik-industri`.`Pembimbing`.`email`, `umri-teknik-industri`.`Pembimbing`.`status`, `umri-teknik-industri`.`Pembimbing`.`remember_token`, `umri-teknik-industri`.`Pembimbing`.`created_at`, `umri-teknik-industri`.`Pembimbing`.`update_at` FROM `umri-teknik-industri`.`Pembimbing` WHERE 1=1 ORDER BY `umri-teknik-industri`.`Pembimbing`.`created_at` DESC LIMIT ? OFFSET ?","target":"quaint::connector::metrics","timestamp":"2024-08-04T13:35:04.255Z"},"timestamp":"2024-08-04T13:35:04.255Z"}
{"level":"info","message":{"duration":0,"params":"[30,0]","query":"SELECT `umri-teknik-industri`.`Pembimbing`.`id`, `umri-teknik-industri`.`Pembimbing`.`nama`, `umri-teknik-industri`.`Pembimbing`.`no_hp`, `umri-teknik-industri`.`Pembimbing`.`nidn`, `umri-teknik-industri`.`Pembimbing`.`jabatan`, `umri-teknik-industri`.`Pembimbing`.`username`, `umri-teknik-industri`.`Pembimbing`.`password`, `umri-teknik-industri`.`Pembimbing`.`email`, `umri-teknik-industri`.`Pembimbing`.`status`, `umri-teknik-industri`.`Pembimbing`.`remember_token`, `umri-teknik-industri`.`Pembimbing`.`created_at`, `umri-teknik-industri`.`Pembimbing`.`update_at` FROM `umri-teknik-industri`.`Pembimbing` WHERE 1=1 ORDER BY `umri-teknik-industri`.`Pembimbing`.`created_at` DESC LIMIT ? OFFSET ?","target":"quaint::connector::metrics","timestamp":"2024-08-04T13:35:08.032Z"},"timestamp":"2024-08-04T13:35:08.032Z"}
{"level":"info","message":{"duration":0,"params":"[30,0]","query":"SELECT `umri-teknik-industri`.`Pembimbing`.`id`, `umri-teknik-industri`.`Pembimbing`.`nama`, `umri-teknik-industri`.`Pembimbing`.`no_hp`, `umri-teknik-industri`.`Pembimbing`.`nidn`, `umri-teknik-industri`.`Pembimbing`.`jabatan`, `umri-teknik-industri`.`Pembimbing`.`username`, `umri-teknik-industri`.`Pembimbing`.`password`, `umri-teknik-industri`.`Pembimbing`.`email`, `umri-teknik-industri`.`Pembimbing`.`status`, `umri-teknik-industri`.`Pembimbing`.`remember_token`, `umri-teknik-industri`.`Pembimbing`.`created_at`, `umri-teknik-industri`.`Pembimbing`.`update_at` FROM `umri-teknik-industri`.`Pembimbing` WHERE 1=1 ORDER BY `umri-teknik-industri`.`Pembimbing`.`created_at` DESC LIMIT ? OFFSET ?","target":"quaint::connector::metrics","timestamp":"2024-08-04T13:35:13.238Z"},"timestamp":"2024-08-04T13:35:13.238Z"}
{"level":"info","message":{"duration":1,"params":"[]","query":"SELECT 1","target":"quaint::connector::metrics","timestamp":"2024-08-04T13:35:24.849Z"},"timestamp":"2024-08-04T13:35:24.849Z"}
{"level":"info","message":{"duration":0,"params":"[30,30]","query":"SELECT `umri-teknik-industri`.`Pembimbing`.`id`, `umri-teknik-industri`.`Pembimbing`.`nama`, `umri-teknik-industri`.`Pembimbing`.`no_hp`, `umri-teknik-industri`.`Pembimbing`.`nidn`, `umri-teknik-industri`.`Pembimbing`.`jabatan`, `umri-teknik-industri`.`Pembimbing`.`username`, `umri-teknik-industri`.`Pembimbing`.`password`, `umri-teknik-industri`.`Pembimbing`.`email`, `umri-teknik-industri`.`Pembimbing`.`status`, `umri-teknik-industri`.`Pembimbing`.`remember_token`, `umri-teknik-industri`.`Pembimbing`.`created_at`, `umri-teknik-industri`.`Pembimbing`.`update_at` FROM `umri-teknik-industri`.`Pembimbing` WHERE 1=1 ORDER BY `umri-teknik-industri`.`Pembimbing`.`created_at` DESC LIMIT ? OFFSET ?","target":"quaint::connector::metrics","timestamp":"2024-08-04T13:35:24.850Z"},"timestamp":"2024-08-04T13:35:24.850Z"}
{"level":"info","message":{"duration":0,"params":"[30,0]","query":"SELECT `umri-teknik-industri`.`Pembimbing`.`id`, `umri-teknik-industri`.`Pembimbing`.`nama`, `umri-teknik-industri`.`Pembimbing`.`no_hp`, `umri-teknik-industri`.`Pembimbing`.`nidn`, `umri-teknik-industri`.`Pembimbing`.`jabatan`, `umri-teknik-industri`.`Pembimbing`.`username`, `umri-teknik-industri`.`Pembimbing`.`password`, `umri-teknik-industri`.`Pembimbing`.`email`, `umri-teknik-industri`.`Pembimbing`.`status`, `umri-teknik-industri`.`Pembimbing`.`remember_token`, `umri-teknik-industri`.`Pembimbing`.`created_at`, `umri-teknik-industri`.`Pembimbing`.`update_at` FROM `umri-teknik-industri`.`Pembimbing` WHERE 1=1 ORDER BY `umri-teknik-industri`.`Pembimbing`.`created_at` DESC LIMIT ? OFFSET ?","target":"quaint::connector::metrics","timestamp":"2024-08-04T13:35:28.592Z"},"timestamp":"2024-08-04T13:35:28.592Z"}
{"level":"info","message":"Server Running on Port : 3001","timestamp":"2024-08-04T13:35:30.617Z"}
{"level":"info","message":"Server Running on Port : 3001","timestamp":"2024-08-04T13:48:49.310Z"}
{"level":"info","message":"Server Running on Port : 3001","timestamp":"2024-08-04T13:49:01.421Z"}
{"level":"info","message":"Starting a mysql pool with 13 connections.","target":"quaint::pooled","timestamp":"2024-08-04T13:49:12.009Z"}
{"level":"info","message":{"duration":0,"params":"[30,0]","query":"SELECT `umri-teknik-industri`.`Pembimbing`.`id`, `umri-teknik-industri`.`Pembimbing`.`nama`, `umri-teknik-industri`.`Pembimbing`.`nidn`, `umri-teknik-industri`.`Pembimbing`.`email`, `umri-teknik-industri`.`Pembimbing`.`status` FROM `umri-teknik-industri`.`Pembimbing` WHERE 1=1 ORDER BY `umri-teknik-industri`.`Pembimbing`.`created_at` DESC LIMIT ? OFFSET ?","target":"quaint::connector::metrics","timestamp":"2024-08-04T13:49:12.020Z"},"timestamp":"2024-08-04T13:49:12.021Z"}
{"level":"info","message":"Server Running on Port : 3001","timestamp":"2024-08-04T13:50:15.231Z"}
{"level":"info","message":"Server Running on Port : 3001","timestamp":"2024-08-04T13:50:20.681Z"}
{"level":"info","message":"Server Running on Port : 3001","timestamp":"2024-08-04T13:50:34.412Z"}
{"level":"info","message":"Server Running on Port : 3001","timestamp":"2024-08-04T13:50:46.904Z"}
{"level":"info","message":"Server Running on Port : 3001","timestamp":"2024-08-04T13:51:36.598Z"}
{"level":"info","message":"Server Running on Port : 3001","timestamp":"2024-08-04T13:51:52.059Z"}
{"level":"info","message":"Server Running on Port : 3001","timestamp":"2024-08-04T13:53:02.546Z"}
{"level":"info","message":"Server Running on Port : 3001","timestamp":"2024-08-04T13:53:24.557Z"}
{"level":"info","message":"Server Running on Port : 3001","timestamp":"2024-08-04T13:53:57.276Z"}
{"level":"info","message":"Server Running on Port : 3001","timestamp":"2024-08-04T13:54:52.569Z"}
{"level":"info","message":"Server Running on Port : 3001","timestamp":"2024-08-04T13:55:23.593Z"}
{"level":"info","message":"Server Running on Port : 3001","timestamp":"2024-08-04T13:55:34.570Z"}
{"level":"info","message":"Server Running on Port : 3001","timestamp":"2024-08-04T13:55:39.556Z"}
{"level":"info","message":"Server Running on Port : 3001","timestamp":"2024-08-04T13:55:41.060Z"}
{"level":"info","message":"Server Running on Port : 3001","timestamp":"2024-08-04T13:55:42.537Z"}
{"level":"info","message":"Server Running on Port : 3001","timestamp":"2024-08-04T13:56:25.807Z"}
{"level":"info","message":"Server Running on Port : 3001","timestamp":"2024-08-04T13:56:30.582Z"}
{"level":"info","message":"Server Running on Port : 3001","timestamp":"2024-08-04T13:56:35.862Z"}
{"level":"info","message":"Server Running on Port : 3001","timestamp":"2024-08-04T13:56:47.686Z"}
{"level":"info","message":"Server Running on Port : 3001","timestamp":"2024-08-04T13:57:24.685Z"}
{"level":"info","message":"Server Running on Port : 3001","timestamp":"2024-08-04T13:58:08.639Z"}
{"level":"info","message":"Server Running on Port : 3001","timestamp":"2024-08-04T13:58:13.742Z"}
{"level":"info","message":"Server Running on Port : 3001","timestamp":"2024-08-04T13:58:28.695Z"}
{"level":"info","message":"Server Running on Port : 3001","timestamp":"2024-08-04T13:58:34.952Z"}
{"level":"info","message":"Server Running on Port : 3001","timestamp":"2024-08-04T13:59:40.896Z"}
{"level":"info","message":"Server Running on Port : 3001","timestamp":"2024-08-04T14:00:00.731Z"}
{"level":"info","message":"Server Running on Port : 3001","timestamp":"2024-08-04T14:00:22.809Z"}
{"level":"info","message":"Server Running on Port : 3001","timestamp":"2024-08-04T14:00:39.220Z"}
{"level":"info","message":"Server Running on Port : 3001","timestamp":"2024-08-04T14:02:14.496Z"}
{"level":"info","message":"Server Running on Port : 3001","timestamp":"2024-08-04T14:02:27.706Z"}
{"level":"info","message":"Server Running on Port : 3001","timestamp":"2024-08-04T14:02:59.450Z"}
{"level":"info","message":"Server Running on Port : 3001","timestamp":"2024-08-04T14:03:27.745Z"}
{"level":"info","message":"Server Running on Port : 3001","timestamp":"2024-08-04T14:03:28.394Z"}
{"level":"info","message":"Starting a mysql pool with 13 connections.","target":"quaint::pooled","timestamp":"2024-08-04T14:03:46.803Z"}
{"level":"info","message":{"duration":0,"params":"[]","query":"BEGIN","target":"quaint::connector::metrics","timestamp":"2024-08-04T14:03:46.811Z"},"timestamp":"2024-08-04T14:03:46.811Z"}
{"level":"info","message":{"duration":0,"params":"[\"95564aac-6ae1-4b1c-9614-5a7c34235c41\",\"testing\",\"testing\",\"testing\",\"testing\",\"testing\",\"$2b$10$IwqM1c9ubTEqGQCpLLypKuxDDa0SKkgN3KGOmEleiCjsmF.hrIBae\",\"testing\",\"testing\",\"testing\",\"2024-08-04 14:03:46.817 UTC\",\"2024-08-04 14:03:46.817 UTC\"]","query":"INSERT INTO `umri-teknik-industri`.`Kordinator` (`id`,`nama`,`no_hp`,`nidn`,`jabatan`,`username`,`password`,`email`,`status`,`remember_token`,`created_at`,`update_at`) VALUES (?,?,?,?,?,?,?,?,?,?,?,?)","target":"quaint::connector::metrics","timestamp":"2024-08-04T14:03:46.813Z"},"timestamp":"2024-08-04T14:03:46.813Z"}
{"level":"info","message":{"duration":1,"params":"[\"95564aac-6ae1-4b1c-9614-5a7c34235c41\",1,0]","query":"SELECT `umri-teknik-industri`.`Kordinator`.`id`, `umri-teknik-industri`.`Kordinator`.`nama`, `umri-teknik-industri`.`Kordinator`.`no_hp`, `umri-teknik-industri`.`Kordinator`.`nidn`, `umri-teknik-industri`.`Kordinator`.`jabatan`, `umri-teknik-industri`.`Kordinator`.`username`, `umri-teknik-industri`.`Kordinator`.`password`, `umri-teknik-industri`.`Kordinator`.`email`, `umri-teknik-industri`.`Kordinator`.`status`, `umri-teknik-industri`.`Kordinator`.`remember_token`, `umri-teknik-industri`.`Kordinator`.`created_at`, `umri-teknik-industri`.`Kordinator`.`update_at` FROM `umri-teknik-industri`.`Kordinator` WHERE `umri-teknik-industri`.`Kordinator`.`id` = ? LIMIT ? OFFSET ?","target":"quaint::connector::metrics","timestamp":"2024-08-04T14:03:46.816Z"},"timestamp":"2024-08-04T14:03:46.816Z"}
{"level":"info","message":{"duration":0,"params":"[]","query":"COMMIT","target":"quaint::connector::metrics","timestamp":"2024-08-04T14:03:46.816Z"},"timestamp":"2024-08-04T14:03:46.816Z"}
{"level":"info","message":{"duration":0,"params":"[]","query":"BEGIN","target":"quaint::connector::metrics","timestamp":"2024-08-04T14:03:46.870Z"},"timestamp":"2024-08-04T14:03:46.870Z"}
{"level":"info","message":{"duration":1,"params":"[\"32a064b9-5c87-456c-b537-f39aec26a31c\",\"testing\",\"testing\",\"testing\",\"testing\",\"testing\",\"$2b$10$RTe0tU7lmgJRNSS5.NlLAOTgxQ2QWpkDmz2svQP7I62BUgRiYy0la\",\"testing@gmail.com\",\"testing\",\"\",\"2024-08-04 14:03:46.878 UTC\",\"2024-08-04 14:03:46.878 UTC\"]","query":"INSERT INTO `umri-teknik-industri`.`Pembimbing` (`id`,`nama`,`no_hp`,`nidn`,`jabatan`,`username`,`password`,`email`,`status`,`remember_token`,`created_at`,`update_at`) VALUES (?,?,?,?,?,?,?,?,?,?,?,?)","target":"quaint::connector::metrics","timestamp":"2024-08-04T14:03:46.872Z"},"timestamp":"2024-08-04T14:03:46.872Z"}
{"level":"info","message":{"duration":2,"params":"[\"32a064b9-5c87-456c-b537-f39aec26a31c\",1,0]","query":"SELECT `umri-teknik-industri`.`Pembimbing`.`id`, `umri-teknik-industri`.`Pembimbing`.`nama`, `umri-teknik-industri`.`Pembimbing`.`no_hp`, `umri-teknik-industri`.`Pembimbing`.`nidn`, `umri-teknik-industri`.`Pembimbing`.`jabatan`, `umri-teknik-industri`.`Pembimbing`.`username`, `umri-teknik-industri`.`Pembimbing`.`password`, `umri-teknik-industri`.`Pembimbing`.`email`, `umri-teknik-industri`.`Pembimbing`.`status`, `umri-teknik-industri`.`Pembimbing`.`remember_token`, `umri-teknik-industri`.`Pembimbing`.`created_at`, `umri-teknik-industri`.`Pembimbing`.`update_at` FROM `umri-teknik-industri`.`Pembimbing` WHERE `umri-teknik-industri`.`Pembimbing`.`id` = ? LIMIT ? OFFSET ?","target":"quaint::connector::metrics","timestamp":"2024-08-04T14:03:46.874Z"},"timestamp":"2024-08-04T14:03:46.874Z"}
{"level":"info","message":{"duration":0,"params":"[]","query":"COMMIT","target":"quaint::connector::metrics","timestamp":"2024-08-04T14:03:46.875Z"},"timestamp":"2024-08-04T14:03:46.875Z"}
{"level":"info","message":{"duration":2,"params":"[\"testing\"]","query":"DELETE FROM `umri-teknik-industri`.`Pembimbing` WHERE `umri-teknik-industri`.`Pembimbing`.`username` = ?","target":"quaint::connector::metrics","timestamp":"2024-08-04T14:03:46.911Z"},"timestamp":"2024-08-04T14:03:46.911Z"}
{"level":"info","message":{"duration":1,"params":"[\"testing\"]","query":"DELETE FROM `umri-teknik-industri`.`Kordinator` WHERE `umri-teknik-industri`.`Kordinator`.`nidn` = ?","target":"quaint::connector::metrics","timestamp":"2024-08-04T14:03:46.914Z"},"timestamp":"2024-08-04T14:03:46.914Z"}
{"level":"info","message":"Server Running on Port : 3001","timestamp":"2024-08-04T14:05:01.536Z"}
{"level":"info","message":"Starting a mysql pool with 13 connections.","target":"quaint::pooled","timestamp":"2024-08-04T14:05:18.534Z"}
{"level":"info","message":{"duration":0,"params":"[]","query":"BEGIN","target":"quaint::connector::metrics","timestamp":"2024-08-04T14:05:18.540Z"},"timestamp":"2024-08-04T14:05:18.540Z"}
{"level":"info","message":{"duration":0,"params":"[\"02569afb-0184-4856-a497-8faac6a11f59\",\"testing\",\"testing\",\"testing\",\"testing\",\"testing\",\"$2b$10$BryCzaWiIAaTVEhI7uW8SeL3iB3sLI2mgRzGOjHxN9u5ziFNPGkr.\",\"testing\",\"testing\",\"testing\",\"2024-08-04 14:05:18.553 UTC\",\"2024-08-04 14:05:18.553 UTC\"]","query":"INSERT INTO `umri-teknik-industri`.`Kordinator` (`id`,`nama`,`no_hp`,`nidn`,`jabatan`,`username`,`password`,`email`,`status`,`remember_token`,`created_at`,`update_at`) VALUES (?,?,?,?,?,?,?,?,?,?,?,?)","target":"quaint::connector::metrics","timestamp":"2024-08-04T14:05:18.541Z"},"timestamp":"2024-08-04T14:05:18.541Z"}
{"level":"info","message":{"duration":2,"params":"[\"02569afb-0184-4856-a497-8faac6a11f59\",1,0]","query":"SELECT `umri-teknik-industri`.`Kordinator`.`id`, `umri-teknik-industri`.`Kordinator`.`nama`, `umri-teknik-industri`.`Kordinator`.`no_hp`, `umri-teknik-industri`.`Kordinator`.`nidn`, `umri-teknik-industri`.`Kordinator`.`jabatan`, `umri-teknik-industri`.`Kordinator`.`username`, `umri-teknik-industri`.`Kordinator`.`password`, `umri-teknik-industri`.`Kordinator`.`email`, `umri-teknik-industri`.`Kordinator`.`status`, `umri-teknik-industri`.`Kordinator`.`remember_token`, `umri-teknik-industri`.`Kordinator`.`created_at`, `umri-teknik-industri`.`Kordinator`.`update_at` FROM `umri-teknik-industri`.`Kordinator` WHERE `umri-teknik-industri`.`Kordinator`.`id` = ? LIMIT ? OFFSET ?","target":"quaint::connector::metrics","timestamp":"2024-08-04T14:05:18.543Z"},"timestamp":"2024-08-04T14:05:18.543Z"}
{"level":"info","message":{"duration":0,"params":"[]","query":"COMMIT","target":"quaint::connector::metrics","timestamp":"2024-08-04T14:05:18.544Z"},"timestamp":"2024-08-04T14:05:18.544Z"}
{"level":"info","message":{"duration":0,"params":"[]","query":"BEGIN","target":"quaint::connector::metrics","timestamp":"2024-08-04T14:05:18.598Z"},"timestamp":"2024-08-04T14:05:18.598Z"}
{"level":"info","message":{"duration":1,"params":"[\"410ea3c1-bfb3-4124-ab4e-86e0df0ef50a\",\"testing\",\"testing\",\"testing\",\"testing\",\"testing\",\"$2b$10$9WJEkgqJ3FzZVgaCTXtJHeIp003bRzSmGXMKkq5qV7T.DTCFF0AYG\",\"testing@gmail.com\",\"testing\",\"\",\"2024-08-04 14:05:18.612 UTC\",\"2024-08-04 14:05:18.612 UTC\"]","query":"INSERT INTO `umri-teknik-industri`.`Pembimbing` (`id`,`nama`,`no_hp`,`nidn`,`jabatan`,`username`,`password`,`email`,`status`,`remember_token`,`created_at`,`update_at`) VALUES (?,?,?,?,?,?,?,?,?,?,?,?)","target":"quaint::connector::metrics","timestamp":"2024-08-04T14:05:18.599Z"},"timestamp":"2024-08-04T14:05:18.599Z"}
{"level":"info","message":{"duration":2,"params":"[\"410ea3c1-bfb3-4124-ab4e-86e0df0ef50a\",1,0]","query":"SELECT `umri-teknik-industri`.`Pembimbing`.`id`, `umri-teknik-industri`.`Pembimbing`.`nama`, `umri-teknik-industri`.`Pembimbing`.`no_hp`, `umri-teknik-industri`.`Pembimbing`.`nidn`, `umri-teknik-industri`.`Pembimbing`.`jabatan`, `umri-teknik-industri`.`Pembimbing`.`username`, `umri-teknik-industri`.`Pembimbing`.`password`, `umri-teknik-industri`.`Pembimbing`.`email`, `umri-teknik-industri`.`Pembimbing`.`status`, `umri-teknik-industri`.`Pembimbing`.`remember_token`, `umri-teknik-industri`.`Pembimbing`.`created_at`, `umri-teknik-industri`.`Pembimbing`.`update_at` FROM `umri-teknik-industri`.`Pembimbing` WHERE `umri-teknik-industri`.`Pembimbing`.`id` = ? LIMIT ? OFFSET ?","target":"quaint::connector::metrics","timestamp":"2024-08-04T14:05:18.602Z"},"timestamp":"2024-08-04T14:05:18.602Z"}
{"level":"info","message":{"duration":0,"params":"[]","query":"COMMIT","target":"quaint::connector::metrics","timestamp":"2024-08-04T14:05:18.603Z"},"timestamp":"2024-08-04T14:05:18.603Z"}
{"level":"info","message":{"duration":1,"params":"[\"testing\"]","query":"DELETE FROM `umri-teknik-industri`.`Pembimbing` WHERE `umri-teknik-industri`.`Pembimbing`.`username` = ?","target":"quaint::connector::metrics","timestamp":"2024-08-04T14:05:18.631Z"},"timestamp":"2024-08-04T14:05:18.631Z"}
{"level":"info","message":{"duration":1,"params":"[\"testing\"]","query":"DELETE FROM `umri-teknik-industri`.`Kordinator` WHERE `umri-teknik-industri`.`Kordinator`.`nidn` = ?","target":"quaint::connector::metrics","timestamp":"2024-08-04T14:05:18.633Z"},"timestamp":"2024-08-04T14:05:18.633Z"}
{"level":"info","message":"Starting a mysql pool with 13 connections.","target":"quaint::pooled","timestamp":"2024-08-04T14:05:46.717Z"}
{"level":"info","message":{"duration":0,"params":"[]","query":"BEGIN","target":"quaint::connector::metrics","timestamp":"2024-08-04T14:05:46.722Z"},"timestamp":"2024-08-04T14:05:46.722Z"}
{"level":"info","message":{"duration":0,"params":"[\"295cc123-2890-4da0-ae0b-c9e6f0cd0b01\",\"testing\",\"testing\",\"testing\",\"testing\",\"testing\",\"$2b$10$DcfqmEAEMUsYY9dVVE8h0ekUItrnz9oTk1NWICW2pVYBoOjezazn6\",\"testing\",\"testing\",\"testing\",\"2024-08-04 14:05:46.723 UTC\",\"2024-08-04 14:05:46.723 UTC\"]","query":"INSERT INTO `umri-teknik-industri`.`Kordinator` (`id`,`nama`,`no_hp`,`nidn`,`jabatan`,`username`,`password`,`email`,`status`,`remember_token`,`created_at`,`update_at`) VALUES (?,?,?,?,?,?,?,?,?,?,?,?)","target":"quaint::connector::metrics","timestamp":"2024-08-04T14:05:46.723Z"},"timestamp":"2024-08-04T14:05:46.723Z"}
{"level":"info","message":{"duration":1,"params":"[\"295cc123-2890-4da0-ae0b-c9e6f0cd0b01\",1,0]","query":"SELECT `umri-teknik-industri`.`Kordinator`.`id`, `umri-teknik-industri`.`Kordinator`.`nama`, `umri-teknik-industri`.`Kordinator`.`no_hp`, `umri-teknik-industri`.`Kordinator`.`nidn`, `umri-teknik-industri`.`Kordinator`.`jabatan`, `umri-teknik-industri`.`Kordinator`.`username`, `umri-teknik-industri`.`Kordinator`.`password`, `umri-teknik-industri`.`Kordinator`.`email`, `umri-teknik-industri`.`Kordinator`.`status`, `umri-teknik-industri`.`Kordinator`.`remember_token`, `umri-teknik-industri`.`Kordinator`.`created_at`, `umri-teknik-industri`.`Kordinator`.`update_at` FROM `umri-teknik-industri`.`Kordinator` WHERE `umri-teknik-industri`.`Kordinator`.`id` = ? LIMIT ? OFFSET ?","target":"quaint::connector::metrics","timestamp":"2024-08-04T14:05:46.725Z"},"timestamp":"2024-08-04T14:05:46.725Z"}
{"level":"info","message":{"duration":0,"params":"[]","query":"COMMIT","target":"quaint::connector::metrics","timestamp":"2024-08-04T14:05:46.726Z"},"timestamp":"2024-08-04T14:05:46.726Z"}
{"level":"info","message":{"duration":0,"params":"[]","query":"BEGIN","target":"quaint::connector::metrics","timestamp":"2024-08-04T14:05:46.780Z"},"timestamp":"2024-08-04T14:05:46.780Z"}
{"level":"info","message":{"duration":1,"params":"[\"1c76f08c-e3cd-4263-9e33-fe3bdb8011ad\",\"testing\",\"testing\",\"testing\",\"testing\",\"testing\",\"$2b$10$5vB4DAxfT3C13oYEeBPMbuJzMO13S1uhy8IwFoofdt.c/oag.G.RG\",\"testing@gmail.com\",\"testing\",\"\",\"2024-08-04 14:05:46.781 UTC\",\"2024-08-04 14:05:46.781 UTC\"]","query":"INSERT INTO `umri-teknik-industri`.`Pembimbing` (`id`,`nama`,`no_hp`,`nidn`,`jabatan`,`username`,`password`,`email`,`status`,`remember_token`,`created_at`,`update_at`) VALUES (?,?,?,?,?,?,?,?,?,?,?,?)","target":"quaint::connector::metrics","timestamp":"2024-08-04T14:05:46.781Z"},"timestamp":"2024-08-04T14:05:46.781Z"}
{"level":"info","message":{"duration":1,"params":"[\"1c76f08c-e3cd-4263-9e33-fe3bdb8011ad\",1,0]","query":"SELECT `umri-teknik-industri`.`Pembimbing`.`id`, `umri-teknik-industri`.`Pembimbing`.`nama`, `umri-teknik-industri`.`Pembimbing`.`no_hp`, `umri-teknik-industri`.`Pembimbing`.`nidn`, `umri-teknik-industri`.`Pembimbing`.`jabatan`, `umri-teknik-industri`.`Pembimbing`.`username`, `umri-teknik-industri`.`Pembimbing`.`password`, `umri-teknik-industri`.`Pembimbing`.`email`, `umri-teknik-industri`.`Pembimbing`.`status`, `umri-teknik-industri`.`Pembimbing`.`remember_token`, `umri-teknik-industri`.`Pembimbing`.`created_at`, `umri-teknik-industri`.`Pembimbing`.`update_at` FROM `umri-teknik-industri`.`Pembimbing` WHERE `umri-teknik-industri`.`Pembimbing`.`id` = ? LIMIT ? OFFSET ?","target":"quaint::connector::metrics","timestamp":"2024-08-04T14:05:46.783Z"},"timestamp":"2024-08-04T14:05:46.783Z"}
{"level":"info","message":{"duration":0,"params":"[]","query":"COMMIT","target":"quaint::connector::metrics","timestamp":"2024-08-04T14:05:46.784Z"},"timestamp":"2024-08-04T14:05:46.784Z"}
{"level":"info","message":{"duration":1,"params":"[\"testing\"]","query":"DELETE FROM `umri-teknik-industri`.`Pembimbing` WHERE `umri-teknik-industri`.`Pembimbing`.`username` = ?","target":"quaint::connector::metrics","timestamp":"2024-08-04T14:05:46.814Z"},"timestamp":"2024-08-04T14:05:46.814Z"}
{"level":"info","message":{"duration":1,"params":"[\"testing\"]","query":"DELETE FROM `umri-teknik-industri`.`Kordinator` WHERE `umri-teknik-industri`.`Kordinator`.`nidn` = ?","target":"quaint::connector::metrics","timestamp":"2024-08-04T14:05:46.817Z"},"timestamp":"2024-08-04T14:05:46.817Z"}
{"level":"info","message":"Starting a mysql pool with 13 connections.","target":"quaint::pooled","timestamp":"2024-08-04T14:06:49.315Z"}
{"level":"info","message":{"duration":0,"params":"[]","query":"BEGIN","target":"quaint::connector::metrics","timestamp":"2024-08-04T14:06:49.320Z"},"timestamp":"2024-08-04T14:06:49.320Z"}
{"level":"info","message":{"duration":1,"params":"[\"ddb96db4-f5e4-4dd7-9c1c-9aa708250b3b\",\"testing\",\"testing\",\"testing\",\"testing\",\"testing\",\"$2b$10$i8G.siomDdbDNM3AUFVW7ORaBKvtxLrXUuPsXk9gnWPmaYVNTjVPi\",\"testing\",\"testing\",\"testing\",\"2024-08-04 14:06:49.332 UTC\",\"2024-08-04 14:06:49.332 UTC\"]","query":"INSERT INTO `umri-teknik-industri`.`Kordinator` (`id`,`nama`,`no_hp`,`nidn`,`jabatan`,`username`,`password`,`email`,`status`,`remember_token`,`created_at`,`update_at`) VALUES (?,?,?,?,?,?,?,?,?,?,?,?)","target":"quaint::connector::metrics","timestamp":"2024-08-04T14:06:49.322Z"},"timestamp":"2024-08-04T14:06:49.322Z"}
{"level":"info","message":{"duration":1,"params":"[\"ddb96db4-f5e4-4dd7-9c1c-9aa708250b3b\",1,0]","query":"SELECT `umri-teknik-industri`.`Kordinator`.`id`, `umri-teknik-industri`.`Kordinator`.`nama`, `umri-teknik-industri`.`Kordinator`.`no_hp`, `umri-teknik-industri`.`Kordinator`.`nidn`, `umri-teknik-industri`.`Kordinator`.`jabatan`, `umri-teknik-industri`.`Kordinator`.`username`, `umri-teknik-industri`.`Kordinator`.`password`, `umri-teknik-industri`.`Kordinator`.`email`, `umri-teknik-industri`.`Kordinator`.`status`, `umri-teknik-industri`.`Kordinator`.`remember_token`, `umri-teknik-industri`.`Kordinator`.`created_at`, `umri-teknik-industri`.`Kordinator`.`update_at` FROM `umri-teknik-industri`.`Kordinator` WHERE `umri-teknik-industri`.`Kordinator`.`id` = ? LIMIT ? OFFSET ?","target":"quaint::connector::metrics","timestamp":"2024-08-04T14:06:49.324Z"},"timestamp":"2024-08-04T14:06:49.324Z"}
{"level":"info","message":{"duration":0,"params":"[]","query":"COMMIT","target":"quaint::connector::metrics","timestamp":"2024-08-04T14:06:49.325Z"},"timestamp":"2024-08-04T14:06:49.325Z"}
{"level":"info","message":{"duration":0,"params":"[]","query":"BEGIN","target":"quaint::connector::metrics","timestamp":"2024-08-04T14:06:49.379Z"},"timestamp":"2024-08-04T14:06:49.379Z"}
{"level":"info","message":{"duration":0,"params":"[\"0282498f-e62e-4cab-a69c-ef7beb31aec0\",\"testing\",\"testing\",\"testing\",\"testing\",\"testing\",\"$2b$10$6EZMsJ.qXWyOvKFsi9U.cep1OUk5CQLcBQWzokdZlFBFeHvGa6nYy\",\"testing@gmail.com\",\"testing\",\"\",\"2024-08-04 14:06:49.391 UTC\",\"2024-08-04 14:06:49.391 UTC\"]","query":"INSERT INTO `umri-teknik-industri`.`Pembimbing` (`id`,`nama`,`no_hp`,`nidn`,`jabatan`,`username`,`password`,`email`,`status`,`remember_token`,`created_at`,`update_at`) VALUES (?,?,?,?,?,?,?,?,?,?,?,?)","target":"quaint::connector::metrics","timestamp":"2024-08-04T14:06:49.380Z"},"timestamp":"2024-08-04T14:06:49.380Z"}
{"level":"info","message":{"duration":2,"params":"[\"0282498f-e62e-4cab-a69c-ef7beb31aec0\",1,0]","query":"SELECT `umri-teknik-industri`.`Pembimbing`.`id`, `umri-teknik-industri`.`Pembimbing`.`nama`, `umri-teknik-industri`.`Pembimbing`.`no_hp`, `umri-teknik-industri`.`Pembimbing`.`nidn`, `umri-teknik-industri`.`Pembimbing`.`jabatan`, `umri-teknik-industri`.`Pembimbing`.`username`, `umri-teknik-industri`.`Pembimbing`.`password`, `umri-teknik-industri`.`Pembimbing`.`email`, `umri-teknik-industri`.`Pembimbing`.`status`, `umri-teknik-industri`.`Pembimbing`.`remember_token`, `umri-teknik-industri`.`Pembimbing`.`created_at`, `umri-teknik-industri`.`Pembimbing`.`update_at` FROM `umri-teknik-industri`.`Pembimbing` WHERE `umri-teknik-industri`.`Pembimbing`.`id` = ? LIMIT ? OFFSET ?","target":"quaint::connector::metrics","timestamp":"2024-08-04T14:06:49.382Z"},"timestamp":"2024-08-04T14:06:49.382Z"}
{"level":"info","message":{"duration":0,"params":"[]","query":"COMMIT","target":"quaint::connector::metrics","timestamp":"2024-08-04T14:06:49.383Z"},"timestamp":"2024-08-04T14:06:49.383Z"}
{"data":null,"error":true,"level":"error","message":"\"nama\" is required. \"no_hp\" is required. \"nidn\" is required. \"jabatan\" is required. \"email\" is required. \"secret\" is required. \"username\" is not allowed","refrence":null,"status":400,"timestamp":"2024-08-04T14:06:49.412Z"}
{"level":"info","message":{"duration":1,"params":"[\"testing\"]","query":"DELETE FROM `umri-teknik-industri`.`Pembimbing` WHERE `umri-teknik-industri`.`Pembimbing`.`username` = ?","target":"quaint::connector::metrics","timestamp":"2024-08-04T14:06:49.417Z"},"timestamp":"2024-08-04T14:06:49.417Z"}
{"level":"info","message":{"duration":1,"params":"[\"testing\"]","query":"DELETE FROM `umri-teknik-industri`.`Kordinator` WHERE `umri-teknik-industri`.`Kordinator`.`nidn` = ?","target":"quaint::connector::metrics","timestamp":"2024-08-04T14:06:49.420Z"},"timestamp":"2024-08-04T14:06:49.420Z"}
{"level":"info","message":"Starting a mysql pool with 13 connections.","target":"quaint::pooled","timestamp":"2024-08-04T14:07:24.257Z"}
{"level":"info","message":{"duration":0,"params":"[]","query":"BEGIN","target":"quaint::connector::metrics","timestamp":"2024-08-04T14:07:24.262Z"},"timestamp":"2024-08-04T14:07:24.262Z"}
{"level":"info","message":{"duration":1,"params":"[\"0e4f3152-5833-40ef-b2c8-7a95ca86d149\",\"testing\",\"testing\",\"testing\",\"testing\",\"testing\",\"$2b$10$TxVG0LMj9SPgIuvU6lUOZeJZKqEGGaqfe68ZIuyV5ITdtZ31w4qSC\",\"testing\",\"testing\",\"testing\",\"2024-08-04 14:07:24.264 UTC\",\"2024-08-04 14:07:24.264 UTC\"]","query":"INSERT INTO `umri-teknik-industri`.`Kordinator` (`id`,`nama`,`no_hp`,`nidn`,`jabatan`,`username`,`password`,`email`,`status`,`remember_token`,`created_at`,`update_at`) VALUES (?,?,?,?,?,?,?,?,?,?,?,?)","target":"quaint::connector::metrics","timestamp":"2024-08-04T14:07:24.264Z"},"timestamp":"2024-08-04T14:07:24.264Z"}
{"level":"info","message":{"duration":2,"params":"[\"0e4f3152-5833-40ef-b2c8-7a95ca86d149\",1,0]","query":"SELECT `umri-teknik-industri`.`Kordinator`.`id`, `umri-teknik-industri`.`Kordinator`.`nama`, `umri-teknik-industri`.`Kordinator`.`no_hp`, `umri-teknik-industri`.`Kordinator`.`nidn`, `umri-teknik-industri`.`Kordinator`.`jabatan`, `umri-teknik-industri`.`Kordinator`.`username`, `umri-teknik-industri`.`Kordinator`.`password`, `umri-teknik-industri`.`Kordinator`.`email`, `umri-teknik-industri`.`Kordinator`.`status`, `umri-teknik-industri`.`Kordinator`.`remember_token`, `umri-teknik-industri`.`Kordinator`.`created_at`, `umri-teknik-industri`.`Kordinator`.`update_at` FROM `umri-teknik-industri`.`Kordinator` WHERE `umri-teknik-industri`.`Kordinator`.`id` = ? LIMIT ? OFFSET ?","target":"quaint::connector::metrics","timestamp":"2024-08-04T14:07:24.266Z"},"timestamp":"2024-08-04T14:07:24.266Z"}
{"level":"info","message":{"duration":0,"params":"[]","query":"COMMIT","target":"quaint::connector::metrics","timestamp":"2024-08-04T14:07:24.267Z"},"timestamp":"2024-08-04T14:07:24.267Z"}
{"level":"info","message":{"duration":0,"params":"[]","query":"BEGIN","target":"quaint::connector::metrics","timestamp":"2024-08-04T14:07:24.321Z"},"timestamp":"2024-08-04T14:07:24.321Z"}
{"level":"info","message":{"duration":1,"params":"[\"37ab0f8c-1124-4d24-b732-e6374aa4a21f\",\"testing\",\"testing\",\"testing\",\"testing\",\"testing\",\"$2b$10$OuqCB/6JfaxWwoaiV/jPgurF0rBCxv178mLTohUW6ahxUXdJP1U4K\",\"testing@gmail.com\",\"testing\",\"\",\"2024-08-04 14:07:24.323 UTC\",\"2024-08-04 14:07:24.323 UTC\"]","query":"INSERT INTO `umri-teknik-industri`.`Pembimbing` (`id`,`nama`,`no_hp`,`nidn`,`jabatan`,`username`,`password`,`email`,`status`,`remember_token`,`created_at`,`update_at`) VALUES (?,?,?,?,?,?,?,?,?,?,?,?)","target":"quaint::connector::metrics","timestamp":"2024-08-04T14:07:24.322Z"},"timestamp":"2024-08-04T14:07:24.322Z"}
{"level":"info","message":{"duration":1,"params":"[\"37ab0f8c-1124-4d24-b732-e6374aa4a21f\",1,0]","query":"SELECT `umri-teknik-industri`.`Pembimbing`.`id`, `umri-teknik-industri`.`Pembimbing`.`nama`, `umri-teknik-industri`.`Pembimbing`.`no_hp`, `umri-teknik-industri`.`Pembimbing`.`nidn`, `umri-teknik-industri`.`Pembimbing`.`jabatan`, `umri-teknik-industri`.`Pembimbing`.`username`, `umri-teknik-industri`.`Pembimbing`.`password`, `umri-teknik-industri`.`Pembimbing`.`email`, `umri-teknik-industri`.`Pembimbing`.`status`, `umri-teknik-industri`.`Pembimbing`.`remember_token`, `umri-teknik-industri`.`Pembimbing`.`created_at`, `umri-teknik-industri`.`Pembimbing`.`update_at` FROM `umri-teknik-industri`.`Pembimbing` WHERE `umri-teknik-industri`.`Pembimbing`.`id` = ? LIMIT ? OFFSET ?","target":"quaint::connector::metrics","timestamp":"2024-08-04T14:07:24.324Z"},"timestamp":"2024-08-04T14:07:24.324Z"}
{"level":"info","message":{"duration":0,"params":"[]","query":"COMMIT","target":"quaint::connector::metrics","timestamp":"2024-08-04T14:07:24.325Z"},"timestamp":"2024-08-04T14:07:24.325Z"}
{"level":"info","message":{"duration":0,"params":"[\"testing\",1,0]","query":"SELECT `umri-teknik-industri`.`Kordinator`.`id`, `umri-teknik-industri`.`Kordinator`.`nama`, `umri-teknik-industri`.`Kordinator`.`no_hp`, `umri-teknik-industri`.`Kordinator`.`nidn`, `umri-teknik-industri`.`Kordinator`.`jabatan`, `umri-teknik-industri`.`Kordinator`.`username`, `umri-teknik-industri`.`Kordinator`.`password`, `umri-teknik-industri`.`Kordinator`.`email`, `umri-teknik-industri`.`Kordinator`.`status`, `umri-teknik-industri`.`Kordinator`.`remember_token`, `umri-teknik-industri`.`Kordinator`.`created_at`, `umri-teknik-industri`.`Kordinator`.`update_at` FROM `umri-teknik-industri`.`Kordinator` WHERE `umri-teknik-industri`.`Kordinator`.`username` = ? LIMIT ? OFFSET ?","target":"quaint::connector::metrics","timestamp":"2024-08-04T14:07:24.346Z"},"timestamp":"2024-08-04T14:07:24.346Z"}
{"level":"info","message":{"duration":0,"params":"[]","query":"BEGIN","target":"quaint::connector::metrics","timestamp":"2024-08-04T14:07:24.402Z"},"timestamp":"2024-08-04T14:07:24.402Z"}
{"level":"info","message":{"duration":1,"params":"[\"0e4f3152-5833-40ef-b2c8-7a95ca86d149\"]","query":"SELECT `umri-teknik-industri`.`Kordinator`.`id` FROM `umri-teknik-industri`.`Kordinator` WHERE (`umri-teknik-industri`.`Kordinator`.`id` = ? AND 1=1)","target":"quaint::connector::metrics","timestamp":"2024-08-04T14:07:24.403Z"},"timestamp":"2024-08-04T14:07:24.403Z"}
{"level":"info","message":{"duration":0,"params":"[\"eyJhbGciOiJIUzI1NiIsInR5cCI6IkpXVCJ9.eyJpZCI6IjBlNGYzMTUyLTU4MzMtNDBlZi1iMmM4LTdhOTVjYTg2ZDE0OSIsInJvbGUiOiJrb3JkaW5hdG9yIiwiaWF0IjoxNzIyNzgwNDQ0LCJleHAiOjE3MjMzODUyNDR9.j82zzex-xrer05NrGpwaS-lBUjctc89e7LeF_fteRGY\",\"2024-08-04 14:07:24.404 UTC\",\"0e4f3152-5833-40ef-b2c8-7a95ca86d149\",\"0e4f3152-5833-40ef-b2c8-7a95ca86d149\"]","query":"UPDATE `umri-teknik-industri`.`Kordinator` SET `remember_token` = ?, `update_at` = ? WHERE (`umri-teknik-industri`.`Kordinator`.`id` IN (?) AND (`umri-teknik-industri`.`Kordinator`.`id` = ? AND 1=1))","target":"quaint::connector::metrics","timestamp":"2024-08-04T14:07:24.405Z"},"timestamp":"2024-08-04T14:07:24.405Z"}
{"level":"info","message":{"duration":0,"params":"[\"0e4f3152-5833-40ef-b2c8-7a95ca86d149\",1,0]","query":"SELECT `umri-teknik-industri`.`Kordinator`.`id`, `umri-teknik-industri`.`Kordinator`.`nama`, `umri-teknik-industri`.`Kordinator`.`no_hp`, `umri-teknik-industri`.`Kordinator`.`nidn`, `umri-teknik-industri`.`Kordinator`.`jabatan`, `umri-teknik-industri`.`Kordinator`.`username`, `umri-teknik-industri`.`Kordinator`.`password`, `umri-teknik-industri`.`Kordinator`.`email`, `umri-teknik-industri`.`Kordinator`.`status`, `umri-teknik-industri`.`Kordinator`.`remember_token`, `umri-teknik-industri`.`Kordinator`.`created_at`, `umri-teknik-industri`.`Kordinator`.`update_at` FROM `umri-teknik-industri`.`Kordinator` WHERE `umri-teknik-industri`.`Kordinator`.`id` = ? LIMIT ? OFFSET ?","target":"quaint::connector::metrics","timestamp":"2024-08-04T14:07:24.405Z"},"timestamp":"2024-08-04T14:07:24.405Z"}
{"level":"info","message":{"duration":0,"params":"[]","query":"COMMIT","target":"quaint::connector::metrics","timestamp":"2024-08-04T14:07:24.406Z"},"timestamp":"2024-08-04T14:07:24.406Z"}
{"level":"info","message":{"duration":0,"params":"[\"testing\"]","query":"SELECT COUNT(*) FROM (SELECT `umri-teknik-industri`.`Pembimbing`.`id` FROM `umri-teknik-industri`.`Pembimbing` WHERE `umri-teknik-industri`.`Pembimbing`.`username` = ?) AS `sub`","target":"quaint::connector::metrics","timestamp":"2024-08-04T14:07:24.419Z"},"timestamp":"2024-08-04T14:07:24.419Z"}
{"data":null,"error":true,"level":"info","message":"nidn testing sudah ada sebagai dosen pembimbing","refrence":null,"status":400,"timestamp":"2024-08-04T14:07:24.422Z"}
{"level":"info","message":{"duration":1,"params":"[\"testing\"]","query":"DELETE FROM `umri-teknik-industri`.`Pembimbing` WHERE `umri-teknik-industri`.`Pembimbing`.`username` = ?","target":"quaint::connector::metrics","timestamp":"2024-08-04T14:07:24.426Z"},"timestamp":"2024-08-04T14:07:24.426Z"}
{"level":"info","message":{"duration":0,"params":"[\"testing\"]","query":"DELETE FROM `umri-teknik-industri`.`Kordinator` WHERE `umri-teknik-industri`.`Kordinator`.`nidn` = ?","target":"quaint::connector::metrics","timestamp":"2024-08-04T14:07:24.428Z"},"timestamp":"2024-08-04T14:07:24.428Z"}
{"level":"info","message":"Starting a mysql pool with 13 connections.","target":"quaint::pooled","timestamp":"2024-08-04T14:07:52.029Z"}
{"level":"info","message":{"duration":0,"params":"[]","query":"BEGIN","target":"quaint::connector::metrics","timestamp":"2024-08-04T14:07:52.034Z"},"timestamp":"2024-08-04T14:07:52.034Z"}
{"level":"info","message":{"duration":0,"params":"[\"6e16203b-f89d-41f1-a517-e78e3fd88f78\",\"testing\",\"testing\",\"testing\",\"testing\",\"testing\",\"$2b$10$s1ZCjWOuD4G3virdH1LzFu7LTVhvv1GMaW33cfGHnajOOcNOrf2Wy\",\"testing\",\"testing\",\"testing\",\"2024-08-04 14:07:52.038 UTC\",\"2024-08-04 14:07:52.038 UTC\"]","query":"INSERT INTO `umri-teknik-industri`.`Kordinator` (`id`,`nama`,`no_hp`,`nidn`,`jabatan`,`username`,`password`,`email`,`status`,`remember_token`,`created_at`,`update_at`) VALUES (?,?,?,?,?,?,?,?,?,?,?,?)","target":"quaint::connector::metrics","timestamp":"2024-08-04T14:07:52.035Z"},"timestamp":"2024-08-04T14:07:52.035Z"}
{"level":"info","message":{"duration":0,"params":"[\"6e16203b-f89d-41f1-a517-e78e3fd88f78\",1,0]","query":"SELECT `umri-teknik-industri`.`Kordinator`.`id`, `umri-teknik-industri`.`Kordinator`.`nama`, `umri-teknik-industri`.`Kordinator`.`no_hp`, `umri-teknik-industri`.`Kordinator`.`nidn`, `umri-teknik-industri`.`Kordinator`.`jabatan`, `umri-teknik-industri`.`Kordinator`.`username`, `umri-teknik-industri`.`Kordinator`.`password`, `umri-teknik-industri`.`Kordinator`.`email`, `umri-teknik-industri`.`Kordinator`.`status`, `umri-teknik-industri`.`Kordinator`.`remember_token`, `umri-teknik-industri`.`Kordinator`.`created_at`, `umri-teknik-industri`.`Kordinator`.`update_at` FROM `umri-teknik-industri`.`Kordinator` WHERE `umri-teknik-industri`.`Kordinator`.`id` = ? LIMIT ? OFFSET ?","target":"quaint::connector::metrics","timestamp":"2024-08-04T14:07:52.036Z"},"timestamp":"2024-08-04T14:07:52.036Z"}
{"level":"info","message":{"duration":0,"params":"[]","query":"COMMIT","target":"quaint::connector::metrics","timestamp":"2024-08-04T14:07:52.037Z"},"timestamp":"2024-08-04T14:07:52.037Z"}
{"level":"info","message":{"duration":0,"params":"[]","query":"BEGIN","target":"quaint::connector::metrics","timestamp":"2024-08-04T14:07:52.093Z"},"timestamp":"2024-08-04T14:07:52.093Z"}
{"level":"info","message":{"duration":0,"params":"[\"426a8970-4826-479c-8f4b-1aab79a1bb6d\",\"testing\",\"testing\",\"testing\",\"testing\",\"testing\",\"$2b$10$Nng3QAWHUQvqUTTW9pNDjeNNuT5Lo8wRCigf3m3FDdYzf3S7kusE6\",\"testing@gmail.com\",\"testing\",\"\",\"2024-08-04 14:07:52.097 UTC\",\"2024-08-04 14:07:52.097 UTC\"]","query":"INSERT INTO `umri-teknik-industri`.`Pembimbing` (`id`,`nama`,`no_hp`,`nidn`,`jabatan`,`username`,`password`,`email`,`status`,`remember_token`,`created_at`,`update_at`) VALUES (?,?,?,?,?,?,?,?,?,?,?,?)","target":"quaint::connector::metrics","timestamp":"2024-08-04T14:07:52.094Z"},"timestamp":"2024-08-04T14:07:52.094Z"}
{"level":"info","message":{"duration":1,"params":"[\"426a8970-4826-479c-8f4b-1aab79a1bb6d\",1,0]","query":"SELECT `umri-teknik-industri`.`Pembimbing`.`id`, `umri-teknik-industri`.`Pembimbing`.`nama`, `umri-teknik-industri`.`Pembimbing`.`no_hp`, `umri-teknik-industri`.`Pembimbing`.`nidn`, `umri-teknik-industri`.`Pembimbing`.`jabatan`, `umri-teknik-industri`.`Pembimbing`.`username`, `umri-teknik-industri`.`Pembimbing`.`password`, `umri-teknik-industri`.`Pembimbing`.`email`, `umri-teknik-industri`.`Pembimbing`.`status`, `umri-teknik-industri`.`Pembimbing`.`remember_token`, `umri-teknik-industri`.`Pembimbing`.`created_at`, `umri-teknik-industri`.`Pembimbing`.`update_at` FROM `umri-teknik-industri`.`Pembimbing` WHERE `umri-teknik-industri`.`Pembimbing`.`id` = ? LIMIT ? OFFSET ?","target":"quaint::connector::metrics","timestamp":"2024-08-04T14:07:52.095Z"},"timestamp":"2024-08-04T14:07:52.095Z"}
{"level":"info","message":{"duration":0,"params":"[]","query":"COMMIT","target":"quaint::connector::metrics","timestamp":"2024-08-04T14:07:52.096Z"},"timestamp":"2024-08-04T14:07:52.096Z"}
{"level":"info","message":{"duration":0,"params":"[\"testing\",1,0]","query":"SELECT `umri-teknik-industri`.`Kordinator`.`id`, `umri-teknik-industri`.`Kordinator`.`nama`, `umri-teknik-industri`.`Kordinator`.`no_hp`, `umri-teknik-industri`.`Kordinator`.`nidn`, `umri-teknik-industri`.`Kordinator`.`jabatan`, `umri-teknik-industri`.`Kordinator`.`username`, `umri-teknik-industri`.`Kordinator`.`password`, `umri-teknik-industri`.`Kordinator`.`email`, `umri-teknik-industri`.`Kordinator`.`status`, `umri-teknik-industri`.`Kordinator`.`remember_token`, `umri-teknik-industri`.`Kordinator`.`created_at`, `umri-teknik-industri`.`Kordinator`.`update_at` FROM `umri-teknik-industri`.`Kordinator` WHERE `umri-teknik-industri`.`Kordinator`.`username` = ? LIMIT ? OFFSET ?","target":"quaint::connector::metrics","timestamp":"2024-08-04T14:07:52.122Z"},"timestamp":"2024-08-04T14:07:52.122Z"}
{"level":"info","message":{"duration":0,"params":"[]","query":"BEGIN","target":"quaint::connector::metrics","timestamp":"2024-08-04T14:07:52.178Z"},"timestamp":"2024-08-04T14:07:52.178Z"}
{"level":"info","message":{"duration":0,"params":"[\"6e16203b-f89d-41f1-a517-e78e3fd88f78\"]","query":"SELECT `umri-teknik-industri`.`Kordinator`.`id` FROM `umri-teknik-industri`.`Kordinator` WHERE (`umri-teknik-industri`.`Kordinator`.`id` = ? AND 1=1)","target":"quaint::connector::metrics","timestamp":"2024-08-04T14:07:52.179Z"},"timestamp":"2024-08-04T14:07:52.179Z"}
{"level":"info","message":{"duration":1,"params":"[\"eyJhbGciOiJIUzI1NiIsInR5cCI6IkpXVCJ9.eyJpZCI6IjZlMTYyMDNiLWY4OWQtNDFmMS1hNTE3LWU3OGUzZmQ4OGY3OCIsInJvbGUiOiJrb3JkaW5hdG9yIiwiaWF0IjoxNzIyNzgwNDcyLCJleHAiOjE3MjMzODUyNzJ9.fUwvwMHwd53o9YItE040rINrz0-snwYMp4BWHcl28HA\",\"2024-08-04 14:07:52.183 UTC\",\"6e16203b-f89d-41f1-a517-e78e3fd88f78\",\"6e16203b-f89d-41f1-a517-e78e3fd88f78\"]","query":"UPDATE `umri-teknik-industri`.`Kordinator` SET `remember_token` = ?, `update_at` = ? WHERE (`umri-teknik-industri`.`Kordinator`.`id` IN (?) AND (`umri-teknik-industri`.`Kordinator`.`id` = ? AND 1=1))","target":"quaint::connector::metrics","timestamp":"2024-08-04T14:07:52.181Z"},"timestamp":"2024-08-04T14:07:52.181Z"}
{"level":"info","message":{"duration":0,"params":"[\"6e16203b-f89d-41f1-a517-e78e3fd88f78\",1,0]","query":"SELECT `umri-teknik-industri`.`Kordinator`.`id`, `umri-teknik-industri`.`Kordinator`.`nama`, `umri-teknik-industri`.`Kordinator`.`no_hp`, `umri-teknik-industri`.`Kordinator`.`nidn`, `umri-teknik-industri`.`Kordinator`.`jabatan`, `umri-teknik-industri`.`Kordinator`.`username`, `umri-teknik-industri`.`Kordinator`.`password`, `umri-teknik-industri`.`Kordinator`.`email`, `umri-teknik-industri`.`Kordinator`.`status`, `umri-teknik-industri`.`Kordinator`.`remember_token`, `umri-teknik-industri`.`Kordinator`.`created_at`, `umri-teknik-industri`.`Kordinator`.`update_at` FROM `umri-teknik-industri`.`Kordinator` WHERE `umri-teknik-industri`.`Kordinator`.`id` = ? LIMIT ? OFFSET ?","target":"quaint::connector::metrics","timestamp":"2024-08-04T14:07:52.181Z"},"timestamp":"2024-08-04T14:07:52.181Z"}
{"level":"info","message":{"duration":0,"params":"[]","query":"COMMIT","target":"quaint::connector::metrics","timestamp":"2024-08-04T14:07:52.182Z"},"timestamp":"2024-08-04T14:07:52.182Z"}
{"level":"info","message":{"duration":0,"params":"[\"testing\"]","query":"SELECT COUNT(*) FROM (SELECT `umri-teknik-industri`.`Pembimbing`.`id` FROM `umri-teknik-industri`.`Pembimbing` WHERE `umri-teknik-industri`.`Pembimbing`.`username` = ?) AS `sub`","target":"quaint::connector::metrics","timestamp":"2024-08-04T14:07:52.199Z"},"timestamp":"2024-08-04T14:07:52.199Z"}
{"data":null,"error":true,"level":"error","message":"nidn testing sudah ada sebagai dosen pembimbing","refrence":null,"status":400,"timestamp":"2024-08-04T14:07:52.201Z"}
{"level":"info","message":{"duration":1,"params":"[\"testing\"]","query":"DELETE FROM `umri-teknik-industri`.`Pembimbing` WHERE `umri-teknik-industri`.`Pembimbing`.`username` = ?","target":"quaint::connector::metrics","timestamp":"2024-08-04T14:07:52.205Z"},"timestamp":"2024-08-04T14:07:52.205Z"}
{"level":"info","message":{"duration":0,"params":"[\"testing\"]","query":"DELETE FROM `umri-teknik-industri`.`Kordinator` WHERE `umri-teknik-industri`.`Kordinator`.`nidn` = ?","target":"quaint::connector::metrics","timestamp":"2024-08-04T14:07:52.207Z"},"timestamp":"2024-08-04T14:07:52.207Z"}
{"level":"info","message":"Starting a mysql pool with 13 connections.","target":"quaint::pooled","timestamp":"2024-08-04T14:08:13.423Z"}
{"level":"info","message":{"duration":0,"params":"[]","query":"BEGIN","target":"quaint::connector::metrics","timestamp":"2024-08-04T14:08:13.428Z"},"timestamp":"2024-08-04T14:08:13.428Z"}
{"level":"info","message":{"duration":1,"params":"[\"ef025cc9-5b7e-4f1f-8cc6-c6ea9b0c4c72\",\"testing\",\"testing\",\"testing\",\"testing\",\"testing\",\"$2b$10$5KM1ga2gIhm0lgAa//Es4ewKXUYmpgdD7zOhDrUmZpKW8k/j6NhH.\",\"testing\",\"testing\",\"testing\",\"2024-08-04 14:08:13.437 UTC\",\"2024-08-04 14:08:13.437 UTC\"]","query":"INSERT INTO `umri-teknik-industri`.`Kordinator` (`id`,`nama`,`no_hp`,`nidn`,`jabatan`,`username`,`password`,`email`,`status`,`remember_token`,`created_at`,`update_at`) VALUES (?,?,?,?,?,?,?,?,?,?,?,?)","target":"quaint::connector::metrics","timestamp":"2024-08-04T14:08:13.430Z"},"timestamp":"2024-08-04T14:08:13.430Z"}
{"level":"info","message":{"duration":0,"params":"[\"ef025cc9-5b7e-4f1f-8cc6-c6ea9b0c4c72\",1,0]","query":"SELECT `umri-teknik-industri`.`Kordinator`.`id`, `umri-teknik-industri`.`Kordinator`.`nama`, `umri-teknik-industri`.`Kordinator`.`no_hp`, `umri-teknik-industri`.`Kordinator`.`nidn`, `umri-teknik-industri`.`Kordinator`.`jabatan`, `umri-teknik-industri`.`Kordinator`.`username`, `umri-teknik-industri`.`Kordinator`.`password`, `umri-teknik-industri`.`Kordinator`.`email`, `umri-teknik-industri`.`Kordinator`.`status`, `umri-teknik-industri`.`Kordinator`.`remember_token`, `umri-teknik-industri`.`Kordinator`.`created_at`, `umri-teknik-industri`.`Kordinator`.`update_at` FROM `umri-teknik-industri`.`Kordinator` WHERE `umri-teknik-industri`.`Kordinator`.`id` = ? LIMIT ? OFFSET ?","target":"quaint::connector::metrics","timestamp":"2024-08-04T14:08:13.430Z"},"timestamp":"2024-08-04T14:08:13.430Z"}
{"level":"info","message":{"duration":0,"params":"[]","query":"COMMIT","target":"quaint::connector::metrics","timestamp":"2024-08-04T14:08:13.431Z"},"timestamp":"2024-08-04T14:08:13.431Z"}
{"level":"info","message":{"duration":0,"params":"[]","query":"BEGIN","target":"quaint::connector::metrics","timestamp":"2024-08-04T14:08:13.487Z"},"timestamp":"2024-08-04T14:08:13.487Z"}
{"level":"info","message":{"duration":1,"params":"[\"27f7c382-3c9f-4980-b84e-043ec57a3e4d\",\"testing\",\"testing\",\"testing\",\"testing\",\"testing\",\"$2b$10$8OrCOdxK/DmD/VAIKoR3gujX8uuAyUYo7tbDY4uTFcTRaK3Ip9q2G\",\"testing@gmail.com\",\"testing\",\"\",\"2024-08-04 14:08:13.495 UTC\",\"2024-08-04 14:08:13.495 UTC\"]","query":"INSERT INTO `umri-teknik-industri`.`Pembimbing` (`id`,`nama`,`no_hp`,`nidn`,`jabatan`,`username`,`password`,`email`,`status`,`remember_token`,`created_at`,`update_at`) VALUES (?,?,?,?,?,?,?,?,?,?,?,?)","target":"quaint::connector::metrics","timestamp":"2024-08-04T14:08:13.488Z"},"timestamp":"2024-08-04T14:08:13.488Z"}
{"level":"info","message":{"duration":1,"params":"[\"27f7c382-3c9f-4980-b84e-043ec57a3e4d\",1,0]","query":"SELECT `umri-teknik-industri`.`Pembimbing`.`id`, `umri-teknik-industri`.`Pembimbing`.`nama`, `umri-teknik-industri`.`Pembimbing`.`no_hp`, `umri-teknik-industri`.`Pembimbing`.`nidn`, `umri-teknik-industri`.`Pembimbing`.`jabatan`, `umri-teknik-industri`.`Pembimbing`.`username`, `umri-teknik-industri`.`Pembimbing`.`password`, `umri-teknik-industri`.`Pembimbing`.`email`, `umri-teknik-industri`.`Pembimbing`.`status`, `umri-teknik-industri`.`Pembimbing`.`remember_token`, `umri-teknik-industri`.`Pembimbing`.`created_at`, `umri-teknik-industri`.`Pembimbing`.`update_at` FROM `umri-teknik-industri`.`Pembimbing` WHERE `umri-teknik-industri`.`Pembimbing`.`id` = ? LIMIT ? OFFSET ?","target":"quaint::connector::metrics","timestamp":"2024-08-04T14:08:13.490Z"},"timestamp":"2024-08-04T14:08:13.490Z"}
{"level":"info","message":{"duration":0,"params":"[]","query":"COMMIT","target":"quaint::connector::metrics","timestamp":"2024-08-04T14:08:13.490Z"},"timestamp":"2024-08-04T14:08:13.491Z"}
{"level":"info","message":{"duration":0,"params":"[\"testing\",1,0]","query":"SELECT `umri-teknik-industri`.`Kordinator`.`id`, `umri-teknik-industri`.`Kordinator`.`nama`, `umri-teknik-industri`.`Kordinator`.`no_hp`, `umri-teknik-industri`.`Kordinator`.`nidn`, `umri-teknik-industri`.`Kordinator`.`jabatan`, `umri-teknik-industri`.`Kordinator`.`username`, `umri-teknik-industri`.`Kordinator`.`password`, `umri-teknik-industri`.`Kordinator`.`email`, `umri-teknik-industri`.`Kordinator`.`status`, `umri-teknik-industri`.`Kordinator`.`remember_token`, `umri-teknik-industri`.`Kordinator`.`created_at`, `umri-teknik-industri`.`Kordinator`.`update_at` FROM `umri-teknik-industri`.`Kordinator` WHERE `umri-teknik-industri`.`Kordinator`.`username` = ? LIMIT ? OFFSET ?","target":"quaint::connector::metrics","timestamp":"2024-08-04T14:08:13.512Z"},"timestamp":"2024-08-04T14:08:13.512Z"}
{"level":"info","message":{"duration":0,"params":"[]","query":"BEGIN","target":"quaint::connector::metrics","timestamp":"2024-08-04T14:08:13.569Z"},"timestamp":"2024-08-04T14:08:13.569Z"}
{"level":"info","message":{"duration":0,"params":"[\"ef025cc9-5b7e-4f1f-8cc6-c6ea9b0c4c72\"]","query":"SELECT `umri-teknik-industri`.`Kordinator`.`id` FROM `umri-teknik-industri`.`Kordinator` WHERE (`umri-teknik-industri`.`Kordinator`.`id` = ? AND 1=1)","target":"quaint::connector::metrics","timestamp":"2024-08-04T14:08:13.570Z"},"timestamp":"2024-08-04T14:08:13.570Z"}
{"level":"info","message":{"duration":1,"params":"[\"eyJhbGciOiJIUzI1NiIsInR5cCI6IkpXVCJ9.eyJpZCI6ImVmMDI1Y2M5LTViN2UtNGYxZi04Y2M2LWM2ZWE5YjBjNGM3MiIsInJvbGUiOiJrb3JkaW5hdG9yIiwiaWF0IjoxNzIyNzgwNDkzLCJleHAiOjE3MjMzODUyOTN9.pHE2MJM0TVSV0a94RR4x77CoObBXsSuqRFM7BWe9kq0\",\"2024-08-04 14:08:13.577 UTC\",\"ef025cc9-5b7e-4f1f-8cc6-c6ea9b0c4c72\",\"ef025cc9-5b7e-4f1f-8cc6-c6ea9b0c4c72\"]","query":"UPDATE `umri-teknik-industri`.`Kordinator` SET `remember_token` = ?, `update_at` = ? WHERE (`umri-teknik-industri`.`Kordinator`.`id` IN (?) AND (`umri-teknik-industri`.`Kordinator`.`id` = ? AND 1=1))","target":"quaint::connector::metrics","timestamp":"2024-08-04T14:08:13.571Z"},"timestamp":"2024-08-04T14:08:13.571Z"}
{"level":"info","message":{"duration":0,"params":"[\"ef025cc9-5b7e-4f1f-8cc6-c6ea9b0c4c72\",1,0]","query":"SELECT `umri-teknik-industri`.`Kordinator`.`id`, `umri-teknik-industri`.`Kordinator`.`nama`, `umri-teknik-industri`.`Kordinator`.`no_hp`, `umri-teknik-industri`.`Kordinator`.`nidn`, `umri-teknik-industri`.`Kordinator`.`jabatan`, `umri-teknik-industri`.`Kordinator`.`username`, `umri-teknik-industri`.`Kordinator`.`password`, `umri-teknik-industri`.`Kordinator`.`email`, `umri-teknik-industri`.`Kordinator`.`status`, `umri-teknik-industri`.`Kordinator`.`remember_token`, `umri-teknik-industri`.`Kordinator`.`created_at`, `umri-teknik-industri`.`Kordinator`.`update_at` FROM `umri-teknik-industri`.`Kordinator` WHERE `umri-teknik-industri`.`Kordinator`.`id` = ? LIMIT ? OFFSET ?","target":"quaint::connector::metrics","timestamp":"2024-08-04T14:08:13.572Z"},"timestamp":"2024-08-04T14:08:13.572Z"}
{"level":"info","message":{"duration":0,"params":"[]","query":"COMMIT","target":"quaint::connector::metrics","timestamp":"2024-08-04T14:08:13.572Z"},"timestamp":"2024-08-04T14:08:13.572Z"}
{"level":"info","message":{"duration":0,"params":"[\"testing\"]","query":"SELECT COUNT(*) FROM (SELECT `umri-teknik-industri`.`Pembimbing`.`id` FROM `umri-teknik-industri`.`Pembimbing` WHERE `umri-teknik-industri`.`Pembimbing`.`username` = ?) AS `sub`","target":"quaint::connector::metrics","timestamp":"2024-08-04T14:08:13.585Z"},"timestamp":"2024-08-04T14:08:13.585Z"}
{"data":null,"error":true,"level":"error","message":"nidn testing sudah ada sebagai dosen pembimbing","refrence":null,"status":400,"timestamp":"2024-08-04T14:08:13.588Z"}
{"level":"info","message":{"duration":1,"params":"[\"testing\"]","query":"DELETE FROM `umri-teknik-industri`.`Pembimbing` WHERE `umri-teknik-industri`.`Pembimbing`.`username` = ?","target":"quaint::connector::metrics","timestamp":"2024-08-04T14:08:13.592Z"},"timestamp":"2024-08-04T14:08:13.592Z"}
{"level":"info","message":{"duration":0,"params":"[\"testing\"]","query":"DELETE FROM `umri-teknik-industri`.`Kordinator` WHERE `umri-teknik-industri`.`Kordinator`.`nidn` = ?","target":"quaint::connector::metrics","timestamp":"2024-08-04T14:08:13.595Z"},"timestamp":"2024-08-04T14:08:13.595Z"}
{"level":"info","message":"Starting a mysql pool with 13 connections.","target":"quaint::pooled","timestamp":"2024-08-04T14:09:29.559Z"}
{"level":"info","message":{"duration":0,"params":"[]","query":"BEGIN","target":"quaint::connector::metrics","timestamp":"2024-08-04T14:09:29.565Z"},"timestamp":"2024-08-04T14:09:29.565Z"}
{"level":"info","message":{"duration":1,"params":"[\"42afae29-6fa8-4338-bb61-e615fbe5e1a8\",\"testing\",\"testing\",\"testing\",\"testing\",\"testing\",\"$2b$10$YLd54YLmQ55Em/sCzGc8/.bYerSAuvk8FrvocldGuB.kFrDRNuxMm\",\"testing\",\"testing\",\"testing\",\"2024-08-04 14:09:29.572 UTC\",\"2024-08-04 14:09:29.572 UTC\"]","query":"INSERT INTO `umri-teknik-industri`.`Kordinator` (`id`,`nama`,`no_hp`,`nidn`,`jabatan`,`username`,`password`,`email`,`status`,`remember_token`,`created_at`,`update_at`) VALUES (?,?,?,?,?,?,?,?,?,?,?,?)","target":"quaint::connector::metrics","timestamp":"2024-08-04T14:09:29.567Z"},"timestamp":"2024-08-04T14:09:29.567Z"}
{"level":"info","message":{"duration":0,"params":"[\"42afae29-6fa8-4338-bb61-e615fbe5e1a8\",1,0]","query":"SELECT `umri-teknik-industri`.`Kordinator`.`id`, `umri-teknik-industri`.`Kordinator`.`nama`, `umri-teknik-industri`.`Kordinator`.`no_hp`, `umri-teknik-industri`.`Kordinator`.`nidn`, `umri-teknik-industri`.`Kordinator`.`jabatan`, `umri-teknik-industri`.`Kordinator`.`username`, `umri-teknik-industri`.`Kordinator`.`password`, `umri-teknik-industri`.`Kordinator`.`email`, `umri-teknik-industri`.`Kordinator`.`status`, `umri-teknik-industri`.`Kordinator`.`remember_token`, `umri-teknik-industri`.`Kordinator`.`created_at`, `umri-teknik-industri`.`Kordinator`.`update_at` FROM `umri-teknik-industri`.`Kordinator` WHERE `umri-teknik-industri`.`Kordinator`.`id` = ? LIMIT ? OFFSET ?","target":"quaint::connector::metrics","timestamp":"2024-08-04T14:09:29.567Z"},"timestamp":"2024-08-04T14:09:29.567Z"}
{"level":"info","message":{"duration":0,"params":"[]","query":"COMMIT","target":"quaint::connector::metrics","timestamp":"2024-08-04T14:09:29.568Z"},"timestamp":"2024-08-04T14:09:29.568Z"}
{"level":"info","message":{"duration":0,"params":"[\"testing\",1,0]","query":"SELECT `umri-teknik-industri`.`Kordinator`.`id`, `umri-teknik-industri`.`Kordinator`.`nama`, `umri-teknik-industri`.`Kordinator`.`no_hp`, `umri-teknik-industri`.`Kordinator`.`nidn`, `umri-teknik-industri`.`Kordinator`.`jabatan`, `umri-teknik-industri`.`Kordinator`.`username`, `umri-teknik-industri`.`Kordinator`.`password`, `umri-teknik-industri`.`Kordinator`.`email`, `umri-teknik-industri`.`Kordinator`.`status`, `umri-teknik-industri`.`Kordinator`.`remember_token`, `umri-teknik-industri`.`Kordinator`.`created_at`, `umri-teknik-industri`.`Kordinator`.`update_at` FROM `umri-teknik-industri`.`Kordinator` WHERE `umri-teknik-industri`.`Kordinator`.`username` = ? LIMIT ? OFFSET ?","target":"quaint::connector::metrics","timestamp":"2024-08-04T14:09:29.590Z"},"timestamp":"2024-08-04T14:09:29.590Z"}
{"level":"info","message":{"duration":0,"params":"[]","query":"BEGIN","target":"quaint::connector::metrics","timestamp":"2024-08-04T14:09:29.648Z"},"timestamp":"2024-08-04T14:09:29.648Z"}
{"level":"info","message":{"duration":0,"params":"[\"42afae29-6fa8-4338-bb61-e615fbe5e1a8\"]","query":"SELECT `umri-teknik-industri`.`Kordinator`.`id` FROM `umri-teknik-industri`.`Kordinator` WHERE (`umri-teknik-industri`.`Kordinator`.`id` = ? AND 1=1)","target":"quaint::connector::metrics","timestamp":"2024-08-04T14:09:29.649Z"},"timestamp":"2024-08-04T14:09:29.649Z"}
{"level":"info","message":{"duration":1,"params":"[\"eyJhbGciOiJIUzI1NiIsInR5cCI6IkpXVCJ9.eyJpZCI6IjQyYWZhZTI5LTZmYTgtNDMzOC1iYjYxLWU2MTVmYmU1ZTFhOCIsInJvbGUiOiJrb3JkaW5hdG9yIiwiaWF0IjoxNzIyNzgwNTY5LCJleHAiOjE3MjMzODUzNjl9.H-E3LXG990qYgI9ua1VV0SiVe-2VBH5uMQS7NnLRL4g\",\"2024-08-04 14:09:29.655 UTC\",\"42afae29-6fa8-4338-bb61-e615fbe5e1a8\",\"42afae29-6fa8-4338-bb61-e615fbe5e1a8\"]","query":"UPDATE `umri-teknik-industri`.`Kordinator` SET `remember_token` = ?, `update_at` = ? WHERE (`umri-teknik-industri`.`Kordinator`.`id` IN (?) AND (`umri-teknik-industri`.`Kordinator`.`id` = ? AND 1=1))","target":"quaint::connector::metrics","timestamp":"2024-08-04T14:09:29.650Z"},"timestamp":"2024-08-04T14:09:29.650Z"}
{"level":"info","message":{"duration":0,"params":"[\"42afae29-6fa8-4338-bb61-e615fbe5e1a8\",1,0]","query":"SELECT `umri-teknik-industri`.`Kordinator`.`id`, `umri-teknik-industri`.`Kordinator`.`nama`, `umri-teknik-industri`.`Kordinator`.`no_hp`, `umri-teknik-industri`.`Kordinator`.`nidn`, `umri-teknik-industri`.`Kordinator`.`jabatan`, `umri-teknik-industri`.`Kordinator`.`username`, `umri-teknik-industri`.`Kordinator`.`password`, `umri-teknik-industri`.`Kordinator`.`email`, `umri-teknik-industri`.`Kordinator`.`status`, `umri-teknik-industri`.`Kordinator`.`remember_token`, `umri-teknik-industri`.`Kordinator`.`created_at`, `umri-teknik-industri`.`Kordinator`.`update_at` FROM `umri-teknik-industri`.`Kordinator` WHERE `umri-teknik-industri`.`Kordinator`.`id` = ? LIMIT ? OFFSET ?","target":"quaint::connector::metrics","timestamp":"2024-08-04T14:09:29.651Z"},"timestamp":"2024-08-04T14:09:29.651Z"}
{"level":"info","message":{"duration":0,"params":"[]","query":"COMMIT","target":"quaint::connector::metrics","timestamp":"2024-08-04T14:09:29.651Z"},"timestamp":"2024-08-04T14:09:29.651Z"}
{"level":"info","message":{"duration":0,"params":"[\"testing\"]","query":"SELECT COUNT(*) FROM (SELECT `umri-teknik-industri`.`Pembimbing`.`id` FROM `umri-teknik-industri`.`Pembimbing` WHERE `umri-teknik-industri`.`Pembimbing`.`username` = ?) AS `sub`","target":"quaint::connector::metrics","timestamp":"2024-08-04T14:09:29.666Z"},"timestamp":"2024-08-04T14:09:29.666Z"}
{"level":"info","message":{"duration":0,"params":"[]","query":"BEGIN","target":"quaint::connector::metrics","timestamp":"2024-08-04T14:09:29.719Z"},"timestamp":"2024-08-04T14:09:29.719Z"}
{"level":"info","message":{"duration":1,"params":"[\"25bb2add-f131-40f1-b97e-db7520c72ec4\",\"testing\",\"testing\",\"testing\",\"testing\",\"testing\",\"$2b$10$klgFHqOcoP2JIZS5jLUuEuXvLH0dITPQyApGT9OZS48Fco2nGMmPu\",\"testing\",\"active\",\"\",\"2024-08-04 14:09:29.726 UTC\",\"2024-08-04 14:09:29.726 UTC\"]","query":"INSERT INTO `umri-teknik-industri`.`Pembimbing` (`id`,`nama`,`no_hp`,`nidn`,`jabatan`,`username`,`password`,`email`,`status`,`remember_token`,`created_at`,`update_at`) VALUES (?,?,?,?,?,?,?,?,?,?,?,?)","target":"quaint::connector::metrics","timestamp":"2024-08-04T14:09:29.721Z"},"timestamp":"2024-08-04T14:09:29.721Z"}
{"level":"info","message":{"duration":1,"params":"[\"25bb2add-f131-40f1-b97e-db7520c72ec4\",1,0]","query":"SELECT `umri-teknik-industri`.`Pembimbing`.`id`, `umri-teknik-industri`.`Pembimbing`.`username`, `umri-teknik-industri`.`Pembimbing`.`created_at` FROM `umri-teknik-industri`.`Pembimbing` WHERE `umri-teknik-industri`.`Pembimbing`.`id` = ? LIMIT ? OFFSET ?","target":"quaint::connector::metrics","timestamp":"2024-08-04T14:09:29.723Z"},"timestamp":"2024-08-04T14:09:29.723Z"}
{"level":"info","message":{"duration":0,"params":"[]","query":"COMMIT","target":"quaint::connector::metrics","timestamp":"2024-08-04T14:09:29.723Z"},"timestamp":"2024-08-04T14:09:29.724Z"}
{"data":{"created_at":"2024-08-04T14:09:29.000Z","id":"25bb2add-f131-40f1-b97e-db7520c72ec4","username":"testing"},"error":false,"level":"info","message":"berhasil membuat akun pembimbing","refrence":null,"status":200,"timestamp":"2024-08-04T14:09:29.725Z"}
{"level":"info","message":{"duration":0,"params":"[\"testing\"]","query":"DELETE FROM `umri-teknik-industri`.`Kordinator` WHERE `umri-teknik-industri`.`Kordinator`.`nidn` = ?","target":"quaint::connector::metrics","timestamp":"2024-08-04T14:09:29.727Z"},"timestamp":"2024-08-04T14:09:29.727Z"}
