{"level":"info","message":"Server Running on Port : 3001","timestamp":"2024-08-15T03:19:12.781Z"}
{"level":"info","message":"Server Running on Port : 3001","timestamp":"2024-08-15T03:20:31.974Z"}
{"level":"info","message":"Server Running on Port : 3001","timestamp":"2024-08-15T03:21:30.231Z"}
{"level":"info","message":"Server Running on Port : 3001","timestamp":"2024-08-15T03:21:30.960Z"}
{"level":"info","message":"Server Running on Port : 3001","timestamp":"2024-08-15T03:21:38.479Z"}
{"level":"info","message":"Server Running on Port : 3001","timestamp":"2024-08-15T03:24:16.062Z"}
{"level":"info","message":"Server Running on Port : 3001","timestamp":"2024-08-15T03:24:36.375Z"}
{"level":"info","message":"Server Running on Port : 3001","timestamp":"2024-08-15T03:25:35.879Z"}
{"level":"info","message":"Server Running on Port : 3001","timestamp":"2024-08-15T03:26:42.447Z"}
{"level":"info","message":"Server Running on Port : 3001","timestamp":"2024-08-15T03:27:31.945Z"}
{"level":"info","message":"Server Running on Port : 3001","timestamp":"2024-08-15T03:27:33.300Z"}
{"level":"info","message":"Server Running on Port : 3001","timestamp":"2024-08-15T03:27:37.692Z"}
{"level":"info","message":"Server Running on Port : 3001","timestamp":"2024-08-15T03:27:50.644Z"}
{"level":"info","message":"Server Running on Port : 3001","timestamp":"2024-08-15T03:28:19.490Z"}
{"level":"info","message":"Server Running on Port : 3001","timestamp":"2024-08-15T03:28:33.785Z"}
{"level":"info","message":"Server Running on Port : 3001","timestamp":"2024-08-15T03:28:36.986Z"}
{"level":"info","message":"Server Running on Port : 3001","timestamp":"2024-08-15T03:29:00.657Z"}
{"level":"info","message":"Server Running on Port : 3001","timestamp":"2024-08-15T03:29:09.094Z"}
{"level":"info","message":"Server Running on Port : 3001","timestamp":"2024-08-15T03:30:15.763Z"}
{"level":"info","message":"Server Running on Port : 3001","timestamp":"2024-08-15T03:30:27.237Z"}
{"level":"info","message":"Server Running on Port : 3001","timestamp":"2024-08-15T03:30:27.837Z"}
{"level":"info","message":"Server Running on Port : 3001","timestamp":"2024-08-15T03:30:57.488Z"}
{"level":"info","message":"Server Running on Port : 3001","timestamp":"2024-08-15T03:31:04.328Z"}
{"level":"info","message":"Server Running on Port : 3001","timestamp":"2024-08-15T03:31:10.537Z"}
{"level":"info","message":"Server Running on Port : 3001","timestamp":"2024-08-15T03:31:29.244Z"}
{"level":"info","message":"Server Running on Port : 3001","timestamp":"2024-08-15T03:32:09.854Z"}
{"level":"info","message":"Server Running on Port : 3001","timestamp":"2024-08-15T03:32:32.806Z"}
{"level":"info","message":"Server Running on Port : 3001","timestamp":"2024-08-15T03:34:29.274Z"}
{"level":"info","message":"Server Running on Port : 3001","timestamp":"2024-08-15T03:34:45.204Z"}
{"level":"info","message":"Server Running on Port : 3001","timestamp":"2024-08-15T03:35:00.343Z"}
{"level":"info","message":"Server Running on Port : 3001","timestamp":"2024-08-15T03:35:39.742Z"}
{"level":"info","message":"Server Running on Port : 3001","timestamp":"2024-08-15T03:36:14.194Z"}
{"level":"info","message":"Server Running on Port : 3001","timestamp":"2024-08-15T03:36:16.328Z"}
{"level":"info","message":"Server Running on Port : 3001","timestamp":"2024-08-15T03:36:20.885Z"}
{"level":"info","message":"Server Running on Port : 3001","timestamp":"2024-08-15T03:37:18.310Z"}
{"level":"info","message":"Server Running on Port : 3001","timestamp":"2024-08-15T03:37:34.199Z"}
{"level":"error","message":"Unexpected field","timestamp":"2024-08-15T03:38:38.053Z"}
{"level":"info","message":"Server Running on Port : 3001","timestamp":"2024-08-15T03:39:54.091Z"}
{"level":"info","message":"Server Running on Port : 3001","timestamp":"2024-08-15T03:39:54.669Z"}
{"level":"info","message":"Server Running on Port : 3001","timestamp":"2024-08-15T03:40:09.430Z"}
{"level":"error","message":"productService is not defined","timestamp":"2024-08-15T03:40:14.859Z"}
{"level":"info","message":"Server Running on Port : 3001","timestamp":"2024-08-15T03:40:47.213Z"}
{"level":"info","message":"Server Running on Port : 3001","timestamp":"2024-08-15T03:41:32.319Z"}
{"level":"info","message":"Server Running on Port : 3001","timestamp":"2024-08-15T03:44:37.561Z"}
{"level":"info","message":"Server Running on Port : 3001","timestamp":"2024-08-15T03:45:11.501Z"}
{"level":"info","message":"Server Running on Port : 3001","timestamp":"2024-08-15T03:45:46.683Z"}
{"level":"info","message":"Server Running on Port : 3001","timestamp":"2024-08-15T03:45:56.022Z"}
{"level":"info","message":"Server Running on Port : 3001","timestamp":"2024-08-15T03:47:59.368Z"}
{"level":"info","message":"Server Running on Port : 3001","timestamp":"2024-08-15T03:49:04.480Z"}
{"level":"info","message":"Server Running on Port : 3001","timestamp":"2024-08-15T03:49:22.521Z"}
{"level":"info","message":"Server Running on Port : 3001","timestamp":"2024-08-15T03:49:28.844Z"}
{"level":"info","message":"Starting a mysql pool with 13 connections.","target":"quaint::pooled","timestamp":"2024-08-15T03:49:34.831Z"}
{"level":"info","message":{"duration":0,"params":"[]","query":"BEGIN","target":"quaint::connector::metrics","timestamp":"2024-08-15T03:49:34.878Z"},"timestamp":"2024-08-15T03:49:34.878Z"}
{"level":"info","message":{"duration":48,"params":"[\"7e1992b9-d74f-4abe-994d-90602a827c91\",\"ini file testing\",\"http://localhost:3001/files/8cedaa39-39c1-461e-bee3-64d3b45416e7.docx\",\"2024-08-15 03:49:34.872 UTC\",\"2024-08-15 03:49:34.872 UTC\"]","query":"INSERT INTO `new_db_umri`.`form_or_file` (`id`,`deskripsi`,`url`,`created_at`,`update_at`) VALUES (?,?,?,?,?)","target":"quaint::connector::metrics","timestamp":"2024-08-15T03:49:34.933Z"},"timestamp":"2024-08-15T03:49:34.933Z"}
{"level":"info","message":{"duration":3,"params":"[\"7e1992b9-d74f-4abe-994d-90602a827c91\",1,0]","query":"SELECT `new_db_umri`.`form_or_file`.`id`, `new_db_umri`.`form_or_file`.`deskripsi`, `new_db_umri`.`form_or_file`.`url`, `new_db_umri`.`form_or_file`.`created_at`, `new_db_umri`.`form_or_file`.`update_at` FROM `new_db_umri`.`form_or_file` WHERE `new_db_umri`.`form_or_file`.`id` = ? LIMIT ? OFFSET ?","target":"quaint::connector::metrics","timestamp":"2024-08-15T03:49:34.940Z"},"timestamp":"2024-08-15T03:49:34.940Z"}
{"level":"info","message":{"duration":1,"params":"[]","query":"COMMIT","target":"quaint::connector::metrics","timestamp":"2024-08-15T03:49:34.942Z"},"timestamp":"2024-08-15T03:49:34.942Z"}
{"level":"info","message":{"duration":0,"params":"[]","query":"SELECT 1","target":"quaint::connector::metrics","timestamp":"2024-08-15T03:50:05.183Z"},"timestamp":"2024-08-15T03:50:05.183Z"}
{"level":"info","message":{"duration":0,"params":"[]","query":"BEGIN","target":"quaint::connector::metrics","timestamp":"2024-08-15T03:50:05.184Z"},"timestamp":"2024-08-15T03:50:05.184Z"}
{"level":"info","message":{"duration":0,"params":"[\"af5cc82d-6317-4385-bd34-6b85ea91802e\",\"ini file testing\",\"http://localhost:3001/files/a458087f-7088-42ef-a485-1f79685e59d7.pdf\",\"2024-08-15 03:50:05.184 UTC\",\"2024-08-15 03:50:05.184 UTC\"]","query":"INSERT INTO `new_db_umri`.`form_or_file` (`id`,`deskripsi`,`url`,`created_at`,`update_at`) VALUES (?,?,?,?,?)","target":"quaint::connector::metrics","timestamp":"2024-08-15T03:50:05.185Z"},"timestamp":"2024-08-15T03:50:05.185Z"}
{"level":"info","message":{"duration":0,"params":"[\"af5cc82d-6317-4385-bd34-6b85ea91802e\",1,0]","query":"SELECT `new_db_umri`.`form_or_file`.`id`, `new_db_umri`.`form_or_file`.`deskripsi`, `new_db_umri`.`form_or_file`.`url`, `new_db_umri`.`form_or_file`.`created_at`, `new_db_umri`.`form_or_file`.`update_at` FROM `new_db_umri`.`form_or_file` WHERE `new_db_umri`.`form_or_file`.`id` = ? LIMIT ? OFFSET ?","target":"quaint::connector::metrics","timestamp":"2024-08-15T03:50:05.185Z"},"timestamp":"2024-08-15T03:50:05.185Z"}
{"level":"info","message":{"duration":0,"params":"[]","query":"COMMIT","target":"quaint::connector::metrics","timestamp":"2024-08-15T03:50:05.186Z"},"timestamp":"2024-08-15T03:50:05.186Z"}
{"level":"info","message":"Server Running on Port : 3001","timestamp":"2024-08-15T03:50:44.131Z"}
{"level":"info","message":"Server Running on Port : 3001","timestamp":"2024-08-15T03:51:49.595Z"}
{"level":"info","message":"Server Running on Port : 3001","timestamp":"2024-08-15T03:52:09.784Z"}
{"level":"info","message":"Server Running on Port : 3001","timestamp":"2024-08-15T03:52:12.126Z"}
{"level":"info","message":"Server Running on Port : 3001","timestamp":"2024-08-15T03:52:12.608Z"}
{"level":"info","message":"Server Running on Port : 3001","timestamp":"2024-08-15T03:52:17.302Z"}
{"level":"info","message":"Server Running on Port : 3001","timestamp":"2024-08-15T03:52:37.361Z"}
{"level":"info","message":"Server Running on Port : 3001","timestamp":"2024-08-15T03:52:56.769Z"}
{"level":"info","message":"Server Running on Port : 3001","timestamp":"2024-08-15T03:53:09.360Z"}
{"level":"info","message":"Server Running on Port : 3001","timestamp":"2024-08-15T03:53:37.103Z"}
{"level":"info","message":"Server Running on Port : 3001","timestamp":"2024-08-15T03:53:49.677Z"}
{"level":"info","message":"Server Running on Port : 3001","timestamp":"2024-08-15T03:54:09.820Z"}
{"level":"info","message":"Server Running on Port : 3001","timestamp":"2024-08-15T03:54:41.550Z"}
{"level":"info","message":"Server Running on Port : 3001","timestamp":"2024-08-15T03:54:49.755Z"}
{"level":"info","message":"Server Running on Port : 3001","timestamp":"2024-08-15T03:55:00.598Z"}
{"level":"info","message":"Server Running on Port : 3001","timestamp":"2024-08-15T03:55:04.463Z"}
{"level":"info","message":"Server Running on Port : 3001","timestamp":"2024-08-15T03:55:20.496Z"}
{"level":"info","message":"Server Running on Port : 3001","timestamp":"2024-08-15T03:55:47.064Z"}
{"level":"info","message":"Server Running on Port : 3001","timestamp":"2024-08-15T03:55:52.567Z"}
{"level":"info","message":"Server Running on Port : 3001","timestamp":"2024-08-15T03:56:24.665Z"}
{"level":"info","message":"Server Running on Port : 3001","timestamp":"2024-08-15T03:57:08.970Z"}
{"level":"info","message":"Server Running on Port : 3001","timestamp":"2024-08-15T03:57:22.439Z"}
{"level":"info","message":"Server Running on Port : 3001","timestamp":"2024-08-15T03:57:34.555Z"}
{"level":"info","message":"Server Running on Port : 3001","timestamp":"2024-08-15T03:57:37.605Z"}
{"level":"info","message":"Server Running on Port : 3001","timestamp":"2024-08-15T03:57:40.780Z"}
{"level":"info","message":"Server Running on Port : 3001","timestamp":"2024-08-15T03:58:36.000Z"}
{"level":"info","message":"Server Running on Port : 3001","timestamp":"2024-08-15T03:58:37.351Z"}
{"level":"info","message":"Starting a mysql pool with 13 connections.","target":"quaint::pooled","timestamp":"2024-08-15T03:58:50.560Z"}
{"level":"info","message":{"duration":2,"params":"[30,0]","query":"SELECT `new_db_umri`.`form_or_file`.`id`, `new_db_umri`.`form_or_file`.`deskripsi`, `new_db_umri`.`form_or_file`.`url`, `new_db_umri`.`form_or_file`.`created_at`, `new_db_umri`.`form_or_file`.`update_at` FROM `new_db_umri`.`form_or_file` WHERE 1=1 ORDER BY `new_db_umri`.`form_or_file`.`created_at` DESC LIMIT ? OFFSET ?","target":"quaint::connector::metrics","timestamp":"2024-08-15T03:58:50.575Z"},"timestamp":"2024-08-15T03:58:50.575Z"}
{"level":"error","message":"responses is not defined","timestamp":"2024-08-15T03:58:50.579Z"}
{"level":"info","message":"Server Running on Port : 3001","timestamp":"2024-08-15T03:59:02.050Z"}
{"level":"info","message":"Starting a mysql pool with 13 connections.","target":"quaint::pooled","timestamp":"2024-08-15T03:59:03.790Z"}
{"level":"info","message":{"duration":0,"params":"[30,0]","query":"SELECT `new_db_umri`.`form_or_file`.`id`, `new_db_umri`.`form_or_file`.`deskripsi`, `new_db_umri`.`form_or_file`.`url`, `new_db_umri`.`form_or_file`.`created_at`, `new_db_umri`.`form_or_file`.`update_at` FROM `new_db_umri`.`form_or_file` WHERE 1=1 ORDER BY `new_db_umri`.`form_or_file`.`created_at` DESC LIMIT ? OFFSET ?","target":"quaint::connector::metrics","timestamp":"2024-08-15T03:59:03.796Z"},"timestamp":"2024-08-15T03:59:03.796Z"}
{"level":"error","message":"responses is not defined","timestamp":"2024-08-15T03:59:03.799Z"}
{"level":"info","message":"Server Running on Port : 3001","timestamp":"2024-08-15T03:59:07.257Z"}
{"level":"info","message":"Starting a mysql pool with 13 connections.","target":"quaint::pooled","timestamp":"2024-08-15T03:59:08.459Z"}
{"level":"info","message":{"duration":0,"params":"[30,0]","query":"SELECT `new_db_umri`.`form_or_file`.`id`, `new_db_umri`.`form_or_file`.`deskripsi`, `new_db_umri`.`form_or_file`.`url`, `new_db_umri`.`form_or_file`.`created_at`, `new_db_umri`.`form_or_file`.`update_at` FROM `new_db_umri`.`form_or_file` WHERE 1=1 ORDER BY `new_db_umri`.`form_or_file`.`created_at` DESC LIMIT ? OFFSET ?","target":"quaint::connector::metrics","timestamp":"2024-08-15T03:59:08.464Z"},"timestamp":"2024-08-15T03:59:08.464Z"}
{"level":"info","message":{"duration":0,"params":"[]","query":"BEGIN","target":"quaint::connector::metrics","timestamp":"2024-08-15T03:59:20.997Z"},"timestamp":"2024-08-15T03:59:20.997Z"}
{"level":"info","message":{"duration":0,"params":"[\"c613ba98-1133-4fad-be31-6d73a8185d1a\",\"ini file testing\",\"http://localhost:3001/files/f3162d23-32b0-4097-a4a3-c7eb11bfd800.pdf\",\"2024-08-15 03:59:20.998 UTC\",\"2024-08-15 03:59:20.998 UTC\"]","query":"INSERT INTO `new_db_umri`.`form_or_file` (`id`,`deskripsi`,`url`,`created_at`,`update_at`) VALUES (?,?,?,?,?)","target":"quaint::connector::metrics","timestamp":"2024-08-15T03:59:20.998Z"},"timestamp":"2024-08-15T03:59:20.998Z"}
{"level":"info","message":{"duration":0,"params":"[\"c613ba98-1133-4fad-be31-6d73a8185d1a\",1,0]","query":"SELECT `new_db_umri`.`form_or_file`.`id`, `new_db_umri`.`form_or_file`.`deskripsi`, `new_db_umri`.`form_or_file`.`url`, `new_db_umri`.`form_or_file`.`created_at`, `new_db_umri`.`form_or_file`.`update_at` FROM `new_db_umri`.`form_or_file` WHERE `new_db_umri`.`form_or_file`.`id` = ? LIMIT ? OFFSET ?","target":"quaint::connector::metrics","timestamp":"2024-08-15T03:59:20.998Z"},"timestamp":"2024-08-15T03:59:20.998Z"}
{"level":"info","message":{"duration":0,"params":"[]","query":"COMMIT","target":"quaint::connector::metrics","timestamp":"2024-08-15T03:59:20.999Z"},"timestamp":"2024-08-15T03:59:20.999Z"}
{"level":"info","message":{"duration":0,"params":"[30,0]","query":"SELECT `new_db_umri`.`form_or_file`.`id`, `new_db_umri`.`form_or_file`.`deskripsi`, `new_db_umri`.`form_or_file`.`url`, `new_db_umri`.`form_or_file`.`created_at`, `new_db_umri`.`form_or_file`.`update_at` FROM `new_db_umri`.`form_or_file` WHERE 1=1 ORDER BY `new_db_umri`.`form_or_file`.`created_at` DESC LIMIT ? OFFSET ?","target":"quaint::connector::metrics","timestamp":"2024-08-15T03:59:22.580Z"},"timestamp":"2024-08-15T03:59:22.580Z"}
{"level":"info","message":{"duration":0,"params":"[]","query":"SELECT 1","target":"quaint::connector::metrics","timestamp":"2024-08-15T03:59:31.831Z"},"timestamp":"2024-08-15T03:59:31.832Z"}
{"level":"info","message":{"duration":0,"params":"[30,30]","query":"SELECT `new_db_umri`.`form_or_file`.`id`, `new_db_umri`.`form_or_file`.`deskripsi`, `new_db_umri`.`form_or_file`.`url`, `new_db_umri`.`form_or_file`.`created_at`, `new_db_umri`.`form_or_file`.`update_at` FROM `new_db_umri`.`form_or_file` WHERE 1=1 ORDER BY `new_db_umri`.`form_or_file`.`created_at` DESC LIMIT ? OFFSET ?","target":"quaint::connector::metrics","timestamp":"2024-08-15T03:59:31.832Z"},"timestamp":"2024-08-15T03:59:31.832Z"}
{"level":"info","message":{"duration":0,"params":"[30,0]","query":"SELECT `new_db_umri`.`form_or_file`.`id`, `new_db_umri`.`form_or_file`.`deskripsi`, `new_db_umri`.`form_or_file`.`url`, `new_db_umri`.`form_or_file`.`created_at`, `new_db_umri`.`form_or_file`.`update_at` FROM `new_db_umri`.`form_or_file` WHERE 1=1 ORDER BY `new_db_umri`.`form_or_file`.`created_at` DESC LIMIT ? OFFSET ?","target":"quaint::connector::metrics","timestamp":"2024-08-15T03:59:36.690Z"},"timestamp":"2024-08-15T03:59:36.690Z"}
{"level":"info","message":{"duration":0,"params":"[]","query":"SELECT 1","target":"quaint::connector::metrics","timestamp":"2024-08-15T03:59:46.973Z"},"timestamp":"2024-08-15T03:59:46.973Z"}
{"level":"info","message":{"duration":1,"params":"[\"%2%\",30,0]","query":"SELECT `new_db_umri`.`form_or_file`.`id`, `new_db_umri`.`form_or_file`.`deskripsi`, `new_db_umri`.`form_or_file`.`url`, `new_db_umri`.`form_or_file`.`created_at`, `new_db_umri`.`form_or_file`.`update_at` FROM `new_db_umri`.`form_or_file` WHERE `new_db_umri`.`form_or_file`.`deskripsi` LIKE ? ORDER BY `new_db_umri`.`form_or_file`.`created_at` DESC LIMIT ? OFFSET ?","target":"quaint::connector::metrics","timestamp":"2024-08-15T03:59:46.976Z"},"timestamp":"2024-08-15T03:59:46.976Z"}
{"level":"info","message":{"duration":0,"params":"[\"%testing%\",30,0]","query":"SELECT `new_db_umri`.`form_or_file`.`id`, `new_db_umri`.`form_or_file`.`deskripsi`, `new_db_umri`.`form_or_file`.`url`, `new_db_umri`.`form_or_file`.`created_at`, `new_db_umri`.`form_or_file`.`update_at` FROM `new_db_umri`.`form_or_file` WHERE `new_db_umri`.`form_or_file`.`deskripsi` LIKE ? ORDER BY `new_db_umri`.`form_or_file`.`created_at` DESC LIMIT ? OFFSET ?","target":"quaint::connector::metrics","timestamp":"2024-08-15T03:59:52.780Z"},"timestamp":"2024-08-15T03:59:52.780Z"}
{"level":"info","message":"Server Running on Port : 3001","timestamp":"2024-08-15T04:04:02.639Z"}
{"level":"info","message":"Server Running on Port : 3001","timestamp":"2024-08-15T04:04:03.238Z"}
{"level":"info","message":"Server Running on Port : 3001","timestamp":"2024-08-15T04:04:06.408Z"}
{"level":"info","message":"Server Running on Port : 3001","timestamp":"2024-08-15T04:04:32.014Z"}
{"level":"info","message":"Server Running on Port : 3001","timestamp":"2024-08-15T04:05:32.401Z"}
{"level":"info","message":"Server Running on Port : 3001","timestamp":"2024-08-15T04:05:32.976Z"}
{"level":"info","message":"Server Running on Port : 3001","timestamp":"2024-08-15T04:06:14.349Z"}
{"level":"info","message":"Server Running on Port : 3001","timestamp":"2024-08-15T04:07:03.162Z"}
{"level":"info","message":"Server Running on Port : 3001","timestamp":"2024-08-15T04:07:26.626Z"}
{"level":"info","message":"Server Running on Port : 3001","timestamp":"2024-08-15T04:08:21.855Z"}
{"level":"info","message":"Server Running on Port : 3001","timestamp":"2024-08-15T04:08:28.386Z"}
{"level":"info","message":"Server Running on Port : 3001","timestamp":"2024-08-15T04:08:59.233Z"}
{"level":"info","message":"Server Running on Port : 3001","timestamp":"2024-08-15T04:09:03.994Z"}
{"level":"info","message":"Server Running on Port : 3001","timestamp":"2024-08-15T04:09:38.977Z"}
{"level":"info","message":"Server Running on Port : 3001","timestamp":"2024-08-15T04:09:59.441Z"}
{"level":"info","message":"Server Running on Port : 3001","timestamp":"2024-08-15T04:10:07.215Z"}
{"level":"info","message":"Server Running on Port : 3001","timestamp":"2024-08-15T04:10:08.203Z"}
{"level":"info","message":"Server Running on Port : 3001","timestamp":"2024-08-15T04:10:27.450Z"}
{"level":"info","message":"Server Running on Port : 3001","timestamp":"2024-08-15T04:11:08.946Z"}
{"level":"info","message":"Server Running on Port : 3001","timestamp":"2024-08-15T04:11:30.087Z"}
{"level":"info","message":"Server Running on Port : 3001","timestamp":"2024-08-15T04:11:33.596Z"}
{"level":"info","message":"Server Running on Port : 3001","timestamp":"2024-08-15T04:11:37.482Z"}
{"level":"info","message":"Starting a mysql pool with 13 connections.","target":"quaint::pooled","timestamp":"2024-08-15T04:11:43.414Z"}
{"level":"info","message":{"duration":0,"params":"[\"%testing%\",30,0]","query":"SELECT `new_db_umri`.`form_or_file`.`id`, `new_db_umri`.`form_or_file`.`deskripsi`, `new_db_umri`.`form_or_file`.`url`, `new_db_umri`.`form_or_file`.`created_at`, `new_db_umri`.`form_or_file`.`update_at` FROM `new_db_umri`.`form_or_file` WHERE `new_db_umri`.`form_or_file`.`deskripsi` LIKE ? ORDER BY `new_db_umri`.`form_or_file`.`created_at` DESC LIMIT ? OFFSET ?","target":"quaint::connector::metrics","timestamp":"2024-08-15T04:11:43.419Z"},"timestamp":"2024-08-15T04:11:43.419Z"}
{"level":"info","message":"Server Running on Port : 3001","timestamp":"2024-08-15T04:12:24.941Z"}
{"level":"info","message":"Server Running on Port : 3001","timestamp":"2024-08-15T04:12:35.351Z"}
{"level":"info","message":"Server Running on Port : 3001","timestamp":"2024-08-15T04:12:57.090Z"}
{"level":"info","message":"Starting a mysql pool with 13 connections.","target":"quaint::pooled","timestamp":"2024-08-15T04:13:00.932Z"}
{"level":"info","message":{"duration":0,"params":"[\"%testing%\",30,0]","query":"SELECT `new_db_umri`.`form_or_file`.`id`, `new_db_umri`.`form_or_file`.`deskripsi`, `new_db_umri`.`form_or_file`.`url`, `new_db_umri`.`form_or_file`.`created_at`, `new_db_umri`.`form_or_file`.`update_at` FROM `new_db_umri`.`form_or_file` WHERE `new_db_umri`.`form_or_file`.`deskripsi` LIKE ? ORDER BY `new_db_umri`.`form_or_file`.`created_at` DESC LIMIT ? OFFSET ?","target":"quaint::connector::metrics","timestamp":"2024-08-15T04:13:00.938Z"},"timestamp":"2024-08-15T04:13:00.938Z"}
{"level":"info","message":"Server Running on Port : 3001","timestamp":"2024-08-15T04:13:22.112Z"}
{"level":"info","message":"Starting a mysql pool with 13 connections.","target":"quaint::pooled","timestamp":"2024-08-15T04:13:29.274Z"}
{"level":"info","message":{"duration":0,"params":"[]","query":"BEGIN","target":"quaint::connector::metrics","timestamp":"2024-08-15T04:13:29.279Z"},"timestamp":"2024-08-15T04:13:29.280Z"}
{"level":"info","message":{"duration":0,"params":"[\"7fbe56f6-d606-47ad-9936-1cf3c9d335ca\",\"ini file testing\",\"http://localhost:3001/files/e5f378b2-de57-4580-9e66-8c18216e8e1e.pdf\",\"2024-08-15 04:13:29.280 UTC\",\"2024-08-15 04:13:29.280 UTC\"]","query":"INSERT INTO `new_db_umri`.`form_or_file` (`id`,`deskripsi`,`url`,`created_at`,`update_at`) VALUES (?,?,?,?,?)","target":"quaint::connector::metrics","timestamp":"2024-08-15T04:13:29.280Z"},"timestamp":"2024-08-15T04:13:29.280Z"}
{"level":"info","message":{"duration":2,"params":"[\"7fbe56f6-d606-47ad-9936-1cf3c9d335ca\",1,0]","query":"SELECT `new_db_umri`.`form_or_file`.`id`, `new_db_umri`.`form_or_file`.`deskripsi`, `new_db_umri`.`form_or_file`.`url`, `new_db_umri`.`form_or_file`.`created_at`, `new_db_umri`.`form_or_file`.`update_at` FROM `new_db_umri`.`form_or_file` WHERE `new_db_umri`.`form_or_file`.`id` = ? LIMIT ? OFFSET ?","target":"quaint::connector::metrics","timestamp":"2024-08-15T04:13:29.283Z"},"timestamp":"2024-08-15T04:13:29.283Z"}
{"level":"info","message":{"duration":0,"params":"[]","query":"COMMIT","target":"quaint::connector::metrics","timestamp":"2024-08-15T04:13:29.284Z"},"timestamp":"2024-08-15T04:13:29.284Z"}
{"level":"info","message":{"duration":0,"params":"[\"%testing%\",30,0]","query":"SELECT `new_db_umri`.`form_or_file`.`id`, `new_db_umri`.`form_or_file`.`deskripsi`, `new_db_umri`.`form_or_file`.`url`, `new_db_umri`.`form_or_file`.`created_at`, `new_db_umri`.`form_or_file`.`update_at` FROM `new_db_umri`.`form_or_file` WHERE `new_db_umri`.`form_or_file`.`deskripsi` LIKE ? ORDER BY `new_db_umri`.`form_or_file`.`created_at` DESC LIMIT ? OFFSET ?","target":"quaint::connector::metrics","timestamp":"2024-08-15T04:13:38.194Z"},"timestamp":"2024-08-15T04:13:38.194Z"}
{"level":"info","message":{"duration":0,"params":"[]","query":"SELECT 1","target":"quaint::connector::metrics","timestamp":"2024-08-15T04:14:15.185Z"},"timestamp":"2024-08-15T04:14:15.185Z"}
{"level":"info","message":{"duration":2,"params":"[\"7fbe56f6-d606-47ad-9936-1cf3c9d335cas\",1,0]","query":"SELECT `new_db_umri`.`form_or_file`.`id`, `new_db_umri`.`form_or_file`.`deskripsi`, `new_db_umri`.`form_or_file`.`url`, `new_db_umri`.`form_or_file`.`created_at`, `new_db_umri`.`form_or_file`.`update_at` FROM `new_db_umri`.`form_or_file` WHERE (`new_db_umri`.`form_or_file`.`id` = ? AND 1=1) LIMIT ? OFFSET ?","target":"quaint::connector::metrics","timestamp":"2024-08-15T04:14:15.189Z"},"timestamp":"2024-08-15T04:14:15.189Z"}
{"level":"info","message":{"duration":0,"params":"[\"7fbe56f6-d606-47ad-9936-1cf3c9d335ca\",1,0]","query":"SELECT `new_db_umri`.`form_or_file`.`id`, `new_db_umri`.`form_or_file`.`deskripsi`, `new_db_umri`.`form_or_file`.`url`, `new_db_umri`.`form_or_file`.`created_at`, `new_db_umri`.`form_or_file`.`update_at` FROM `new_db_umri`.`form_or_file` WHERE (`new_db_umri`.`form_or_file`.`id` = ? AND 1=1) LIMIT ? OFFSET ?","target":"quaint::connector::metrics","timestamp":"2024-08-15T04:14:28.221Z"},"timestamp":"2024-08-15T04:14:28.221Z"}
{"level":"info","message":{"duration":0,"params":"[]","query":"SELECT 1","target":"quaint::connector::metrics","timestamp":"2024-08-15T04:14:59.036Z"},"timestamp":"2024-08-15T04:14:59.036Z"}
{"level":"info","message":{"duration":0,"params":"[\"7fbe56f6-d606-47ad-9936-1cf3c9d335ca\",1,0]","query":"SELECT `new_db_umri`.`form_or_file`.`id`, `new_db_umri`.`form_or_file`.`deskripsi`, `new_db_umri`.`form_or_file`.`url`, `new_db_umri`.`form_or_file`.`created_at`, `new_db_umri`.`form_or_file`.`update_at` FROM `new_db_umri`.`form_or_file` WHERE (`new_db_umri`.`form_or_file`.`id` = ? AND 1=1) LIMIT ? OFFSET ?","target":"quaint::connector::metrics","timestamp":"2024-08-15T04:14:59.036Z"},"timestamp":"2024-08-15T04:14:59.037Z"}
{"level":"info","message":"Server Running on Port : 3001","timestamp":"2024-08-15T04:15:22.329Z"}
{"level":"info","message":"Server Running on Port : 3001","timestamp":"2024-08-15T04:15:43.436Z"}
{"level":"info","message":"Starting a mysql pool with 13 connections.","target":"quaint::pooled","timestamp":"2024-08-15T04:15:44.865Z"}
{"level":"info","message":{"duration":0,"params":"[\"7fbe56f6-d606-47ad-9936-1cf3c9d335ca\",1,0]","query":"SELECT `new_db_umri`.`form_or_file`.`id`, `new_db_umri`.`form_or_file`.`deskripsi`, `new_db_umri`.`form_or_file`.`url`, `new_db_umri`.`form_or_file`.`created_at`, `new_db_umri`.`form_or_file`.`update_at` FROM `new_db_umri`.`form_or_file` WHERE (`new_db_umri`.`form_or_file`.`id` = ? AND 1=1) LIMIT ? OFFSET ?","target":"quaint::connector::metrics","timestamp":"2024-08-15T04:15:44.871Z"},"timestamp":"2024-08-15T04:15:44.871Z"}
{"level":"info","message":"Server Running on Port : 3001","timestamp":"2024-08-15T04:15:56.299Z"}
{"level":"info","message":"Server Running on Port : 3001","timestamp":"2024-08-15T04:15:57.497Z"}
{"level":"info","message":"Server Running on Port : 3001","timestamp":"2024-08-15T04:16:11.809Z"}
{"level":"info","message":"Server Running on Port : 3001","timestamp":"2024-08-15T04:16:46.275Z"}
{"level":"info","message":"Server Running on Port : 3001","timestamp":"2024-08-15T04:16:46.926Z"}
{"level":"info","message":"Server Running on Port : 3001","timestamp":"2024-08-15T04:16:54.583Z"}
{"level":"info","message":"Starting a mysql pool with 13 connections.","target":"quaint::pooled","timestamp":"2024-08-15T04:16:56.119Z"}
{"level":"info","message":{"duration":0,"params":"[\"7fbe56f6-d606-47ad-9936-1cf3c9d335ca\",1,0]","query":"SELECT `new_db_umri`.`form_or_file`.`id`, `new_db_umri`.`form_or_file`.`deskripsi`, `new_db_umri`.`form_or_file`.`url`, `new_db_umri`.`form_or_file`.`created_at`, `new_db_umri`.`form_or_file`.`update_at` FROM `new_db_umri`.`form_or_file` WHERE (`new_db_umri`.`form_or_file`.`id` = ? AND 1=1) LIMIT ? OFFSET ?","target":"quaint::connector::metrics","timestamp":"2024-08-15T04:16:56.124Z"},"timestamp":"2024-08-15T04:16:56.124Z"}
{"level":"error","message":"filesDetails.url.split(...).trim is not a function","timestamp":"2024-08-15T04:16:56.127Z"}
{"level":"info","message":"Server Running on Port : 3001","timestamp":"2024-08-15T04:17:05.697Z"}
{"level":"info","message":"Starting a mysql pool with 13 connections.","target":"quaint::pooled","timestamp":"2024-08-15T04:17:06.425Z"}
{"level":"info","message":{"duration":0,"params":"[\"7fbe56f6-d606-47ad-9936-1cf3c9d335ca\",1,0]","query":"SELECT `new_db_umri`.`form_or_file`.`id`, `new_db_umri`.`form_or_file`.`deskripsi`, `new_db_umri`.`form_or_file`.`url`, `new_db_umri`.`form_or_file`.`created_at`, `new_db_umri`.`form_or_file`.`update_at` FROM `new_db_umri`.`form_or_file` WHERE (`new_db_umri`.`form_or_file`.`id` = ? AND 1=1) LIMIT ? OFFSET ?","target":"quaint::connector::metrics","timestamp":"2024-08-15T04:17:06.430Z"},"timestamp":"2024-08-15T04:17:06.430Z"}
{"level":"info","message":"Server Running on Port : 3001","timestamp":"2024-08-15T04:17:19.934Z"}
{"level":"info","message":"Starting a mysql pool with 13 connections.","target":"quaint::pooled","timestamp":"2024-08-15T04:17:25.528Z"}
{"level":"info","message":{"duration":0,"params":"[\"7fbe56f6-d606-47ad-9936-1cf3c9d335ca\",1,0]","query":"SELECT `new_db_umri`.`form_or_file`.`id`, `new_db_umri`.`form_or_file`.`deskripsi`, `new_db_umri`.`form_or_file`.`url`, `new_db_umri`.`form_or_file`.`created_at`, `new_db_umri`.`form_or_file`.`update_at` FROM `new_db_umri`.`form_or_file` WHERE (`new_db_umri`.`form_or_file`.`id` = ? AND 1=1) LIMIT ? OFFSET ?","target":"quaint::connector::metrics","timestamp":"2024-08-15T04:17:25.534Z"},"timestamp":"2024-08-15T04:17:25.534Z"}
{"level":"info","message":"Server Running on Port : 3001","timestamp":"2024-08-15T04:17:39.055Z"}
{"level":"info","message":"Starting a mysql pool with 13 connections.","target":"quaint::pooled","timestamp":"2024-08-15T04:17:40.024Z"}
{"level":"info","message":{"duration":0,"params":"[\"7fbe56f6-d606-47ad-9936-1cf3c9d335ca\",1,0]","query":"SELECT `new_db_umri`.`form_or_file`.`id`, `new_db_umri`.`form_or_file`.`deskripsi`, `new_db_umri`.`form_or_file`.`url`, `new_db_umri`.`form_or_file`.`created_at`, `new_db_umri`.`form_or_file`.`update_at` FROM `new_db_umri`.`form_or_file` WHERE (`new_db_umri`.`form_or_file`.`id` = ? AND 1=1) LIMIT ? OFFSET ?","target":"quaint::connector::metrics","timestamp":"2024-08-15T04:17:40.030Z"},"timestamp":"2024-08-15T04:17:40.030Z"}
{"level":"info","message":"Server Running on Port : 3001","timestamp":"2024-08-15T04:18:15.437Z"}
{"level":"info","message":"Starting a mysql pool with 13 connections.","target":"quaint::pooled","timestamp":"2024-08-15T04:18:21.988Z"}
{"level":"info","message":{"duration":0,"params":"[\"7fbe56f6-d606-47ad-9936-1cf3c9d335ca\",1,0]","query":"SELECT `new_db_umri`.`form_or_file`.`id`, `new_db_umri`.`form_or_file`.`deskripsi`, `new_db_umri`.`form_or_file`.`url`, `new_db_umri`.`form_or_file`.`created_at`, `new_db_umri`.`form_or_file`.`update_at` FROM `new_db_umri`.`form_or_file` WHERE (`new_db_umri`.`form_or_file`.`id` = ? AND 1=1) LIMIT ? OFFSET ?","target":"quaint::connector::metrics","timestamp":"2024-08-15T04:18:21.993Z"},"timestamp":"2024-08-15T04:18:21.993Z"}
{"level":"info","message":"Server Running on Port : 3001","timestamp":"2024-08-15T04:18:39.042Z"}
{"level":"info","message":"Server Running on Port : 3001","timestamp":"2024-08-15T04:18:48.838Z"}
{"level":"info","message":"Server Running on Port : 3001","timestamp":"2024-08-15T04:18:53.350Z"}
{"level":"info","message":"Starting a mysql pool with 13 connections.","target":"quaint::pooled","timestamp":"2024-08-15T04:18:54.569Z"}
{"level":"info","message":{"duration":0,"params":"[\"7fbe56f6-d606-47ad-9936-1cf3c9d335ca\",1,0]","query":"SELECT `new_db_umri`.`form_or_file`.`id`, `new_db_umri`.`form_or_file`.`deskripsi`, `new_db_umri`.`form_or_file`.`url`, `new_db_umri`.`form_or_file`.`created_at`, `new_db_umri`.`form_or_file`.`update_at` FROM `new_db_umri`.`form_or_file` WHERE (`new_db_umri`.`form_or_file`.`id` = ? AND 1=1) LIMIT ? OFFSET ?","target":"quaint::connector::metrics","timestamp":"2024-08-15T04:18:54.574Z"},"timestamp":"2024-08-15T04:18:54.574Z"}
{"level":"info","message":{"duration":0,"params":"[]","query":"BEGIN","target":"quaint::connector::metrics","timestamp":"2024-08-15T04:18:54.577Z"},"timestamp":"2024-08-15T04:18:54.577Z"}
{"level":"info","message":{"duration":0,"params":"[\"7fbe56f6-d606-47ad-9936-1cf3c9d335ca\",1,0]","query":"SELECT `new_db_umri`.`form_or_file`.`id`, `new_db_umri`.`form_or_file`.`deskripsi`, `new_db_umri`.`form_or_file`.`url`, `new_db_umri`.`form_or_file`.`created_at`, `new_db_umri`.`form_or_file`.`update_at` FROM `new_db_umri`.`form_or_file` WHERE (`new_db_umri`.`form_or_file`.`id` = ? AND 1=1) LIMIT ? OFFSET ?","target":"quaint::connector::metrics","timestamp":"2024-08-15T04:18:54.578Z"},"timestamp":"2024-08-15T04:18:54.578Z"}
{"level":"info","message":{"duration":4,"params":"[\"7fbe56f6-d606-47ad-9936-1cf3c9d335ca\"]","query":"DELETE FROM `new_db_umri`.`form_or_file` WHERE (`new_db_umri`.`form_or_file`.`id` = ? AND 1=1)","target":"quaint::connector::metrics","timestamp":"2024-08-15T04:18:54.583Z"},"timestamp":"2024-08-15T04:18:54.583Z"}
{"level":"info","message":{"duration":0,"params":"[]","query":"COMMIT","target":"quaint::connector::metrics","timestamp":"2024-08-15T04:18:54.584Z"},"timestamp":"2024-08-15T04:18:54.584Z"}
{"level":"info","message":{"duration":0,"params":"[\"%testing%\",30,0]","query":"SELECT `new_db_umri`.`form_or_file`.`id`, `new_db_umri`.`form_or_file`.`deskripsi`, `new_db_umri`.`form_or_file`.`url`, `new_db_umri`.`form_or_file`.`created_at`, `new_db_umri`.`form_or_file`.`update_at` FROM `new_db_umri`.`form_or_file` WHERE `new_db_umri`.`form_or_file`.`deskripsi` LIKE ? ORDER BY `new_db_umri`.`form_or_file`.`created_at` DESC LIMIT ? OFFSET ?","target":"quaint::connector::metrics","timestamp":"2024-08-15T04:18:59.441Z"},"timestamp":"2024-08-15T04:18:59.441Z"}
{"level":"info","message":{"duration":0,"params":"[]","query":"SELECT 1","target":"quaint::connector::metrics","timestamp":"2024-08-15T04:19:19.689Z"},"timestamp":"2024-08-15T04:19:19.689Z"}
{"level":"info","message":{"duration":0,"params":"[]","query":"BEGIN","target":"quaint::connector::metrics","timestamp":"2024-08-15T04:19:19.690Z"},"timestamp":"2024-08-15T04:19:19.690Z"}
{"level":"info","message":{"duration":0,"params":"[\"47fe73e9-1114-4a53-a470-ed43bfe13b9b\",\"ini file testing\",\"http://localhost:3001/files/269833fd-ab37-4e07-91f8-ed50cef3ab79.pdf\",\"2024-08-15 04:19:19.689 UTC\",\"2024-08-15 04:19:19.689 UTC\"]","query":"INSERT INTO `new_db_umri`.`form_or_file` (`id`,`deskripsi`,`url`,`created_at`,`update_at`) VALUES (?,?,?,?,?)","target":"quaint::connector::metrics","timestamp":"2024-08-15T04:19:19.690Z"},"timestamp":"2024-08-15T04:19:19.690Z"}
{"level":"info","message":{"duration":1,"params":"[\"47fe73e9-1114-4a53-a470-ed43bfe13b9b\",1,0]","query":"SELECT `new_db_umri`.`form_or_file`.`id`, `new_db_umri`.`form_or_file`.`deskripsi`, `new_db_umri`.`form_or_file`.`url`, `new_db_umri`.`form_or_file`.`created_at`, `new_db_umri`.`form_or_file`.`update_at` FROM `new_db_umri`.`form_or_file` WHERE `new_db_umri`.`form_or_file`.`id` = ? LIMIT ? OFFSET ?","target":"quaint::connector::metrics","timestamp":"2024-08-15T04:19:19.691Z"},"timestamp":"2024-08-15T04:19:19.692Z"}
{"level":"info","message":{"duration":0,"params":"[]","query":"COMMIT","target":"quaint::connector::metrics","timestamp":"2024-08-15T04:19:19.692Z"},"timestamp":"2024-08-15T04:19:19.692Z"}
{"level":"info","message":{"duration":0,"params":"[\"47fe73e9-1114-4a53-a470-ed43bfe13b9b\",1,0]","query":"SELECT `new_db_umri`.`form_or_file`.`id`, `new_db_umri`.`form_or_file`.`deskripsi`, `new_db_umri`.`form_or_file`.`url`, `new_db_umri`.`form_or_file`.`created_at`, `new_db_umri`.`form_or_file`.`update_at` FROM `new_db_umri`.`form_or_file` WHERE (`new_db_umri`.`form_or_file`.`id` = ? AND 1=1) LIMIT ? OFFSET ?","target":"quaint::connector::metrics","timestamp":"2024-08-15T04:19:30.845Z"},"timestamp":"2024-08-15T04:19:30.845Z"}
{"level":"info","message":{"duration":0,"params":"[]","query":"BEGIN","target":"quaint::connector::metrics","timestamp":"2024-08-15T04:19:30.847Z"},"timestamp":"2024-08-15T04:19:30.847Z"}
{"level":"info","message":{"duration":0,"params":"[\"47fe73e9-1114-4a53-a470-ed43bfe13b9b\",1,0]","query":"SELECT `new_db_umri`.`form_or_file`.`id`, `new_db_umri`.`form_or_file`.`deskripsi`, `new_db_umri`.`form_or_file`.`url`, `new_db_umri`.`form_or_file`.`created_at`, `new_db_umri`.`form_or_file`.`update_at` FROM `new_db_umri`.`form_or_file` WHERE (`new_db_umri`.`form_or_file`.`id` = ? AND 1=1) LIMIT ? OFFSET ?","target":"quaint::connector::metrics","timestamp":"2024-08-15T04:19:30.847Z"},"timestamp":"2024-08-15T04:19:30.847Z"}
{"level":"info","message":{"duration":1,"params":"[\"47fe73e9-1114-4a53-a470-ed43bfe13b9b\"]","query":"DELETE FROM `new_db_umri`.`form_or_file` WHERE (`new_db_umri`.`form_or_file`.`id` = ? AND 1=1)","target":"quaint::connector::metrics","timestamp":"2024-08-15T04:19:30.848Z"},"timestamp":"2024-08-15T04:19:30.848Z"}
{"level":"info","message":{"duration":0,"params":"[]","query":"COMMIT","target":"quaint::connector::metrics","timestamp":"2024-08-15T04:19:30.849Z"},"timestamp":"2024-08-15T04:19:30.849Z"}
{"level":"info","message":"Server Running on Port : 3001","timestamp":"2024-08-15T04:19:45.289Z"}
{"level":"info","message":"Starting a mysql pool with 13 connections.","target":"quaint::pooled","timestamp":"2024-08-15T04:20:08.037Z"}
{"level":"info","message":{"duration":0,"params":"[\"%testing%\",30,0]","query":"SELECT `new_db_umri`.`form_or_file`.`id`, `new_db_umri`.`form_or_file`.`deskripsi`, `new_db_umri`.`form_or_file`.`url`, `new_db_umri`.`form_or_file`.`created_at`, `new_db_umri`.`form_or_file`.`update_at` FROM `new_db_umri`.`form_or_file` WHERE `new_db_umri`.`form_or_file`.`deskripsi` LIKE ? ORDER BY `new_db_umri`.`form_or_file`.`created_at` DESC LIMIT ? OFFSET ?","target":"quaint::connector::metrics","timestamp":"2024-08-15T04:20:08.043Z"},"timestamp":"2024-08-15T04:20:08.043Z"}
{"level":"info","message":{"duration":0,"params":"[]","query":"SELECT 1","target":"quaint::connector::metrics","timestamp":"2024-08-15T04:21:01.398Z"},"timestamp":"2024-08-15T04:21:01.398Z"}
{"level":"info","message":{"duration":0,"params":"[\"%testing%\",30,0]","query":"SELECT `new_db_umri`.`form_or_file`.`id`, `new_db_umri`.`form_or_file`.`deskripsi`, `new_db_umri`.`form_or_file`.`url`, `new_db_umri`.`form_or_file`.`created_at`, `new_db_umri`.`form_or_file`.`update_at` FROM `new_db_umri`.`form_or_file` WHERE `new_db_umri`.`form_or_file`.`deskripsi` LIKE ? ORDER BY `new_db_umri`.`form_or_file`.`created_at` DESC LIMIT ? OFFSET ?","target":"quaint::connector::metrics","timestamp":"2024-08-15T04:21:01.399Z"},"timestamp":"2024-08-15T04:21:01.399Z"}
{"level":"info","message":{"duration":0,"params":"[]","query":"BEGIN","target":"quaint::connector::metrics","timestamp":"2024-08-15T04:21:03.042Z"},"timestamp":"2024-08-15T04:21:03.042Z"}
{"level":"info","message":{"duration":1,"params":"[\"02b38d75-b5c7-46bc-a7c8-a0bd70c1d5ad\",\"ini file testing\",\"http://localhost:3001/files/e2aa68f9-b185-45b6-ba2a-a439f8c7386d.pdf\",\"2024-08-15 04:21:03.046 UTC\",\"2024-08-15 04:21:03.046 UTC\"]","query":"INSERT INTO `new_db_umri`.`form_or_file` (`id`,`deskripsi`,`url`,`created_at`,`update_at`) VALUES (?,?,?,?,?)","target":"quaint::connector::metrics","timestamp":"2024-08-15T04:21:03.043Z"},"timestamp":"2024-08-15T04:21:03.044Z"}
{"level":"info","message":{"duration":0,"params":"[\"02b38d75-b5c7-46bc-a7c8-a0bd70c1d5ad\",1,0]","query":"SELECT `new_db_umri`.`form_or_file`.`id`, `new_db_umri`.`form_or_file`.`deskripsi`, `new_db_umri`.`form_or_file`.`url`, `new_db_umri`.`form_or_file`.`created_at`, `new_db_umri`.`form_or_file`.`update_at` FROM `new_db_umri`.`form_or_file` WHERE `new_db_umri`.`form_or_file`.`id` = ? LIMIT ? OFFSET ?","target":"quaint::connector::metrics","timestamp":"2024-08-15T04:21:03.044Z"},"timestamp":"2024-08-15T04:21:03.044Z"}
{"level":"info","message":{"duration":0,"params":"[]","query":"COMMIT","target":"quaint::connector::metrics","timestamp":"2024-08-15T04:21:03.045Z"},"timestamp":"2024-08-15T04:21:03.045Z"}
{"level":"info","message":{"duration":0,"params":"[\"%testing%\",30,0]","query":"SELECT `new_db_umri`.`form_or_file`.`id`, `new_db_umri`.`form_or_file`.`deskripsi`, `new_db_umri`.`form_or_file`.`url`, `new_db_umri`.`form_or_file`.`created_at`, `new_db_umri`.`form_or_file`.`update_at` FROM `new_db_umri`.`form_or_file` WHERE `new_db_umri`.`form_or_file`.`deskripsi` LIKE ? ORDER BY `new_db_umri`.`form_or_file`.`created_at` DESC LIMIT ? OFFSET ?","target":"quaint::connector::metrics","timestamp":"2024-08-15T04:21:04.744Z"},"timestamp":"2024-08-15T04:21:04.744Z"}
{"level":"info","message":{"duration":0,"params":"[]","query":"SELECT 1","target":"quaint::connector::metrics","timestamp":"2024-08-15T04:21:48.569Z"},"timestamp":"2024-08-15T04:21:48.569Z"}
{"level":"info","message":{"duration":0,"params":"[\"402b38d75-b5c7-46bc-a7c8-a0bd70c1d5ad\",1,0]","query":"SELECT `new_db_umri`.`form_or_file`.`id`, `new_db_umri`.`form_or_file`.`deskripsi`, `new_db_umri`.`form_or_file`.`url`, `new_db_umri`.`form_or_file`.`created_at`, `new_db_umri`.`form_or_file`.`update_at` FROM `new_db_umri`.`form_or_file` WHERE (`new_db_umri`.`form_or_file`.`id` = ? AND 1=1) LIMIT ? OFFSET ?","target":"quaint::connector::metrics","timestamp":"2024-08-15T04:21:48.570Z"},"timestamp":"2024-08-15T04:21:48.570Z"}
{"level":"info","message":{"duration":0,"params":"[\"02b38d75-b5c7-46bc-a7c8-a0bd70c1d5ad\",1,0]","query":"SELECT `new_db_umri`.`form_or_file`.`id`, `new_db_umri`.`form_or_file`.`deskripsi`, `new_db_umri`.`form_or_file`.`url`, `new_db_umri`.`form_or_file`.`created_at`, `new_db_umri`.`form_or_file`.`update_at` FROM `new_db_umri`.`form_or_file` WHERE (`new_db_umri`.`form_or_file`.`id` = ? AND 1=1) LIMIT ? OFFSET ?","target":"quaint::connector::metrics","timestamp":"2024-08-15T04:21:53.578Z"},"timestamp":"2024-08-15T04:21:53.578Z"}
{"level":"info","message":{"duration":0,"params":"[]","query":"BEGIN","target":"quaint::connector::metrics","timestamp":"2024-08-15T04:21:53.579Z"},"timestamp":"2024-08-15T04:21:53.579Z"}
{"level":"info","message":{"duration":0,"params":"[\"02b38d75-b5c7-46bc-a7c8-a0bd70c1d5ad\",1,0]","query":"SELECT `new_db_umri`.`form_or_file`.`id`, `new_db_umri`.`form_or_file`.`deskripsi`, `new_db_umri`.`form_or_file`.`url`, `new_db_umri`.`form_or_file`.`created_at`, `new_db_umri`.`form_or_file`.`update_at` FROM `new_db_umri`.`form_or_file` WHERE (`new_db_umri`.`form_or_file`.`id` = ? AND 1=1) LIMIT ? OFFSET ?","target":"quaint::connector::metrics","timestamp":"2024-08-15T04:21:53.579Z"},"timestamp":"2024-08-15T04:21:53.579Z"}
{"level":"info","message":{"duration":1,"params":"[\"02b38d75-b5c7-46bc-a7c8-a0bd70c1d5ad\"]","query":"DELETE FROM `new_db_umri`.`form_or_file` WHERE (`new_db_umri`.`form_or_file`.`id` = ? AND 1=1)","target":"quaint::connector::metrics","timestamp":"2024-08-15T04:21:53.581Z"},"timestamp":"2024-08-15T04:21:53.581Z"}
{"level":"info","message":{"duration":0,"params":"[]","query":"COMMIT","target":"quaint::connector::metrics","timestamp":"2024-08-15T04:21:53.581Z"},"timestamp":"2024-08-15T04:21:53.581Z"}
{"level":"info","message":{"duration":0,"params":"[\"%testing%\",30,0]","query":"SELECT `new_db_umri`.`form_or_file`.`id`, `new_db_umri`.`form_or_file`.`deskripsi`, `new_db_umri`.`form_or_file`.`url`, `new_db_umri`.`form_or_file`.`created_at`, `new_db_umri`.`form_or_file`.`update_at` FROM `new_db_umri`.`form_or_file` WHERE `new_db_umri`.`form_or_file`.`deskripsi` LIKE ? ORDER BY `new_db_umri`.`form_or_file`.`created_at` DESC LIMIT ? OFFSET ?","target":"quaint::connector::metrics","timestamp":"2024-08-15T04:21:57.353Z"},"timestamp":"2024-08-15T04:21:57.353Z"}
{"level":"info","message":"Server Running on Port : 3001","timestamp":"2024-08-15T04:22:06.144Z"}
{"level":"info","message":"Starting a mysql pool with 13 connections.","target":"quaint::pooled","timestamp":"2024-08-15T05:03:04.173Z"}
{"level":"info","message":{"duration":1,"params":"[\"%testing%\",30,0]","query":"SELECT `new_db_umri`.`form_or_file`.`id`, `new_db_umri`.`form_or_file`.`deskripsi`, `new_db_umri`.`form_or_file`.`url`, `new_db_umri`.`form_or_file`.`created_at`, `new_db_umri`.`form_or_file`.`update_at` FROM `new_db_umri`.`form_or_file` WHERE `new_db_umri`.`form_or_file`.`deskripsi` LIKE ? ORDER BY `new_db_umri`.`form_or_file`.`created_at` DESC LIMIT ? OFFSET ?","target":"quaint::connector::metrics","timestamp":"2024-08-15T05:03:04.216Z"},"timestamp":"2024-08-15T05:03:04.216Z"}
{"level":"info","message":{"duration":0,"params":"[\"%testing%\",30,0]","query":"SELECT `new_db_umri`.`form_or_file`.`id`, `new_db_umri`.`form_or_file`.`deskripsi`, `new_db_umri`.`form_or_file`.`url`, `new_db_umri`.`form_or_file`.`created_at`, `new_db_umri`.`form_or_file`.`update_at` FROM `new_db_umri`.`form_or_file` WHERE `new_db_umri`.`form_or_file`.`deskripsi` LIKE ? ORDER BY `new_db_umri`.`form_or_file`.`created_at` DESC LIMIT ? OFFSET ?","target":"quaint::connector::metrics","timestamp":"2024-08-15T05:03:05.747Z"},"timestamp":"2024-08-15T05:03:05.747Z"}
{"level":"info","message":{"duration":15,"params":"[30,0]","query":"SELECT `new_db_umri`.`pembimbing`.`id`, `new_db_umri`.`pembimbing`.`nama`, `new_db_umri`.`pembimbing`.`nidn`, `new_db_umri`.`pembimbing`.`email`, `new_db_umri`.`pembimbing`.`status` FROM `new_db_umri`.`pembimbing` WHERE 1=1 ORDER BY `new_db_umri`.`pembimbing`.`nama` DESC LIMIT ? OFFSET ?","target":"quaint::connector::metrics","timestamp":"2024-08-15T05:21:12.892Z"},"timestamp":"2024-08-15T05:21:12.892Z"}
