{"level":"info","message":"Server Running on Port : 3001","timestamp":"2024-07-29T05:42:48.636Z"}
{"level":"info","message":"Starting a mysql pool with 13 connections.","target":"quaint::pooled","timestamp":"2024-07-29T05:49:03.949Z"}
{"level":"info","message":{"duration":0,"params":"[\"123412341234\"]","query":"SELECT COUNT(*) FROM (SELECT `umri-teknik-industri`.`Kordinator`.`id` FROM `umri-teknik-industri`.`Kordinator` WHERE `umri-teknik-industri`.`Kordinator`.`username` = ?) AS `sub`","target":"quaint::connector::metrics","timestamp":"2024-07-29T05:49:03.970Z"},"timestamp":"2024-07-29T05:49:03.970Z"}
{"level":"error","message":"\nInvalid `prisma.kordinator.create()` invocation:\n\n{\n  data: {\n    nama: \"anonymous\",\n    no_hp: \"082377446633\",\n    nidn: \"123412341234\",\n    jabatan: \"kaprodi\",\n    password: \"$2b$10$c1gV5njIpTiIF3TYUdwVrOrQa7KGrZxs1c/fxtmDYeyvbzIg00wRW\",\n    email: \"example@gmail.com\",\n    secret: \"UMRIHEBAT123\",\n    ~~~~~~\n    id: \"08f09a85-5d02-4596-882f-6fb0688a019b\",\n    username: \"123412341234\",\n    status: \"active\",\n    remember_token: \"\",\n?   created_at?: DateTime,\n?   update_at?: DateTime\n  }\n}\n\nUnknown argument `secret`. Available options are marked with ?.","target":"kordinator.create","timestamp":"2024-07-29T05:49:04.032Z"}
{"level":"error","message":"\nInvalid `prisma.kordinator.create()` invocation:\n\n{\n  data: {\n    nama: \"anonymous\",\n    no_hp: \"082377446633\",\n    nidn: \"123412341234\",\n    jabatan: \"kaprodi\",\n    password: \"$2b$10$c1gV5njIpTiIF3TYUdwVrOrQa7KGrZxs1c/fxtmDYeyvbzIg00wRW\",\n    email: \"example@gmail.com\",\n    secret: \"UMRIHEBAT123\",\n    ~~~~~~\n    id: \"08f09a85-5d02-4596-882f-6fb0688a019b\",\n    username: \"123412341234\",\n    status: \"active\",\n    remember_token: \"\",\n?   created_at?: DateTime,\n?   update_at?: DateTime\n  }\n}\n\nUnknown argument `secret`. Available options are marked with ?.","timestamp":"2024-07-29T05:49:04.033Z"}
{"level":"info","message":"Server Running on Port : 3001","timestamp":"2024-07-29T05:49:35.443Z"}
{"level":"info","message":"Server Running on Port : 3001","timestamp":"2024-07-29T05:49:43.321Z"}
{"level":"info","message":"Server Running on Port : 3001","timestamp":"2024-07-29T05:50:03.259Z"}
{"level":"info","message":"Server Running on Port : 3001","timestamp":"2024-07-29T05:50:04.729Z"}
{"level":"info","message":"Starting a mysql pool with 13 connections.","target":"quaint::pooled","timestamp":"2024-07-29T05:50:09.606Z"}
{"level":"info","message":{"duration":0,"params":"[\"123412341234\"]","query":"SELECT COUNT(*) FROM (SELECT `umri-teknik-industri`.`Kordinator`.`id` FROM `umri-teknik-industri`.`Kordinator` WHERE `umri-teknik-industri`.`Kordinator`.`username` = ?) AS `sub`","target":"quaint::connector::metrics","timestamp":"2024-07-29T05:50:09.611Z"},"timestamp":"2024-07-29T05:50:09.612Z"}
{"level":"info","message":{"duration":0,"params":"[]","query":"BEGIN","target":"quaint::connector::metrics","timestamp":"2024-07-29T05:50:09.670Z"},"timestamp":"2024-07-29T05:50:09.670Z"}
{"level":"info","message":{"duration":0,"params":"[\"466f5b35-4ebd-4742-8310-e160e9fe8796\",\"anonymous\",\"082377446633\",\"123412341234\",\"kaprodi\",\"123412341234\",\"$2b$10$42bfjaOp//W38MShBmwJ2OvNLez.piUC7Ixy0VrVE8iGtdbGawVDu\",\"example@gmail.com\",\"active\",\"\",\"2024-07-29 05:50:09.669 UTC\",\"2024-07-29 05:50:09.669 UTC\"]","query":"INSERT INTO `umri-teknik-industri`.`Kordinator` (`id`,`nama`,`no_hp`,`nidn`,`jabatan`,`username`,`password`,`email`,`status`,`remember_token`,`created_at`,`update_at`) VALUES (?,?,?,?,?,?,?,?,?,?,?,?)","target":"quaint::connector::metrics","timestamp":"2024-07-29T05:50:09.672Z"},"timestamp":"2024-07-29T05:50:09.672Z"}
{"level":"info","message":{"duration":0,"params":"[\"466f5b35-4ebd-4742-8310-e160e9fe8796\",1,0]","query":"SELECT `umri-teknik-industri`.`Kordinator`.`id`, `umri-teknik-industri`.`Kordinator`.`nama`, `umri-teknik-industri`.`Kordinator`.`no_hp`, `umri-teknik-industri`.`Kordinator`.`nidn`, `umri-teknik-industri`.`Kordinator`.`jabatan`, `umri-teknik-industri`.`Kordinator`.`username`, `umri-teknik-industri`.`Kordinator`.`password`, `umri-teknik-industri`.`Kordinator`.`email`, `umri-teknik-industri`.`Kordinator`.`status`, `umri-teknik-industri`.`Kordinator`.`remember_token`, `umri-teknik-industri`.`Kordinator`.`created_at`, `umri-teknik-industri`.`Kordinator`.`update_at` FROM `umri-teknik-industri`.`Kordinator` WHERE `umri-teknik-industri`.`Kordinator`.`id` = ? LIMIT ? OFFSET ?","target":"quaint::connector::metrics","timestamp":"2024-07-29T05:50:09.673Z"},"timestamp":"2024-07-29T05:50:09.673Z"}
{"level":"info","message":{"duration":0,"params":"[]","query":"COMMIT","target":"quaint::connector::metrics","timestamp":"2024-07-29T05:50:09.674Z"},"timestamp":"2024-07-29T05:50:09.674Z"}
{"level":"info","message":"Server Running on Port : 3001","timestamp":"2024-07-29T05:50:25.526Z"}
{"level":"info","message":"Starting a mysql pool with 13 connections.","target":"quaint::pooled","timestamp":"2024-07-29T05:51:52.760Z"}
{"level":"info","message":{"duration":0,"params":"[\"123412341234\"]","query":"SELECT COUNT(*) FROM (SELECT `umri-teknik-industri`.`Kordinator`.`id` FROM `umri-teknik-industri`.`Kordinator` WHERE `umri-teknik-industri`.`Kordinator`.`username` = ?) AS `sub`","target":"quaint::connector::metrics","timestamp":"2024-07-29T05:51:52.765Z"},"timestamp":"2024-07-29T05:51:52.765Z"}
{"level":"info","message":"Server Running on Port : 3001","timestamp":"2024-07-29T06:17:13.907Z"}
{"level":"info","message":"Server Running on Port : 3001","timestamp":"2024-07-29T06:18:02.411Z"}
{"level":"info","message":"Server Running on Port : 3001","timestamp":"2024-07-29T06:18:21.068Z"}
{"level":"info","message":"Server Running on Port : 3001","timestamp":"2024-07-29T06:19:08.320Z"}
{"level":"info","message":"Server Running on Port : 3001","timestamp":"2024-07-29T06:19:21.185Z"}
{"level":"info","message":"Server Running on Port : 3001","timestamp":"2024-07-29T06:19:37.020Z"}
{"level":"info","message":"Server Running on Port : 3001","timestamp":"2024-07-29T06:19:40.467Z"}
{"level":"info","message":"Server Running on Port : 3001","timestamp":"2024-07-29T06:20:11.527Z"}
{"level":"info","message":"Server Running on Port : 3001","timestamp":"2024-07-29T06:21:36.312Z"}
{"level":"info","message":"Server Running on Port : 3001","timestamp":"2024-07-29T06:21:45.049Z"}
{"level":"info","message":"Server Running on Port : 3001","timestamp":"2024-07-29T06:22:35.463Z"}
{"level":"info","message":"Server Running on Port : 3001","timestamp":"2024-07-29T06:22:43.601Z"}
{"level":"info","message":"Server Running on Port : 3001","timestamp":"2024-07-29T06:24:54.421Z"}
{"level":"info","message":"Server Running on Port : 3001","timestamp":"2024-07-29T06:25:11.335Z"}
{"level":"info","message":"Server Running on Port : 3001","timestamp":"2024-07-29T06:25:17.950Z"}
{"level":"info","message":"Server Running on Port : 3001","timestamp":"2024-07-29T06:25:23.795Z"}
{"level":"info","message":"Server Running on Port : 3001","timestamp":"2024-07-29T06:25:30.381Z"}
{"level":"info","message":"Server Running on Port : 3001","timestamp":"2024-07-29T06:26:04.846Z"}
{"level":"info","message":"Server Running on Port : 3001","timestamp":"2024-07-29T06:28:43.804Z"}
{"level":"info","message":"Server Running on Port : 3001","timestamp":"2024-07-29T06:30:32.314Z"}
{"level":"info","message":"Server Running on Port : 3001","timestamp":"2024-07-29T06:30:32.834Z"}
{"level":"info","message":"Server Running on Port : 3001","timestamp":"2024-07-29T06:30:39.215Z"}
{"level":"info","message":"Server Running on Port : 3001","timestamp":"2024-07-29T06:31:16.187Z"}
{"level":"info","message":"Server Running on Port : 3001","timestamp":"2024-07-29T06:31:22.572Z"}
{"level":"info","message":"Server Running on Port : 3001","timestamp":"2024-07-29T06:31:27.119Z"}
{"level":"info","message":"Server Running on Port : 3001","timestamp":"2024-07-29T06:33:21.732Z"}
{"level":"info","message":"Starting a mysql pool with 13 connections.","target":"quaint::pooled","timestamp":"2024-07-29T06:34:14.444Z"}
{"level":"info","message":{"duration":0,"params":"[\"12312312312\",1,0]","query":"SELECT `umri-teknik-industri`.`Kordinator`.`id`, `umri-teknik-industri`.`Kordinator`.`nama`, `umri-teknik-industri`.`Kordinator`.`no_hp`, `umri-teknik-industri`.`Kordinator`.`nidn`, `umri-teknik-industri`.`Kordinator`.`jabatan`, `umri-teknik-industri`.`Kordinator`.`username`, `umri-teknik-industri`.`Kordinator`.`password`, `umri-teknik-industri`.`Kordinator`.`email`, `umri-teknik-industri`.`Kordinator`.`status`, `umri-teknik-industri`.`Kordinator`.`remember_token`, `umri-teknik-industri`.`Kordinator`.`created_at`, `umri-teknik-industri`.`Kordinator`.`update_at` FROM `umri-teknik-industri`.`Kordinator` WHERE `umri-teknik-industri`.`Kordinator`.`username` = ? LIMIT ? OFFSET ?","target":"quaint::connector::metrics","timestamp":"2024-07-29T06:34:14.451Z"},"timestamp":"2024-07-29T06:34:14.451Z"}
{"level":"info","message":{"duration":0,"params":"[\"12312312312\",1,0]","query":"SELECT `umri-teknik-industri`.`Kordinator`.`id`, `umri-teknik-industri`.`Kordinator`.`nama`, `umri-teknik-industri`.`Kordinator`.`no_hp`, `umri-teknik-industri`.`Kordinator`.`nidn`, `umri-teknik-industri`.`Kordinator`.`jabatan`, `umri-teknik-industri`.`Kordinator`.`username`, `umri-teknik-industri`.`Kordinator`.`password`, `umri-teknik-industri`.`Kordinator`.`email`, `umri-teknik-industri`.`Kordinator`.`status`, `umri-teknik-industri`.`Kordinator`.`remember_token`, `umri-teknik-industri`.`Kordinator`.`created_at`, `umri-teknik-industri`.`Kordinator`.`update_at` FROM `umri-teknik-industri`.`Kordinator` WHERE `umri-teknik-industri`.`Kordinator`.`username` = ? LIMIT ? OFFSET ?","target":"quaint::connector::metrics","timestamp":"2024-07-29T06:34:15.437Z"},"timestamp":"2024-07-29T06:34:15.437Z"}
{"level":"info","message":{"duration":0,"params":"[\"12312312312\",1,0]","query":"SELECT `umri-teknik-industri`.`Kordinator`.`id`, `umri-teknik-industri`.`Kordinator`.`nama`, `umri-teknik-industri`.`Kordinator`.`no_hp`, `umri-teknik-industri`.`Kordinator`.`nidn`, `umri-teknik-industri`.`Kordinator`.`jabatan`, `umri-teknik-industri`.`Kordinator`.`username`, `umri-teknik-industri`.`Kordinator`.`password`, `umri-teknik-industri`.`Kordinator`.`email`, `umri-teknik-industri`.`Kordinator`.`status`, `umri-teknik-industri`.`Kordinator`.`remember_token`, `umri-teknik-industri`.`Kordinator`.`created_at`, `umri-teknik-industri`.`Kordinator`.`update_at` FROM `umri-teknik-industri`.`Kordinator` WHERE `umri-teknik-industri`.`Kordinator`.`username` = ? LIMIT ? OFFSET ?","target":"quaint::connector::metrics","timestamp":"2024-07-29T06:34:15.973Z"},"timestamp":"2024-07-29T06:34:15.973Z"}
{"level":"info","message":{"duration":0,"params":"[\"12312312312\",1,0]","query":"SELECT `umri-teknik-industri`.`Kordinator`.`id`, `umri-teknik-industri`.`Kordinator`.`nama`, `umri-teknik-industri`.`Kordinator`.`no_hp`, `umri-teknik-industri`.`Kordinator`.`nidn`, `umri-teknik-industri`.`Kordinator`.`jabatan`, `umri-teknik-industri`.`Kordinator`.`username`, `umri-teknik-industri`.`Kordinator`.`password`, `umri-teknik-industri`.`Kordinator`.`email`, `umri-teknik-industri`.`Kordinator`.`status`, `umri-teknik-industri`.`Kordinator`.`remember_token`, `umri-teknik-industri`.`Kordinator`.`created_at`, `umri-teknik-industri`.`Kordinator`.`update_at` FROM `umri-teknik-industri`.`Kordinator` WHERE `umri-teknik-industri`.`Kordinator`.`username` = ? LIMIT ? OFFSET ?","target":"quaint::connector::metrics","timestamp":"2024-07-29T06:34:16.347Z"},"timestamp":"2024-07-29T06:34:16.347Z"}
{"level":"info","message":{"duration":0,"params":"[\"12312312312\",1,0]","query":"SELECT `umri-teknik-industri`.`Kordinator`.`id`, `umri-teknik-industri`.`Kordinator`.`nama`, `umri-teknik-industri`.`Kordinator`.`no_hp`, `umri-teknik-industri`.`Kordinator`.`nidn`, `umri-teknik-industri`.`Kordinator`.`jabatan`, `umri-teknik-industri`.`Kordinator`.`username`, `umri-teknik-industri`.`Kordinator`.`password`, `umri-teknik-industri`.`Kordinator`.`email`, `umri-teknik-industri`.`Kordinator`.`status`, `umri-teknik-industri`.`Kordinator`.`remember_token`, `umri-teknik-industri`.`Kordinator`.`created_at`, `umri-teknik-industri`.`Kordinator`.`update_at` FROM `umri-teknik-industri`.`Kordinator` WHERE `umri-teknik-industri`.`Kordinator`.`username` = ? LIMIT ? OFFSET ?","target":"quaint::connector::metrics","timestamp":"2024-07-29T06:34:16.862Z"},"timestamp":"2024-07-29T06:34:16.862Z"}
{"level":"info","message":{"duration":0,"params":"[]","query":"SELECT 1","target":"quaint::connector::metrics","timestamp":"2024-07-29T06:34:40.682Z"},"timestamp":"2024-07-29T06:34:40.682Z"}
{"level":"info","message":{"duration":0,"params":"[\"123412341234\",1,0]","query":"SELECT `umri-teknik-industri`.`Kordinator`.`id`, `umri-teknik-industri`.`Kordinator`.`nama`, `umri-teknik-industri`.`Kordinator`.`no_hp`, `umri-teknik-industri`.`Kordinator`.`nidn`, `umri-teknik-industri`.`Kordinator`.`jabatan`, `umri-teknik-industri`.`Kordinator`.`username`, `umri-teknik-industri`.`Kordinator`.`password`, `umri-teknik-industri`.`Kordinator`.`email`, `umri-teknik-industri`.`Kordinator`.`status`, `umri-teknik-industri`.`Kordinator`.`remember_token`, `umri-teknik-industri`.`Kordinator`.`created_at`, `umri-teknik-industri`.`Kordinator`.`update_at` FROM `umri-teknik-industri`.`Kordinator` WHERE `umri-teknik-industri`.`Kordinator`.`username` = ? LIMIT ? OFFSET ?","target":"quaint::connector::metrics","timestamp":"2024-07-29T06:34:40.682Z"},"timestamp":"2024-07-29T06:34:40.682Z"}
{"level":"error","message":"Class constructor Response cannot be invoked without 'new'","timestamp":"2024-07-29T06:34:40.739Z"}
{"level":"info","message":"Server Running on Port : 3001","timestamp":"2024-07-29T06:35:04.881Z"}
{"level":"info","message":"Starting a mysql pool with 13 connections.","target":"quaint::pooled","timestamp":"2024-07-29T06:35:05.858Z"}
{"level":"info","message":{"duration":0,"params":"[\"123412341234\",1,0]","query":"SELECT `umri-teknik-industri`.`Kordinator`.`id`, `umri-teknik-industri`.`Kordinator`.`nama`, `umri-teknik-industri`.`Kordinator`.`no_hp`, `umri-teknik-industri`.`Kordinator`.`nidn`, `umri-teknik-industri`.`Kordinator`.`jabatan`, `umri-teknik-industri`.`Kordinator`.`username`, `umri-teknik-industri`.`Kordinator`.`password`, `umri-teknik-industri`.`Kordinator`.`email`, `umri-teknik-industri`.`Kordinator`.`status`, `umri-teknik-industri`.`Kordinator`.`remember_token`, `umri-teknik-industri`.`Kordinator`.`created_at`, `umri-teknik-industri`.`Kordinator`.`update_at` FROM `umri-teknik-industri`.`Kordinator` WHERE `umri-teknik-industri`.`Kordinator`.`username` = ? LIMIT ? OFFSET ?","target":"quaint::connector::metrics","timestamp":"2024-07-29T06:35:05.863Z"},"timestamp":"2024-07-29T06:35:05.863Z"}
{"level":"info","message":{"duration":0,"params":"[\"123412341234\",1,0]","query":"SELECT `umri-teknik-industri`.`Kordinator`.`id`, `umri-teknik-industri`.`Kordinator`.`nama`, `umri-teknik-industri`.`Kordinator`.`no_hp`, `umri-teknik-industri`.`Kordinator`.`nidn`, `umri-teknik-industri`.`Kordinator`.`jabatan`, `umri-teknik-industri`.`Kordinator`.`username`, `umri-teknik-industri`.`Kordinator`.`password`, `umri-teknik-industri`.`Kordinator`.`email`, `umri-teknik-industri`.`Kordinator`.`status`, `umri-teknik-industri`.`Kordinator`.`remember_token`, `umri-teknik-industri`.`Kordinator`.`created_at`, `umri-teknik-industri`.`Kordinator`.`update_at` FROM `umri-teknik-industri`.`Kordinator` WHERE `umri-teknik-industri`.`Kordinator`.`username` = ? LIMIT ? OFFSET ?","target":"quaint::connector::metrics","timestamp":"2024-07-29T06:35:14.404Z"},"timestamp":"2024-07-29T06:35:14.404Z"}
{"level":"info","message":{"duration":0,"params":"[\"123412341234\",1,0]","query":"SELECT `umri-teknik-industri`.`Kordinator`.`id`, `umri-teknik-industri`.`Kordinator`.`nama`, `umri-teknik-industri`.`Kordinator`.`no_hp`, `umri-teknik-industri`.`Kordinator`.`nidn`, `umri-teknik-industri`.`Kordinator`.`jabatan`, `umri-teknik-industri`.`Kordinator`.`username`, `umri-teknik-industri`.`Kordinator`.`password`, `umri-teknik-industri`.`Kordinator`.`email`, `umri-teknik-industri`.`Kordinator`.`status`, `umri-teknik-industri`.`Kordinator`.`remember_token`, `umri-teknik-industri`.`Kordinator`.`created_at`, `umri-teknik-industri`.`Kordinator`.`update_at` FROM `umri-teknik-industri`.`Kordinator` WHERE `umri-teknik-industri`.`Kordinator`.`username` = ? LIMIT ? OFFSET ?","target":"quaint::connector::metrics","timestamp":"2024-07-29T06:35:19.562Z"},"timestamp":"2024-07-29T06:35:19.562Z"}
{"level":"info","message":"Server Running on Port : 3001","timestamp":"2024-07-29T06:36:33.115Z"}
{"level":"info","message":"Server Running on Port : 3001","timestamp":"2024-07-29T06:36:49.885Z"}
{"level":"info","message":"Server Running on Port : 3001","timestamp":"2024-07-29T06:36:56.810Z"}
{"level":"info","message":"Server Running on Port : 3001","timestamp":"2024-07-29T06:37:32.614Z"}
{"level":"info","message":"Server Running on Port : 3001","timestamp":"2024-07-29T06:38:41.361Z"}
{"level":"info","message":"Server Running on Port : 3001","timestamp":"2024-07-29T06:38:47.353Z"}
{"level":"info","message":"Server Running on Port : 3001","timestamp":"2024-07-29T06:39:04.088Z"}
{"level":"info","message":"Server Running on Port : 3001","timestamp":"2024-07-29T06:40:35.387Z"}
{"level":"info","message":"Server Running on Port : 3001","timestamp":"2024-07-29T06:40:56.933Z"}
{"level":"info","message":"Server Running on Port : 3001","timestamp":"2024-07-29T06:41:33.825Z"}
{"level":"info","message":"Server Running on Port : 3001","timestamp":"2024-07-29T06:41:46.751Z"}
{"level":"info","message":"Server Running on Port : 3001","timestamp":"2024-07-29T06:42:21.546Z"}
{"level":"info","message":"Server Running on Port : 3001","timestamp":"2024-07-29T06:42:26.158Z"}
{"level":"info","message":"Server Running on Port : 3001","timestamp":"2024-07-29T06:42:42.021Z"}
{"level":"info","message":"Server Running on Port : 3001","timestamp":"2024-07-29T06:44:29.304Z"}
{"level":"info","message":"Server Running on Port : 3001","timestamp":"2024-07-29T06:45:11.713Z"}
{"level":"info","message":"Server Running on Port : 3001","timestamp":"2024-07-29T06:46:06.009Z"}
{"level":"info","message":"Server Running on Port : 3001","timestamp":"2024-07-29T06:46:12.434Z"}
{"level":"info","message":"Server Running on Port : 3001","timestamp":"2024-07-29T06:46:57.825Z"}
{"level":"info","message":"Server Running on Port : 3001","timestamp":"2024-07-29T06:47:04.295Z"}
{"level":"info","message":"Server Running on Port : 3001","timestamp":"2024-07-29T06:48:44.316Z"}
{"level":"info","message":"Server Running on Port : 3001","timestamp":"2024-07-29T06:49:09.043Z"}
{"level":"info","message":"Server Running on Port : 3001","timestamp":"2024-07-29T06:49:18.622Z"}
{"level":"info","message":"Server Running on Port : 3001","timestamp":"2024-07-29T06:49:27.264Z"}
{"level":"info","message":"Server Running on Port : 3001","timestamp":"2024-07-29T06:49:59.120Z"}
{"level":"info","message":"Server Running on Port : 3001","timestamp":"2024-07-29T06:50:03.192Z"}
{"level":"info","message":"Server Running on Port : 3001","timestamp":"2024-07-29T06:50:04.338Z"}
{"level":"info","message":"Server Running on Port : 3001","timestamp":"2024-07-29T06:50:07.956Z"}
{"level":"info","message":"Server Running on Port : 3001","timestamp":"2024-07-29T06:51:30.371Z"}
{"level":"info","message":"Server Running on Port : 3001","timestamp":"2024-07-29T07:08:29.850Z"}
{"level":"info","message":"Starting a mysql pool with 13 connections.","target":"quaint::pooled","timestamp":"2024-07-29T07:08:55.015Z"}
{"level":"info","message":{"duration":0,"params":"[\"466f5b35-4ebd-4742-8310-e160e9fe8796\",1,0]","query":"SELECT `umri-teknik-industri`.`Kordinator`.`id`, `umri-teknik-industri`.`Kordinator`.`nama`, `umri-teknik-industri`.`Kordinator`.`no_hp`, `umri-teknik-industri`.`Kordinator`.`nidn`, `umri-teknik-industri`.`Kordinator`.`jabatan`, `umri-teknik-industri`.`Kordinator`.`username`, `umri-teknik-industri`.`Kordinator`.`password`, `umri-teknik-industri`.`Kordinator`.`email`, `umri-teknik-industri`.`Kordinator`.`status`, `umri-teknik-industri`.`Kordinator`.`remember_token`, `umri-teknik-industri`.`Kordinator`.`created_at`, `umri-teknik-industri`.`Kordinator`.`update_at` FROM `umri-teknik-industri`.`Kordinator` WHERE `umri-teknik-industri`.`Kordinator`.`id` = ? LIMIT ? OFFSET ?","target":"quaint::connector::metrics","timestamp":"2024-07-29T07:08:55.021Z"},"timestamp":"2024-07-29T07:08:55.021Z"}
{"level":"info","message":{"duration":0,"params":"[\"466f5b35-4ebd-4742-8310-e160e9fe8796\",1,0]","query":"SELECT `umri-teknik-industri`.`Kordinator`.`id`, `umri-teknik-industri`.`Kordinator`.`nama`, `umri-teknik-industri`.`Kordinator`.`no_hp`, `umri-teknik-industri`.`Kordinator`.`nidn`, `umri-teknik-industri`.`Kordinator`.`jabatan`, `umri-teknik-industri`.`Kordinator`.`username`, `umri-teknik-industri`.`Kordinator`.`password`, `umri-teknik-industri`.`Kordinator`.`email`, `umri-teknik-industri`.`Kordinator`.`status`, `umri-teknik-industri`.`Kordinator`.`remember_token`, `umri-teknik-industri`.`Kordinator`.`created_at`, `umri-teknik-industri`.`Kordinator`.`update_at` FROM `umri-teknik-industri`.`Kordinator` WHERE `umri-teknik-industri`.`Kordinator`.`id` = ? LIMIT ? OFFSET ?","target":"quaint::connector::metrics","timestamp":"2024-07-29T07:08:56.357Z"},"timestamp":"2024-07-29T07:08:56.357Z"}
{"level":"info","message":{"duration":0,"params":"[\"466f5b35-4ebd-4742-8310-e160e9fe8796\",1,0]","query":"SELECT `umri-teknik-industri`.`Kordinator`.`id`, `umri-teknik-industri`.`Kordinator`.`nama`, `umri-teknik-industri`.`Kordinator`.`no_hp`, `umri-teknik-industri`.`Kordinator`.`nidn`, `umri-teknik-industri`.`Kordinator`.`jabatan`, `umri-teknik-industri`.`Kordinator`.`username`, `umri-teknik-industri`.`Kordinator`.`password`, `umri-teknik-industri`.`Kordinator`.`email`, `umri-teknik-industri`.`Kordinator`.`status`, `umri-teknik-industri`.`Kordinator`.`remember_token`, `umri-teknik-industri`.`Kordinator`.`created_at`, `umri-teknik-industri`.`Kordinator`.`update_at` FROM `umri-teknik-industri`.`Kordinator` WHERE `umri-teknik-industri`.`Kordinator`.`id` = ? LIMIT ? OFFSET ?","target":"quaint::connector::metrics","timestamp":"2024-07-29T07:08:56.888Z"},"timestamp":"2024-07-29T07:08:56.888Z"}
{"level":"info","message":{"duration":0,"params":"[\"466f5b35-4ebd-4742-8310-e160e9fe8796\",1,0]","query":"SELECT `umri-teknik-industri`.`Kordinator`.`id`, `umri-teknik-industri`.`Kordinator`.`nama`, `umri-teknik-industri`.`Kordinator`.`no_hp`, `umri-teknik-industri`.`Kordinator`.`nidn`, `umri-teknik-industri`.`Kordinator`.`jabatan`, `umri-teknik-industri`.`Kordinator`.`username`, `umri-teknik-industri`.`Kordinator`.`password`, `umri-teknik-industri`.`Kordinator`.`email`, `umri-teknik-industri`.`Kordinator`.`status`, `umri-teknik-industri`.`Kordinator`.`remember_token`, `umri-teknik-industri`.`Kordinator`.`created_at`, `umri-teknik-industri`.`Kordinator`.`update_at` FROM `umri-teknik-industri`.`Kordinator` WHERE `umri-teknik-industri`.`Kordinator`.`id` = ? LIMIT ? OFFSET ?","target":"quaint::connector::metrics","timestamp":"2024-07-29T07:08:57.371Z"},"timestamp":"2024-07-29T07:08:57.371Z"}
{"level":"info","message":{"duration":0,"params":"[\"466f5b35-4ebd-4742-8310-e160e9fe8796\",1,0]","query":"SELECT `umri-teknik-industri`.`Kordinator`.`id`, `umri-teknik-industri`.`Kordinator`.`nama`, `umri-teknik-industri`.`Kordinator`.`no_hp`, `umri-teknik-industri`.`Kordinator`.`nidn`, `umri-teknik-industri`.`Kordinator`.`jabatan`, `umri-teknik-industri`.`Kordinator`.`username`, `umri-teknik-industri`.`Kordinator`.`password`, `umri-teknik-industri`.`Kordinator`.`email`, `umri-teknik-industri`.`Kordinator`.`status`, `umri-teknik-industri`.`Kordinator`.`remember_token`, `umri-teknik-industri`.`Kordinator`.`created_at`, `umri-teknik-industri`.`Kordinator`.`update_at` FROM `umri-teknik-industri`.`Kordinator` WHERE `umri-teknik-industri`.`Kordinator`.`id` = ? LIMIT ? OFFSET ?","target":"quaint::connector::metrics","timestamp":"2024-07-29T07:08:57.940Z"},"timestamp":"2024-07-29T07:08:57.941Z"}
{"level":"info","message":{"duration":0,"params":"[\"466f5b35-4ebd-4742-8310-e160e9fe8796\",1,0]","query":"SELECT `umri-teknik-industri`.`Kordinator`.`id`, `umri-teknik-industri`.`Kordinator`.`nama`, `umri-teknik-industri`.`Kordinator`.`no_hp`, `umri-teknik-industri`.`Kordinator`.`nidn`, `umri-teknik-industri`.`Kordinator`.`jabatan`, `umri-teknik-industri`.`Kordinator`.`username`, `umri-teknik-industri`.`Kordinator`.`password`, `umri-teknik-industri`.`Kordinator`.`email`, `umri-teknik-industri`.`Kordinator`.`status`, `umri-teknik-industri`.`Kordinator`.`remember_token`, `umri-teknik-industri`.`Kordinator`.`created_at`, `umri-teknik-industri`.`Kordinator`.`update_at` FROM `umri-teknik-industri`.`Kordinator` WHERE `umri-teknik-industri`.`Kordinator`.`id` = ? LIMIT ? OFFSET ?","target":"quaint::connector::metrics","timestamp":"2024-07-29T07:08:58.316Z"},"timestamp":"2024-07-29T07:08:58.316Z"}
{"level":"info","message":"Server Running on Port : 3001","timestamp":"2024-07-29T07:11:08.470Z"}
{"level":"info","message":"Server Running on Port : 3001","timestamp":"2024-07-29T07:11:44.678Z"}
{"level":"info","message":"Server Running on Port : 3001","timestamp":"2024-07-29T07:13:28.393Z"}
{"level":"info","message":"Server Running on Port : 3001","timestamp":"2024-07-29T07:13:29.534Z"}
{"level":"info","message":"Server Running on Port : 3001","timestamp":"2024-07-29T07:13:30.517Z"}
{"level":"info","message":"Server Running on Port : 3001","timestamp":"2024-07-29T07:13:36.547Z"}
{"level":"info","message":"Server Running on Port : 3001","timestamp":"2024-07-29T07:14:13.137Z"}
{"level":"info","message":"Starting a mysql pool with 13 connections.","target":"quaint::pooled","timestamp":"2024-07-29T07:14:20.840Z"}
{"level":"info","message":{"duration":0,"params":"[\"123412341234\",1,0]","query":"SELECT `umri-teknik-industri`.`Kordinator`.`id`, `umri-teknik-industri`.`Kordinator`.`nama`, `umri-teknik-industri`.`Kordinator`.`no_hp`, `umri-teknik-industri`.`Kordinator`.`nidn`, `umri-teknik-industri`.`Kordinator`.`jabatan`, `umri-teknik-industri`.`Kordinator`.`username`, `umri-teknik-industri`.`Kordinator`.`password`, `umri-teknik-industri`.`Kordinator`.`email`, `umri-teknik-industri`.`Kordinator`.`status`, `umri-teknik-industri`.`Kordinator`.`remember_token`, `umri-teknik-industri`.`Kordinator`.`created_at`, `umri-teknik-industri`.`Kordinator`.`update_at` FROM `umri-teknik-industri`.`Kordinator` WHERE `umri-teknik-industri`.`Kordinator`.`username` = ? LIMIT ? OFFSET ?","target":"quaint::connector::metrics","timestamp":"2024-07-29T07:14:20.846Z"},"timestamp":"2024-07-29T07:14:20.846Z"}
{"level":"info","message":{"duration":0,"params":"[]","query":"BEGIN","target":"quaint::connector::metrics","timestamp":"2024-07-29T07:14:20.907Z"},"timestamp":"2024-07-29T07:14:20.907Z"}
{"level":"info","message":{"duration":0,"params":"[\"466f5b35-4ebd-4742-8310-e160e9fe8796\"]","query":"SELECT `umri-teknik-industri`.`Kordinator`.`id` FROM `umri-teknik-industri`.`Kordinator` WHERE (`umri-teknik-industri`.`Kordinator`.`id` = ? AND 1=1)","target":"quaint::connector::metrics","timestamp":"2024-07-29T07:14:20.908Z"},"timestamp":"2024-07-29T07:14:20.908Z"}
{"level":"info","message":{"duration":1,"params":"[\"eyJhbGciOiJIUzI1NiIsInR5cCI6IkpXVCJ9.eyJpZCI6IjQ2NmY1YjM1LTRlYmQtNDc0Mi04MzEwLWUxNjBlOWZlODc5NiIsInJvbGUiOiJrb3JkaW5hdG9yIiwiaWF0IjoxNzIyMjM3MjYwLCJleHAiOjE3MjI4NDIwNjB9.A5QT4veLlnpB-sfr2rPLs8daLH7lIXIpvr_XqOzJrxM\",\"2024-07-29 07:14:20.907 UTC\",\"466f5b35-4ebd-4742-8310-e160e9fe8796\",\"466f5b35-4ebd-4742-8310-e160e9fe8796\"]","query":"UPDATE `umri-teknik-industri`.`Kordinator` SET `remember_token` = ?, `update_at` = ? WHERE (`umri-teknik-industri`.`Kordinator`.`id` IN (?) AND (`umri-teknik-industri`.`Kordinator`.`id` = ? AND 1=1))","target":"quaint::connector::metrics","timestamp":"2024-07-29T07:14:20.911Z"},"timestamp":"2024-07-29T07:14:20.911Z"}
{"level":"info","message":{"duration":0,"params":"[\"466f5b35-4ebd-4742-8310-e160e9fe8796\",1,0]","query":"SELECT `umri-teknik-industri`.`Kordinator`.`id`, `umri-teknik-industri`.`Kordinator`.`nama`, `umri-teknik-industri`.`Kordinator`.`no_hp`, `umri-teknik-industri`.`Kordinator`.`nidn`, `umri-teknik-industri`.`Kordinator`.`jabatan`, `umri-teknik-industri`.`Kordinator`.`username`, `umri-teknik-industri`.`Kordinator`.`password`, `umri-teknik-industri`.`Kordinator`.`email`, `umri-teknik-industri`.`Kordinator`.`status`, `umri-teknik-industri`.`Kordinator`.`remember_token`, `umri-teknik-industri`.`Kordinator`.`created_at`, `umri-teknik-industri`.`Kordinator`.`update_at` FROM `umri-teknik-industri`.`Kordinator` WHERE `umri-teknik-industri`.`Kordinator`.`id` = ? LIMIT ? OFFSET ?","target":"quaint::connector::metrics","timestamp":"2024-07-29T07:14:20.912Z"},"timestamp":"2024-07-29T07:14:20.912Z"}
{"level":"info","message":{"duration":0,"params":"[]","query":"COMMIT","target":"quaint::connector::metrics","timestamp":"2024-07-29T07:14:20.914Z"},"timestamp":"2024-07-29T07:14:20.914Z"}
{"level":"info","message":"Server Running on Port : 3001","timestamp":"2024-07-29T07:14:53.936Z"}
{"level":"info","message":"Server Running on Port : 3001","timestamp":"2024-07-29T09:32:59.834Z"}
{"level":"info","message":"Server Running on Port : 3001","timestamp":"2024-07-29T09:35:05.644Z"}
{"level":"info","message":"Server Running on Port : 3001","timestamp":"2024-07-29T09:35:06.338Z"}
{"level":"info","message":"Server Running on Port : 3001","timestamp":"2024-07-29T09:35:46.678Z"}
{"level":"info","message":"Server Running on Port : 3001","timestamp":"2024-07-29T09:36:26.199Z"}
{"level":"info","message":"Starting a mysql pool with 13 connections.","target":"quaint::pooled","timestamp":"2024-07-29T09:36:35.783Z"}
{"level":"info","message":{"duration":1,"params":"[\"466f5b35-4ebd-4742-8310-e160e9fe8796\",1,0]","query":"SELECT `umri-teknik-industri`.`Kordinator`.`id`, `umri-teknik-industri`.`Kordinator`.`nama`, `umri-teknik-industri`.`Kordinator`.`no_hp`, `umri-teknik-industri`.`Kordinator`.`nidn`, `umri-teknik-industri`.`Kordinator`.`jabatan`, `umri-teknik-industri`.`Kordinator`.`username`, `umri-teknik-industri`.`Kordinator`.`email`, `umri-teknik-industri`.`Kordinator`.`status`, `umri-teknik-industri`.`Kordinator`.`remember_token` FROM `umri-teknik-industri`.`Kordinator` WHERE `umri-teknik-industri`.`Kordinator`.`id` = ? LIMIT ? OFFSET ?","target":"quaint::connector::metrics","timestamp":"2024-07-29T09:36:35.815Z"},"timestamp":"2024-07-29T09:36:35.815Z"}
{"level":"info","message":{"duration":0,"params":"[\"466f5b35-4ebd-4742-8310-e160e9fe8796\",1,0]","query":"SELECT `umri-teknik-industri`.`Kordinator`.`id`, `umri-teknik-industri`.`Kordinator`.`nama`, `umri-teknik-industri`.`Kordinator`.`no_hp`, `umri-teknik-industri`.`Kordinator`.`nidn`, `umri-teknik-industri`.`Kordinator`.`jabatan`, `umri-teknik-industri`.`Kordinator`.`username`, `umri-teknik-industri`.`Kordinator`.`email`, `umri-teknik-industri`.`Kordinator`.`status`, `umri-teknik-industri`.`Kordinator`.`remember_token` FROM `umri-teknik-industri`.`Kordinator` WHERE `umri-teknik-industri`.`Kordinator`.`id` = ? LIMIT ? OFFSET ?","target":"quaint::connector::metrics","timestamp":"2024-07-29T09:36:36.622Z"},"timestamp":"2024-07-29T09:36:36.622Z"}
{"level":"info","message":{"duration":0,"params":"[\"466f5b35-4ebd-4742-8310-e160e9fe8796\",1,0]","query":"SELECT `umri-teknik-industri`.`Kordinator`.`id`, `umri-teknik-industri`.`Kordinator`.`nama`, `umri-teknik-industri`.`Kordinator`.`no_hp`, `umri-teknik-industri`.`Kordinator`.`nidn`, `umri-teknik-industri`.`Kordinator`.`jabatan`, `umri-teknik-industri`.`Kordinator`.`username`, `umri-teknik-industri`.`Kordinator`.`email`, `umri-teknik-industri`.`Kordinator`.`status`, `umri-teknik-industri`.`Kordinator`.`remember_token` FROM `umri-teknik-industri`.`Kordinator` WHERE `umri-teknik-industri`.`Kordinator`.`id` = ? LIMIT ? OFFSET ?","target":"quaint::connector::metrics","timestamp":"2024-07-29T09:36:37.327Z"},"timestamp":"2024-07-29T09:36:37.327Z"}
{"level":"info","message":{"duration":0,"params":"[\"466f5b35-4ebd-4742-8310-e160e9fe8796\",1,0]","query":"SELECT `umri-teknik-industri`.`Kordinator`.`id`, `umri-teknik-industri`.`Kordinator`.`nama`, `umri-teknik-industri`.`Kordinator`.`no_hp`, `umri-teknik-industri`.`Kordinator`.`nidn`, `umri-teknik-industri`.`Kordinator`.`jabatan`, `umri-teknik-industri`.`Kordinator`.`username`, `umri-teknik-industri`.`Kordinator`.`email`, `umri-teknik-industri`.`Kordinator`.`status`, `umri-teknik-industri`.`Kordinator`.`remember_token` FROM `umri-teknik-industri`.`Kordinator` WHERE `umri-teknik-industri`.`Kordinator`.`id` = ? LIMIT ? OFFSET ?","target":"quaint::connector::metrics","timestamp":"2024-07-29T09:36:37.891Z"},"timestamp":"2024-07-29T09:36:37.891Z"}
{"level":"info","message":{"duration":0,"params":"[\"466f5b35-4ebd-4742-8310-e160e9fe8796\",1,0]","query":"SELECT `umri-teknik-industri`.`Kordinator`.`id`, `umri-teknik-industri`.`Kordinator`.`nama`, `umri-teknik-industri`.`Kordinator`.`no_hp`, `umri-teknik-industri`.`Kordinator`.`nidn`, `umri-teknik-industri`.`Kordinator`.`jabatan`, `umri-teknik-industri`.`Kordinator`.`username`, `umri-teknik-industri`.`Kordinator`.`email`, `umri-teknik-industri`.`Kordinator`.`status`, `umri-teknik-industri`.`Kordinator`.`remember_token` FROM `umri-teknik-industri`.`Kordinator` WHERE `umri-teknik-industri`.`Kordinator`.`id` = ? LIMIT ? OFFSET ?","target":"quaint::connector::metrics","timestamp":"2024-07-29T09:36:38.477Z"},"timestamp":"2024-07-29T09:36:38.477Z"}
{"level":"info","message":{"duration":0,"params":"[]","query":"SELECT 1","target":"quaint::connector::metrics","timestamp":"2024-07-29T09:36:58.221Z"},"timestamp":"2024-07-29T09:36:58.221Z"}
{"level":"info","message":{"duration":0,"params":"[\"466f5b35-4ebd-4742-8310-e160e9fe8796\",1,0]","query":"SELECT `umri-teknik-industri`.`Kordinator`.`id`, `umri-teknik-industri`.`Kordinator`.`nama`, `umri-teknik-industri`.`Kordinator`.`no_hp`, `umri-teknik-industri`.`Kordinator`.`nidn`, `umri-teknik-industri`.`Kordinator`.`jabatan`, `umri-teknik-industri`.`Kordinator`.`username`, `umri-teknik-industri`.`Kordinator`.`email`, `umri-teknik-industri`.`Kordinator`.`status`, `umri-teknik-industri`.`Kordinator`.`remember_token` FROM `umri-teknik-industri`.`Kordinator` WHERE `umri-teknik-industri`.`Kordinator`.`id` = ? LIMIT ? OFFSET ?","target":"quaint::connector::metrics","timestamp":"2024-07-29T09:36:58.221Z"},"timestamp":"2024-07-29T09:36:58.221Z"}
{"level":"info","message":{"duration":0,"params":"[]","query":"SELECT 1","target":"quaint::connector::metrics","timestamp":"2024-07-29T09:37:26.031Z"},"timestamp":"2024-07-29T09:37:26.031Z"}
{"level":"info","message":{"duration":0,"params":"[\"466f5b35-4ebd-4742-8310-e160e9fe8796\",1,0]","query":"SELECT `umri-teknik-industri`.`Kordinator`.`id`, `umri-teknik-industri`.`Kordinator`.`nama`, `umri-teknik-industri`.`Kordinator`.`no_hp`, `umri-teknik-industri`.`Kordinator`.`nidn`, `umri-teknik-industri`.`Kordinator`.`jabatan`, `umri-teknik-industri`.`Kordinator`.`username`, `umri-teknik-industri`.`Kordinator`.`email`, `umri-teknik-industri`.`Kordinator`.`status`, `umri-teknik-industri`.`Kordinator`.`remember_token` FROM `umri-teknik-industri`.`Kordinator` WHERE `umri-teknik-industri`.`Kordinator`.`id` = ? LIMIT ? OFFSET ?","target":"quaint::connector::metrics","timestamp":"2024-07-29T09:37:26.031Z"},"timestamp":"2024-07-29T09:37:26.032Z"}
{"level":"info","message":"Server Running on Port : 3001","timestamp":"2024-07-29T09:38:07.125Z"}
{"level":"info","message":"Server Running on Port : 3001","timestamp":"2024-07-29T09:38:49.899Z"}
{"level":"info","message":"Server Running on Port : 3001","timestamp":"2024-07-29T09:38:56.136Z"}
{"level":"info","message":"Server Running on Port : 3001","timestamp":"2024-07-29T09:39:50.519Z"}
{"level":"info","message":"Server Running on Port : 3001","timestamp":"2024-07-29T09:40:35.093Z"}
{"level":"info","message":"Server Running on Port : 3001","timestamp":"2024-07-29T09:40:46.976Z"}
{"level":"info","message":"Server Running on Port : 3001","timestamp":"2024-07-29T09:41:08.551Z"}
{"level":"info","message":"Server Running on Port : 3001","timestamp":"2024-07-29T09:41:10.722Z"}
{"level":"info","message":"Server Running on Port : 3001","timestamp":"2024-07-29T09:41:31.764Z"}
{"level":"info","message":"Server Running on Port : 3001","timestamp":"2024-07-29T09:41:32.833Z"}
{"level":"info","message":"Starting a mysql pool with 13 connections.","target":"quaint::pooled","timestamp":"2024-07-29T09:41:44.953Z"}
{"level":"info","message":{"duration":0,"params":"[]","query":"SELECT `umri-teknik-industri`.`Kordinator`.`id`, `umri-teknik-industri`.`Kordinator`.`nama`, `umri-teknik-industri`.`Kordinator`.`no_hp`, `umri-teknik-industri`.`Kordinator`.`nidn`, `umri-teknik-industri`.`Kordinator`.`jabatan`, `umri-teknik-industri`.`Kordinator`.`username`, `umri-teknik-industri`.`Kordinator`.`email`, `umri-teknik-industri`.`Kordinator`.`status`, `umri-teknik-industri`.`Kordinator`.`remember_token` FROM `umri-teknik-industri`.`Kordinator` WHERE 1=1","target":"quaint::connector::metrics","timestamp":"2024-07-29T09:41:44.959Z"},"timestamp":"2024-07-29T09:41:44.959Z"}
{"level":"info","message":{"duration":0,"params":"[\"466f5b35-4ebd-4742-8310-e160e9fe8796\",1,0]","query":"SELECT `umri-teknik-industri`.`Kordinator`.`id`, `umri-teknik-industri`.`Kordinator`.`nama`, `umri-teknik-industri`.`Kordinator`.`no_hp`, `umri-teknik-industri`.`Kordinator`.`nidn`, `umri-teknik-industri`.`Kordinator`.`jabatan`, `umri-teknik-industri`.`Kordinator`.`username`, `umri-teknik-industri`.`Kordinator`.`email`, `umri-teknik-industri`.`Kordinator`.`status`, `umri-teknik-industri`.`Kordinator`.`remember_token` FROM `umri-teknik-industri`.`Kordinator` WHERE `umri-teknik-industri`.`Kordinator`.`id` = ? LIMIT ? OFFSET ?","target":"quaint::connector::metrics","timestamp":"2024-07-29T09:41:53.581Z"},"timestamp":"2024-07-29T09:41:53.581Z"}
{"level":"info","message":{"duration":0,"params":"[]","query":"SELECT 1","target":"quaint::connector::metrics","timestamp":"2024-07-29T09:42:13.873Z"},"timestamp":"2024-07-29T09:42:13.873Z"}
{"level":"info","message":{"duration":0,"params":"[]","query":"SELECT `umri-teknik-industri`.`Kordinator`.`id`, `umri-teknik-industri`.`Kordinator`.`nama`, `umri-teknik-industri`.`Kordinator`.`no_hp`, `umri-teknik-industri`.`Kordinator`.`nidn`, `umri-teknik-industri`.`Kordinator`.`jabatan`, `umri-teknik-industri`.`Kordinator`.`username`, `umri-teknik-industri`.`Kordinator`.`email`, `umri-teknik-industri`.`Kordinator`.`status`, `umri-teknik-industri`.`Kordinator`.`remember_token` FROM `umri-teknik-industri`.`Kordinator` WHERE 1=1","target":"quaint::connector::metrics","timestamp":"2024-07-29T09:42:13.874Z"},"timestamp":"2024-07-29T09:42:13.874Z"}
{"level":"info","message":"Server Running on Port : 3001","timestamp":"2024-07-29T09:43:50.847Z"}
{"level":"info","message":"Server Running on Port : 3001","timestamp":"2024-07-29T09:44:26.023Z"}
{"level":"info","message":"Server Running on Port : 3001","timestamp":"2024-07-29T09:44:28.517Z"}
{"level":"info","message":"Server Running on Port : 3001","timestamp":"2024-07-29T09:44:35.989Z"}
{"level":"info","message":"Server Running on Port : 3001","timestamp":"2024-07-29T09:44:39.970Z"}
{"level":"info","message":"Server Running on Port : 3001","timestamp":"2024-07-29T09:44:50.754Z"}
{"level":"info","message":"Server Running on Port : 3001","timestamp":"2024-07-29T09:45:06.569Z"}
{"level":"info","message":"Server Running on Port : 3001","timestamp":"2024-07-29T09:45:46.980Z"}
{"level":"info","message":"Server Running on Port : 3001","timestamp":"2024-07-29T09:46:24.100Z"}
{"level":"info","message":"Server Running on Port : 3001","timestamp":"2024-07-29T09:46:51.228Z"}
{"level":"info","message":"Server Running on Port : 3001","timestamp":"2024-07-29T09:47:11.406Z"}
{"level":"info","message":"Server Running on Port : 3001","timestamp":"2024-07-29T09:52:07.899Z"}
{"level":"info","message":"Server Running on Port : 3001","timestamp":"2024-07-29T09:59:26.523Z"}
